
mid Time 1 taken is 1.244600 core
mid Time 1 taken is 0.032209 maxlab
mid Time 1 taken is 0.000019 sigmalbeforetime
mid Time 1 taken is 0.131412 sigma
mid Time 1 taken is 0.000005 inv
mid Time 1 taken is 0.000047 kseed
mid Time 2 taken is 1.135156 core
mid Time 2 taken is 0.030150 maxlab
mid Time 2 taken is 0.000006 sigmalbeforetime
mid Time 2 taken is 0.121791 sigma
mid Time 2 taken is 0.000005 inv
mid Time 2 taken is 0.000018 kseed
mid Time 3 taken is 1.057285 core
mid Time 3 taken is 0.034796 maxlab
mid Time 3 taken is 0.000006 sigmalbeforetime
mid Time 3 taken is 0.130034 sigma
mid Time 3 taken is 0.000005 inv
mid Time 3 taken is 0.000018 kseed
mid Time 4 taken is 1.114492 core
mid Time 4 taken is 0.054134 maxlab
mid Time 4 taken is 0.000006 sigmalbeforetime
mid Time 4 taken is 0.108890 sigma
mid Time 4 taken is 0.000028 inv
mid Time 4 taken is 0.000018 kseed
mid Time 5 taken is 1.165476 core
mid Time 5 taken is 0.038172 maxlab
mid Time 5 taken is 0.000006 sigmalbeforetime
mid Time 5 taken is 0.086637 sigma
mid Time 5 taken is 0.000005 inv
mid Time 5 taken is 0.000019 kseed
mid Time 6 taken is 0.973322 core
mid Time 6 taken is 0.037612 maxlab
mid Time 6 taken is 0.000006 sigmalbeforetime
mid Time 6 taken is 0.086619 sigma
mid Time 6 taken is 0.000005 inv
mid Time 6 taken is 0.000018 kseed
mid Time 7 taken is 1.428025 core
mid Time 7 taken is 0.083895 maxlab
mid Time 7 taken is 0.000030 sigmalbeforetime
mid Time 7 taken is 0.102675 sigma
mid Time 7 taken is 0.000004 inv
mid Time 7 taken is 0.000022 kseed
mid Time 8 taken is 1.061416 core
mid Time 8 taken is 0.021823 maxlab
mid Time 8 taken is 0.000006 sigmalbeforetime
mid Time 8 taken is 0.093181 sigma
mid Time 8 taken is 0.000005 inv
mid Time 8 taken is 0.000018 kseed
mid Time 9 taken is 0.866618 core
mid Time 9 taken is 0.021863 maxlab
mid Time 9 taken is 0.000006 sigmalbeforetime
mid Time 9 taken is 0.098301 sigma
mid Time 9 taken is 0.000005 inv
mid Time 9 taken is 0.000018 kseed
mid Time 10 taken is 0.956137 core
mid Time 10 taken is 0.021846 maxlab
mid Time 10 taken is 0.000006 sigmalbeforetime
mid Time 10 taken is 0.089118 sigma
mid Time 10 taken is 0.000005 inv
mid Time 10 taken is 0.000018 kseed
Time taken is 0.843398
Time taken is 1.500972 0.657574 DetectLabEdges
Time taken is 1.501273 0.000301 GetLABXYSeeds_ForGivenK
Time taken is 1.501273 0.000000 PerformSuperpixelSegmentation_VariableSandM 31
Time taken is 1.501274 0.000000 PerformSuperpixelSegmentation_VariableSandM 32
Time taken is 1.501299 0.000026 PerformSuperpixelSegmentation_VariableSandM 33
Time taken is 3.124784 1.623485 PerformSuperpixelSegmentation_VariableSandM
Time taken is 15.670117 12.545334 PerformSuperpixelSegmentation_VariableSandM 循环
Time taken is 15.670141 0.000024 EnforceLabelConnectivity	numlable
Time taken is 15.718014 0.047873 EnforceLabelConnectivity	xvec yvec
Time taken is 22.103680 6.385666 EnforceLabelConnectivity iteration
Time taken is 22.219160 0.115480 EnforceLabelConnectivity klabelsComputing time=22219 ms
There are 0 points' labels are different from original file.
