
mid Time 1 taken is 15.870484 core
mid Time 1 taken is 0.992828 maxlab
mid Time 1 taken is 0.000005 sigmalbeforetime
mid Time 1 taken is 2.311564 sigma
mid Time 1 taken is 0.000002 inv
mid Time 1 taken is 0.000009 kseed
mid Time 2 taken is 15.408687 core
mid Time 2 taken is 0.993406 maxlab
mid Time 2 taken is 0.000004 sigmalbeforetime
mid Time 2 taken is 2.319044 sigma
mid Time 2 taken is 0.000002 inv
mid Time 2 taken is 0.000008 kseed
mid Time 3 taken is 15.351385 core
mid Time 3 taken is 1.000874 maxlab
mid Time 3 taken is 0.000004 sigmalbeforetime
mid Time 3 taken is 2.318616 sigma
mid Time 3 taken is 0.000002 inv
mid Time 3 taken is 0.000009 kseed
mid Time 4 taken is 15.357019 core
mid Time 4 taken is 0.992758 maxlab
mid Time 4 taken is 0.000004 sigmalbeforetime
mid Time 4 taken is 2.319110 sigma
mid Time 4 taken is 0.000002 inv
mid Time 4 taken is 0.000008 kseed
mid Time 5 taken is 15.365955 core
mid Time 5 taken is 1.000108 maxlab
mid Time 5 taken is 0.000004 sigmalbeforetime
mid Time 5 taken is 2.322516 sigma
mid Time 5 taken is 0.000002 inv
mid Time 5 taken is 0.000009 kseed
mid Time 6 taken is 15.372728 core
mid Time 6 taken is 1.001492 maxlab
mid Time 6 taken is 0.000004 sigmalbeforetime
mid Time 6 taken is 2.318347 sigma
mid Time 6 taken is 0.000002 inv
mid Time 6 taken is 0.000009 kseed
mid Time 7 taken is 15.358586 core
mid Time 7 taken is 0.992972 maxlab
mid Time 7 taken is 0.000004 sigmalbeforetime
mid Time 7 taken is 2.323618 sigma
mid Time 7 taken is 0.000002 inv
mid Time 7 taken is 0.000008 kseed
mid Time 8 taken is 15.341367 core
mid Time 8 taken is 0.998836 maxlab
mid Time 8 taken is 0.000004 sigmalbeforetime
mid Time 8 taken is 2.323021 sigma
mid Time 8 taken is 0.000002 inv
mid Time 8 taken is 0.000008 kseed
mid Time 9 taken is 15.361352 core
mid Time 9 taken is 1.001219 maxlab
mid Time 9 taken is 0.000004 sigmalbeforetime
mid Time 9 taken is 2.320632 sigma
mid Time 9 taken is 0.000002 inv
mid Time 9 taken is 0.000008 kseed
mid Time 10 taken is 15.355477 core
mid Time 10 taken is 1.010072 maxlab
mid Time 10 taken is 0.000005 sigmalbeforetime
mid Time 10 taken is 2.306694 sigma
mid Time 10 taken is 0.000002 inv
mid Time 10 taken is 0.000008 kseed
Time taken is 10.423973
Time taken is 13.790779 3.366806 DetectLabEdges
Time taken is 13.790955 0.000177 GetLABXYSeeds_ForGivenK
Time taken is 15.395271 1.604316 PerformSuperpixelSegmentation_VariableSandM
Time taken is 202.794187 187.398915 PerformSuperpixelSegmentation_VariableSandM 循环
Time taken is 207.530822 4.736636 EnforceLabelConnectivityComputing time=207530 ms
