
mid Time 1 taken is 1.351671 core
mid Time 1 taken is 0.031780 maxlab
mid Time 1 taken is 0.000020 sigmalbeforetime
mid Time 1 taken is 0.119084 sigma
mid Time 1 taken is 0.000005 inv
mid Time 1 taken is 0.000018 kseed
mid Time 2 taken is 1.078313 core
mid Time 2 taken is 0.030468 maxlab
mid Time 2 taken is 0.000006 sigmalbeforetime
mid Time 2 taken is 0.130963 sigma
mid Time 2 taken is 0.000006 inv
mid Time 2 taken is 0.000029 kseed
mid Time 3 taken is 1.400329 core
mid Time 3 taken is 0.054245 maxlab
mid Time 3 taken is 0.000005 sigmalbeforetime
mid Time 3 taken is 0.151369 sigma
mid Time 3 taken is 0.000005 inv
mid Time 3 taken is 0.000029 kseed
mid Time 4 taken is 1.059098 core
mid Time 4 taken is 0.036372 maxlab
mid Time 4 taken is 0.000005 sigmalbeforetime
mid Time 4 taken is 0.085679 sigma
mid Time 4 taken is 0.000005 inv
mid Time 4 taken is 0.000018 kseed
mid Time 5 taken is 1.015746 core
mid Time 5 taken is 0.049258 maxlab
mid Time 5 taken is 0.000016 sigmalbeforetime
mid Time 5 taken is 0.085731 sigma
mid Time 5 taken is 0.000005 inv
mid Time 5 taken is 0.000019 kseed
mid Time 6 taken is 1.459217 core
mid Time 6 taken is 0.024357 maxlab
mid Time 6 taken is 0.000006 sigmalbeforetime
mid Time 6 taken is 0.085738 sigma
mid Time 6 taken is 0.000005 inv
mid Time 6 taken is 0.000017 kseed
mid Time 7 taken is 1.184083 core
mid Time 7 taken is 0.024479 maxlab
mid Time 7 taken is 0.000006 sigmalbeforetime
mid Time 7 taken is 0.085733 sigma
mid Time 7 taken is 0.000005 inv
mid Time 7 taken is 0.000018 kseed
mid Time 8 taken is 0.938559 core
mid Time 8 taken is 0.024680 maxlab
mid Time 8 taken is 0.000005 sigmalbeforetime
mid Time 8 taken is 0.141904 sigma
mid Time 8 taken is 0.000015 inv
mid Time 8 taken is 0.000018 kseed
mid Time 9 taken is 1.001471 core
mid Time 9 taken is 0.024605 maxlab
mid Time 9 taken is 0.000005 sigmalbeforetime
mid Time 9 taken is 0.101213 sigma
mid Time 9 taken is 0.000003 inv
mid Time 9 taken is 0.000015 kseed
mid Time 10 taken is 1.011964 core
mid Time 10 taken is 0.048898 maxlab
mid Time 10 taken is 0.000006 sigmalbeforetime
mid Time 10 taken is 0.135320 sigma
mid Time 10 taken is 0.000005 inv
mid Time 10 taken is 0.000039 kseed
Time taken is 0.835414
Time taken is 1.488581 0.653167 DetectLabEdges
Time taken is 1.488874 0.000292 GetLABXYSeeds_ForGivenK
Time taken is 1.488874 0.000000 PerformSuperpixelSegmentation_VariableSandM 31
Time taken is 1.488874 0.000000 PerformSuperpixelSegmentation_VariableSandM 32
Time taken is 1.488909 0.000035 PerformSuperpixelSegmentation_VariableSandM 33
Time taken is 3.119475 1.630567 PerformSuperpixelSegmentation_VariableSandM
Time taken is 16.203485 13.084010 PerformSuperpixelSegmentation_VariableSandM 循环
Time taken is 16.203514 0.000029 EnforceLabelConnectivity	numlable
Time taken is 16.234977 0.031463 EnforceLabelConnectivity	xvec yvec
Time taken is 18.428990 2.194013 EnforceLabelConnectivity iteration
Time taken is 18.527664 0.098674 EnforceLabelConnectivity klabelsComputing time=18527 ms
There are 0 points' labels are different from original file.
