
mid Time 1 taken is 15.921854 core
mid Time 1 taken is 0.981576 maxlab
mid Time 1 taken is 0.000004 sigmalbeforetime
mid Time 1 taken is 2.377787 sigma
mid Time 1 taken is 0.000002 inv
mid Time 1 taken is 0.000009 kseed
mid Time 2 taken is 15.400973 core
mid Time 2 taken is 0.996361 maxlab
mid Time 2 taken is 0.000004 sigmalbeforetime
mid Time 2 taken is 2.368856 sigma
mid Time 2 taken is 0.000002 inv
mid Time 2 taken is 0.000008 kseed
mid Time 3 taken is 15.329038 core
mid Time 3 taken is 0.995759 maxlab
mid Time 3 taken is 0.000004 sigmalbeforetime
mid Time 3 taken is 2.369286 sigma
mid Time 3 taken is 0.000002 inv
mid Time 3 taken is 0.000008 kseed
mid Time 4 taken is 15.308625 core
mid Time 4 taken is 0.996232 maxlab
mid Time 4 taken is 0.000004 sigmalbeforetime
mid Time 4 taken is 2.369002 sigma
mid Time 4 taken is 0.000002 inv
mid Time 4 taken is 0.000009 kseed
mid Time 5 taken is 15.292985 core
mid Time 5 taken is 0.995784 maxlab
mid Time 5 taken is 0.000004 sigmalbeforetime
mid Time 5 taken is 2.352626 sigma
mid Time 5 taken is 0.000002 inv
mid Time 5 taken is 0.000009 kseed
mid Time 6 taken is 15.310093 core
mid Time 6 taken is 0.994795 maxlab
mid Time 6 taken is 0.000004 sigmalbeforetime
mid Time 6 taken is 2.368820 sigma
mid Time 6 taken is 0.000002 inv
mid Time 6 taken is 0.000009 kseed
mid Time 7 taken is 15.312273 core
mid Time 7 taken is 1.000164 maxlab
mid Time 7 taken is 0.000004 sigmalbeforetime
mid Time 7 taken is 2.335595 sigma
mid Time 7 taken is 0.000002 inv
mid Time 7 taken is 0.000009 kseed
mid Time 8 taken is 15.315095 core
mid Time 8 taken is 0.981009 maxlab
mid Time 8 taken is 0.000005 sigmalbeforetime
mid Time 8 taken is 2.368579 sigma
mid Time 8 taken is 0.000002 inv
mid Time 8 taken is 0.000008 kseed
mid Time 9 taken is 15.286768 core
mid Time 9 taken is 0.989215 maxlab
mid Time 9 taken is 0.000004 sigmalbeforetime
mid Time 9 taken is 2.355463 sigma
mid Time 9 taken is 0.000002 inv
mid Time 9 taken is 0.000010 kseed
mid Time 10 taken is 15.265715 core
mid Time 10 taken is 0.980914 maxlab
mid Time 10 taken is 0.000005 sigmalbeforetime
mid Time 10 taken is 2.348872 sigma
mid Time 10 taken is 0.000002 inv
mid Time 10 taken is 0.000010 kseed
Time taken is 10.491460
Time taken is 13.914801 3.423340 DetectLabEdges
Time taken is 13.914978 0.000177 GetLABXYSeeds_ForGivenK
Time taken is 15.541236 1.626258 PerformSuperpixelSegmentation_VariableSandM
Time taken is 202.890201 187.348965 PerformSuperpixelSegmentation_VariableSandM 循环
Time taken is 207.576990 4.686789 EnforceLabelConnectivityComputing time=207576 ms
There are 0 points' labels are different from original file.
