
mid Time 1 taken is 1.084877 core
mid Time 1 taken is 0.030075 maxlab
mid Time 1 taken is 0.000007 sigmalbeforetime
mid Time 1 taken is 0.065925 sigma
mid Time 1 taken is 0.000001 inv
mid Time 1 taken is 0.000003 kseed
mid Time 2 taken is 0.689853 core
mid Time 2 taken is 0.030008 maxlab
mid Time 2 taken is 0.000002 sigmalbeforetime
mid Time 2 taken is 0.060221 sigma
mid Time 2 taken is 0.000001 inv
mid Time 2 taken is 0.000004 kseed
mid Time 3 taken is 0.654709 core
mid Time 3 taken is 0.029972 maxlab
mid Time 3 taken is 0.000002 sigmalbeforetime
mid Time 3 taken is 0.058495 sigma
mid Time 3 taken is 0.000000 inv
mid Time 3 taken is 0.000004 kseed
mid Time 4 taken is 0.601997 core
mid Time 4 taken is 0.030013 maxlab
mid Time 4 taken is 0.000001 sigmalbeforetime
mid Time 4 taken is 0.066394 sigma
mid Time 4 taken is 0.000001 inv
mid Time 4 taken is 0.000003 kseed
mid Time 5 taken is 0.691478 core
mid Time 5 taken is 0.030023 maxlab
mid Time 5 taken is 0.000002 sigmalbeforetime
mid Time 5 taken is 0.060291 sigma
mid Time 5 taken is 0.000000 inv
mid Time 5 taken is 0.000004 kseed
mid Time 6 taken is 0.675911 core
mid Time 6 taken is 0.030040 maxlab
mid Time 6 taken is 0.000001 sigmalbeforetime
mid Time 6 taken is 0.059775 sigma
mid Time 6 taken is 0.000001 inv
mid Time 6 taken is 0.000004 kseed
mid Time 7 taken is 0.655604 core
mid Time 7 taken is 0.069792 maxlab
mid Time 7 taken is 0.000001 sigmalbeforetime
mid Time 7 taken is 0.055854 sigma
mid Time 7 taken is 0.000001 inv
mid Time 7 taken is 0.000004 kseed
mid Time 8 taken is 0.563839 core
mid Time 8 taken is 0.033682 maxlab
mid Time 8 taken is 0.000002 sigmalbeforetime
mid Time 8 taken is 0.055603 sigma
mid Time 8 taken is 0.000001 inv
mid Time 8 taken is 0.000003 kseed
mid Time 9 taken is 0.614482 core
mid Time 9 taken is 0.036013 maxlab
mid Time 9 taken is 0.000001 sigmalbeforetime
mid Time 9 taken is 0.058200 sigma
mid Time 9 taken is 0.000000 inv
mid Time 9 taken is 0.000016 kseed
mid Time 10 taken is 0.653862 core
mid Time 10 taken is 0.036041 maxlab
mid Time 10 taken is 0.000002 sigmalbeforetime
mid Time 10 taken is 0.054326 sigma
mid Time 10 taken is 0.000001 inv
mid Time 10 taken is 0.000003 kseed
Time taken is 0.422481
Time taken is 0.916472 0.493991 DetectLabEdges
Time taken is 0.916604 0.000132 GetLABXYSeeds_ForGivenK
Time taken is 0.916605 0.000001 PerformSuperpixelSegmentation_VariableSandM 31
Time taken is 0.916605 0.000000 PerformSuperpixelSegmentation_VariableSandM 32
Time taken is 0.916612 0.000007 PerformSuperpixelSegmentation_VariableSandM 33
Time taken is 2.054581 1.137969 PerformSuperpixelSegmentation_VariableSandM
Time taken is 10.041059 7.986478 PerformSuperpixelSegmentation_VariableSandM 循环
Time taken is 12.739448 2.698389 EnforceLabelConnectivityComputing time=12739 ms
There are 0 points' labels are different from original file.
