  Mass  0.005
  gauge file  ../data/ipcc_gauge_24_72
  lattice size  24 24 24 72
  subgrid size  6 12 12 9
GET NODE:0.001ms	PART1:0.503ms	PART2:5.749ms	CALCU TIME: 6.373ms, MSG TIME: 1.400ms, BARRIER TIME: 0.786ms, DSLASHOFFD TIME: 8.868ms
GET NODE:0.000ms	PART1:0.439ms	PART2:2.129ms	CALCU TIME: 2.328ms, MSG TIME: 0.484ms, BARRIER TIME: 2.167ms, DSLASHOFFD TIME: 5.118ms
GET NODE:0.000ms	PART1:0.397ms	PART2:2.268ms	CALCU TIME: 2.473ms, MSG TIME: 0.409ms, BARRIER TIME: 0.501ms, DSLASHOFFD TIME: 3.879ms
GET NODE:0.000ms	PART1:0.360ms	PART2:2.065ms	CALCU TIME: 2.308ms, MSG TIME: 0.341ms, BARRIER TIME: 1.926ms, DSLASHOFFD TIME: 4.696ms
GET NODE:0.001ms	PART1:0.410ms	PART2:2.222ms	CALCU TIME: 2.436ms, MSG TIME: 0.327ms, BARRIER TIME: 0.378ms, DSLASHOFFD TIME: 3.624ms
GET NODE:0.000ms	PART1:0.378ms	PART2:2.118ms	CALCU TIME: 2.360ms, MSG TIME: 0.346ms, BARRIER TIME: 0.599ms, DSLASHOFFD TIME: 3.427ms
GET NODE:0.000ms	PART1:0.422ms	PART2:2.183ms	CALCU TIME: 2.381ms, MSG TIME: 0.369ms, BARRIER TIME: 0.395ms, DSLASHOFFD TIME: 3.636ms
GET NODE:0.000ms	PART1:0.466ms	PART2:2.280ms	CALCU TIME: 2.481ms, MSG TIME: 0.368ms, BARRIER TIME: 0.660ms, DSLASHOFFD TIME: 3.635ms
GET NODE:0.000ms	PART1:0.413ms	PART2:2.151ms	CALCU TIME: 2.358ms, MSG TIME: 0.371ms, BARRIER TIME: 0.470ms, DSLASHOFFD TIME: 3.693ms
GET NODE:0.000ms	PART1:0.402ms	PART2:2.066ms	CALCU TIME: 2.273ms, MSG TIME: 0.355ms, BARRIER TIME: 1.766ms, DSLASHOFFD TIME: 4.521ms
GET NODE:0.000ms	PART1:0.435ms	PART2:2.162ms	CALCU TIME: 2.375ms, MSG TIME: 0.321ms, BARRIER TIME: 1.166ms, DSLASHOFFD TIME: 4.336ms
CG: 1 iter, rsd |r| = 6547.66
GET NODE:0.001ms	PART1:0.402ms	PART2:2.200ms	CALCU TIME: 2.412ms, MSG TIME: 0.376ms, BARRIER TIME: 0.596ms, DSLASHOFFD TIME: 3.515ms
GET NODE:0.000ms	PART1:0.416ms	PART2:2.162ms	CALCU TIME: 2.357ms, MSG TIME: 0.368ms, BARRIER TIME: 0.459ms, DSLASHOFFD TIME: 3.670ms
GET NODE:0.000ms	PART1:0.410ms	PART2:2.099ms	CALCU TIME: 2.322ms, MSG TIME: 0.368ms, BARRIER TIME: 1.573ms, DSLASHOFFD TIME: 4.406ms
GET NODE:0.000ms	PART1:0.433ms	PART2:2.168ms	CALCU TIME: 2.381ms, MSG TIME: 0.342ms, BARRIER TIME: 0.522ms, DSLASHOFFD TIME: 3.719ms
CG: 2 iter, rsd |r| = 1661.44
GET NODE:0.000ms	PART1:0.411ms	PART2:2.262ms	CALCU TIME: 2.466ms, MSG TIME: 0.374ms, BARRIER TIME: 0.554ms, DSLASHOFFD TIME: 3.519ms
GET NODE:0.001ms	PART1:0.428ms	PART2:2.329ms	CALCU TIME: 2.523ms, MSG TIME: 0.363ms, BARRIER TIME: 0.421ms, DSLASHOFFD TIME: 3.787ms
GET NODE:0.000ms	PART1:0.411ms	PART2:2.019ms	CALCU TIME: 2.234ms, MSG TIME: 0.384ms, BARRIER TIME: 0.659ms, DSLASHOFFD TIME: 3.397ms
GET NODE:0.000ms	PART1:0.451ms	PART2:2.193ms	CALCU TIME: 2.374ms, MSG TIME: 0.352ms, BARRIER TIME: 0.531ms, DSLASHOFFD TIME: 3.743ms
CG: 3 iter, rsd |r| = 787.47
GET NODE:0.000ms	PART1:0.419ms	PART2:2.295ms	CALCU TIME: 2.489ms, MSG TIME: 0.386ms, BARRIER TIME: 0.655ms, DSLASHOFFD TIME: 3.656ms
GET NODE:0.000ms	PART1:0.408ms	PART2:2.121ms	CALCU TIME: 2.327ms, MSG TIME: 0.330ms, BARRIER TIME: 0.500ms, DSLASHOFFD TIME: 3.644ms
GET NODE:0.000ms	PART1:0.378ms	PART2:2.091ms	CALCU TIME: 2.300ms, MSG TIME: 0.341ms, BARRIER TIME: 0.816ms, DSLASHOFFD TIME: 3.594ms
GET NODE:0.000ms	PART1:0.445ms	PART2:2.183ms	CALCU TIME: 2.386ms, MSG TIME: 0.309ms, BARRIER TIME: 0.503ms, DSLASHOFFD TIME: 3.679ms
CG: 4 iter, rsd |r| = 313.346
GET NODE:0.000ms	PART1:0.414ms	PART2:2.225ms	CALCU TIME: 2.430ms, MSG TIME: 0.337ms, BARRIER TIME: 0.701ms, DSLASHOFFD TIME: 3.603ms
GET NODE:0.001ms	PART1:0.457ms	PART2:2.115ms	CALCU TIME: 2.334ms, MSG TIME: 0.319ms, BARRIER TIME: 0.509ms, DSLASHOFFD TIME: 3.654ms
GET NODE:0.000ms	PART1:0.410ms	PART2:2.052ms	CALCU TIME: 2.270ms, MSG TIME: 0.325ms, BARRIER TIME: 0.697ms, DSLASHOFFD TIME: 3.416ms
GET NODE:0.000ms	PART1:0.444ms	PART2:2.209ms	CALCU TIME: 2.410ms, MSG TIME: 0.286ms, BARRIER TIME: 0.551ms, DSLASHOFFD TIME: 3.710ms
CG: 5 iter, rsd |r| = 169.31
GET NODE:0.000ms	PART1:0.427ms	PART2:2.227ms	CALCU TIME: 2.411ms, MSG TIME: 0.384ms, BARRIER TIME: 0.572ms, DSLASHOFFD TIME: 3.472ms
GET NODE:0.000ms	PART1:0.429ms	PART2:2.218ms	CALCU TIME: 2.419ms, MSG TIME: 0.333ms, BARRIER TIME: 0.474ms, DSLASHOFFD TIME: 3.713ms
GET NODE:0.000ms	PART1:0.393ms	PART2:2.067ms	CALCU TIME: 2.293ms, MSG TIME: 0.378ms, BARRIER TIME: 0.673ms, DSLASHOFFD TIME: 3.474ms
GET NODE:0.000ms	PART1:0.460ms	PART2:2.326ms	CALCU TIME: 2.531ms, MSG TIME: 0.338ms, BARRIER TIME: 0.563ms, DSLASHOFFD TIME: 3.925ms
CG: 6 iter, rsd |r| = 80.8891
GET NODE:0.000ms	PART1:0.429ms	PART2:2.321ms	CALCU TIME: 2.524ms, MSG TIME: 0.334ms, BARRIER TIME: 0.557ms, DSLASHOFFD TIME: 3.545ms
GET NODE:0.000ms	PART1:0.454ms	PART2:2.159ms	CALCU TIME: 2.359ms, MSG TIME: 0.336ms, BARRIER TIME: 0.393ms, DSLASHOFFD TIME: 3.579ms
GET NODE:0.000ms	PART1:0.418ms	PART2:2.061ms	CALCU TIME: 2.300ms, MSG TIME: 0.364ms, BARRIER TIME: 0.655ms, DSLASHOFFD TIME: 3.446ms
GET NODE:0.000ms	PART1:0.430ms	PART2:2.106ms	CALCU TIME: 2.333ms, MSG TIME: 0.329ms, BARRIER TIME: 0.524ms, DSLASHOFFD TIME: 3.654ms
CG: 7 iter, rsd |r| = 48.8702
GET NODE:0.000ms	PART1:0.430ms	PART2:2.237ms	CALCU TIME: 2.447ms, MSG TIME: 0.372ms, BARRIER TIME: 0.626ms, DSLASHOFFD TIME: 3.575ms
GET NODE:0.000ms	PART1:0.409ms	PART2:2.249ms	CALCU TIME: 2.436ms, MSG TIME: 0.328ms, BARRIER TIME: 0.357ms, DSLASHOFFD TIME: 3.599ms
GET NODE:0.000ms	PART1:0.389ms	PART2:2.010ms	CALCU TIME: 2.246ms, MSG TIME: 0.335ms, BARRIER TIME: 0.638ms, DSLASHOFFD TIME: 3.356ms
GET NODE:0.000ms	PART1:0.443ms	PART2:2.096ms	CALCU TIME: 2.305ms, MSG TIME: 0.349ms, BARRIER TIME: 0.494ms, DSLASHOFFD TIME: 3.617ms
CG: 8 iter, rsd |r| = 25.8579
GET NODE:0.000ms	PART1:0.431ms	PART2:2.305ms	CALCU TIME: 2.490ms, MSG TIME: 0.336ms, BARRIER TIME: 0.630ms, DSLASHOFFD TIME: 3.587ms
GET NODE:0.000ms	PART1:0.402ms	PART2:2.149ms	CALCU TIME: 2.369ms, MSG TIME: 0.339ms, BARRIER TIME: 0.434ms, DSLASHOFFD TIME: 3.635ms
GET NODE:0.000ms	PART1:0.434ms	PART2:2.109ms	CALCU TIME: 2.318ms, MSG TIME: 0.366ms, BARRIER TIME: 0.631ms, DSLASHOFFD TIME: 3.444ms
GET NODE:0.000ms	PART1:0.445ms	PART2:2.131ms	CALCU TIME: 2.341ms, MSG TIME: 0.327ms, BARRIER TIME: 0.479ms, DSLASHOFFD TIME: 3.634ms
CG: 9 iter, rsd |r| = 15.5682
GET NODE:0.000ms	PART1:0.476ms	PART2:2.331ms	CALCU TIME: 2.514ms, MSG TIME: 0.320ms, BARRIER TIME: 0.670ms, DSLASHOFFD TIME: 3.639ms
GET NODE:0.000ms	PART1:0.431ms	PART2:2.150ms	CALCU TIME: 2.342ms, MSG TIME: 0.543ms, BARRIER TIME: 0.429ms, DSLASHOFFD TIME: 3.803ms
GET NODE:0.000ms	PART1:0.385ms	PART2:2.051ms	CALCU TIME: 2.274ms, MSG TIME: 0.356ms, BARRIER TIME: 0.747ms, DSLASHOFFD TIME: 3.510ms
GET NODE:0.000ms	PART1:0.475ms	PART2:2.120ms	CALCU TIME: 2.320ms, MSG TIME: 0.293ms, BARRIER TIME: 0.520ms, DSLASHOFFD TIME: 3.616ms
CG: 10 iter, rsd |r| = 8.08569
GET NODE:0.000ms	PART1:0.448ms	PART2:2.307ms	CALCU TIME: 2.503ms, MSG TIME: 0.354ms, BARRIER TIME: 0.525ms, DSLASHOFFD TIME: 3.511ms
GET NODE:0.000ms	PART1:0.448ms	PART2:2.181ms	CALCU TIME: 2.396ms, MSG TIME: 0.276ms, BARRIER TIME: 0.458ms, DSLASHOFFD TIME: 3.614ms
GET NODE:0.000ms	PART1:0.391ms	PART2:2.011ms	CALCU TIME: 2.267ms, MSG TIME: 0.285ms, BARRIER TIME: 0.678ms, DSLASHOFFD TIME: 3.358ms
GET NODE:0.000ms	PART1:0.447ms	PART2:2.193ms	CALCU TIME: 2.405ms, MSG TIME: 0.306ms, BARRIER TIME: 0.540ms, DSLASHOFFD TIME: 3.728ms
CG: 11 iter, rsd |r| = 4.78736
GET NODE:0.000ms	PART1:0.443ms	PART2:2.214ms	CALCU TIME: 2.428ms, MSG TIME: 0.328ms, BARRIER TIME: 0.741ms, DSLASHOFFD TIME: 3.635ms
GET NODE:0.000ms	PART1:0.433ms	PART2:2.231ms	CALCU TIME: 2.429ms, MSG TIME: 0.288ms, BARRIER TIME: 0.429ms, DSLASHOFFD TIME: 3.619ms
GET NODE:0.000ms	PART1:0.435ms	PART2:2.115ms	CALCU TIME: 2.347ms, MSG TIME: 0.334ms, BARRIER TIME: 0.565ms, DSLASHOFFD TIME: 3.382ms
GET NODE:0.000ms	PART1:0.459ms	PART2:2.140ms	CALCU TIME: 2.338ms, MSG TIME: 0.327ms, BARRIER TIME: 0.515ms, DSLASHOFFD TIME: 3.666ms
CG: 12 iter, rsd |r| = 2.57062
GET NODE:0.000ms	PART1:0.484ms	PART2:2.316ms	CALCU TIME: 2.507ms, MSG TIME: 0.309ms, BARRIER TIME: 0.557ms, DSLASHOFFD TIME: 3.501ms
GET NODE:0.001ms	PART1:0.456ms	PART2:2.112ms	CALCU TIME: 2.313ms, MSG TIME: 0.288ms, BARRIER TIME: 0.560ms, DSLASHOFFD TIME: 3.648ms
GET NODE:0.000ms	PART1:0.376ms	PART2:2.089ms	CALCU TIME: 2.347ms, MSG TIME: 0.332ms, BARRIER TIME: 0.645ms, DSLASHOFFD TIME: 3.459ms
GET NODE:0.001ms	PART1:0.439ms	PART2:2.312ms	CALCU TIME: 2.543ms, MSG TIME: 0.259ms, BARRIER TIME: 0.512ms, DSLASHOFFD TIME: 3.790ms
CG: 13 iter, rsd |r| = 1.5457
GET NODE:0.000ms	PART1:0.426ms	PART2:2.260ms	CALCU TIME: 2.469ms, MSG TIME: 0.292ms, BARRIER TIME: 0.627ms, DSLASHOFFD TIME: 3.525ms
GET NODE:0.000ms	PART1:0.446ms	PART2:2.174ms	CALCU TIME: 2.380ms, MSG TIME: 0.256ms, BARRIER TIME: 0.628ms, DSLASHOFFD TIME: 3.763ms
GET NODE:0.000ms	PART1:0.391ms	PART2:2.101ms	CALCU TIME: 2.313ms, MSG TIME: 0.331ms, BARRIER TIME: 0.720ms, DSLASHOFFD TIME: 3.483ms
GET NODE:0.000ms	PART1:0.467ms	PART2:2.172ms	CALCU TIME: 2.383ms, MSG TIME: 0.303ms, BARRIER TIME: 0.460ms, DSLASHOFFD TIME: 3.620ms
CG: 14 iter, rsd |r| = 0.833073
GET NODE:0.001ms	PART1:0.441ms	PART2:2.223ms	CALCU TIME: 2.417ms, MSG TIME: 0.350ms, BARRIER TIME: 0.647ms, DSLASHOFFD TIME: 3.547ms
GET NODE:0.000ms	PART1:0.420ms	PART2:2.122ms	CALCU TIME: 2.333ms, MSG TIME: 0.317ms, BARRIER TIME: 0.524ms, DSLASHOFFD TIME: 3.654ms
GET NODE:0.000ms	PART1:0.414ms	PART2:2.035ms	CALCU TIME: 2.261ms, MSG TIME: 0.325ms, BARRIER TIME: 0.732ms, DSLASHOFFD TIME: 3.442ms
GET NODE:0.000ms	PART1:0.445ms	PART2:2.156ms	CALCU TIME: 2.358ms, MSG TIME: 0.280ms, BARRIER TIME: 0.477ms, DSLASHOFFD TIME: 3.591ms
CG: 15 iter, rsd |r| = 0.488044
GET NODE:0.000ms	PART1:0.451ms	PART2:2.247ms	CALCU TIME: 2.465ms, MSG TIME: 0.275ms, BARRIER TIME: 0.640ms, DSLASHOFFD TIME: 3.513ms
GET NODE:0.000ms	PART1:0.447ms	PART2:2.127ms	CALCU TIME: 2.342ms, MSG TIME: 0.321ms, BARRIER TIME: 0.469ms, DSLASHOFFD TIME: 3.627ms
GET NODE:0.000ms	PART1:0.452ms	PART2:2.177ms	CALCU TIME: 2.396ms, MSG TIME: 0.284ms, BARRIER TIME: 0.573ms, DSLASHOFFD TIME: 3.383ms
GET NODE:0.000ms	PART1:0.436ms	PART2:2.191ms	CALCU TIME: 2.396ms, MSG TIME: 0.261ms, BARRIER TIME: 0.480ms, DSLASHOFFD TIME: 3.618ms
CG: 16 iter, rsd |r| = 0.262608
GET NODE:0.000ms	PART1:0.476ms	PART2:2.296ms	CALCU TIME: 2.476ms, MSG TIME: 0.317ms, BARRIER TIME: 0.655ms, DSLASHOFFD TIME: 3.579ms
GET NODE:0.000ms	PART1:0.436ms	PART2:2.373ms	CALCU TIME: 2.588ms, MSG TIME: 0.284ms, BARRIER TIME: 0.427ms, DSLASHOFFD TIME: 3.782ms
GET NODE:0.000ms	PART1:0.385ms	PART2:2.038ms	CALCU TIME: 2.257ms, MSG TIME: 0.325ms, BARRIER TIME: 0.676ms, DSLASHOFFD TIME: 3.401ms
GET NODE:0.000ms	PART1:0.455ms	PART2:2.129ms	CALCU TIME: 2.351ms, MSG TIME: 0.307ms, BARRIER TIME: 0.591ms, DSLASHOFFD TIME: 3.723ms
CG: 17 iter, rsd |r| = 0.154299
GET NODE:0.000ms	PART1:0.452ms	PART2:2.284ms	CALCU TIME: 2.480ms, MSG TIME: 0.338ms, BARRIER TIME: 0.617ms, DSLASHOFFD TIME: 3.569ms
GET NODE:0.000ms	PART1:0.455ms	PART2:2.195ms	CALCU TIME: 2.411ms, MSG TIME: 0.258ms, BARRIER TIME: 0.462ms, DSLASHOFFD TIME: 3.626ms
GET NODE:0.000ms	PART1:0.468ms	PART2:2.128ms	CALCU TIME: 2.346ms, MSG TIME: 0.301ms, BARRIER TIME: 0.556ms, DSLASHOFFD TIME: 3.319ms
GET NODE:0.000ms	PART1:0.453ms	PART2:2.186ms	CALCU TIME: 2.402ms, MSG TIME: 0.263ms, BARRIER TIME: 0.538ms, DSLASHOFFD TIME: 3.689ms
CG: 18 iter, rsd |r| = 0.0843022
GET NODE:0.000ms	PART1:0.471ms	PART2:2.334ms	CALCU TIME: 2.523ms, MSG TIME: 0.337ms, BARRIER TIME: 0.592ms, DSLASHOFFD TIME: 3.580ms
GET NODE:0.000ms	PART1:0.429ms	PART2:2.211ms	CALCU TIME: 2.416ms, MSG TIME: 0.314ms, BARRIER TIME: 0.405ms, DSLASHOFFD TIME: 3.617ms
GET NODE:0.000ms	PART1:0.406ms	PART2:2.041ms	CALCU TIME: 2.294ms, MSG TIME: 0.317ms, BARRIER TIME: 0.602ms, DSLASHOFFD TIME: 3.341ms
GET NODE:0.000ms	PART1:0.460ms	PART2:2.159ms	CALCU TIME: 2.385ms, MSG TIME: 0.262ms, BARRIER TIME: 0.494ms, DSLASHOFFD TIME: 3.627ms
CG: 19 iter, rsd |r| = 0.0490704
GET NODE:0.000ms	PART1:0.464ms	PART2:2.317ms	CALCU TIME: 2.507ms, MSG TIME: 0.324ms, BARRIER TIME: 0.589ms, DSLASHOFFD TIME: 3.556ms
GET NODE:0.000ms	PART1:0.443ms	PART2:2.175ms	CALCU TIME: 2.389ms, MSG TIME: 0.276ms, BARRIER TIME: 0.512ms, DSLASHOFFD TIME: 3.668ms
GET NODE:0.000ms	PART1:0.397ms	PART2:2.089ms	CALCU TIME: 2.337ms, MSG TIME: 0.304ms, BARRIER TIME: 0.710ms, DSLASHOFFD TIME: 3.474ms
GET NODE:0.000ms	PART1:0.436ms	PART2:2.339ms	CALCU TIME: 2.556ms, MSG TIME: 0.257ms, BARRIER TIME: 0.518ms, DSLASHOFFD TIME: 3.827ms
CG: 20 iter, rsd |r| = 0.0266449
GET NODE:0.000ms	PART1:0.433ms	PART2:2.234ms	CALCU TIME: 2.428ms, MSG TIME: 0.323ms, BARRIER TIME: 0.773ms, DSLASHOFFD TIME: 3.641ms
GET NODE:0.001ms	PART1:0.419ms	PART2:2.066ms	CALCU TIME: 2.298ms, MSG TIME: 0.290ms, BARRIER TIME: 0.486ms, DSLASHOFFD TIME: 3.558ms
GET NODE:0.000ms	PART1:0.446ms	PART2:2.126ms	CALCU TIME: 2.333ms, MSG TIME: 0.355ms, BARRIER TIME: 0.683ms, DSLASHOFFD TIME: 3.506ms
GET NODE:0.001ms	PART1:0.448ms	PART2:2.171ms	CALCU TIME: 2.381ms, MSG TIME: 0.293ms, BARRIER TIME: 0.490ms, DSLASHOFFD TIME: 3.654ms
CG: 21 iter, rsd |r| = 0.0153708
GET NODE:0.000ms	PART1:0.485ms	PART2:2.237ms	CALCU TIME: 2.443ms, MSG TIME: 0.287ms, BARRIER TIME: 0.844ms, DSLASHOFFD TIME: 3.705ms
GET NODE:0.000ms	PART1:0.468ms	PART2:2.308ms	CALCU TIME: 2.498ms, MSG TIME: 0.262ms, BARRIER TIME: 0.360ms, DSLASHOFFD TIME: 3.614ms
GET NODE:0.000ms	PART1:0.414ms	PART2:2.033ms	CALCU TIME: 2.272ms, MSG TIME: 0.353ms, BARRIER TIME: 0.615ms, DSLASHOFFD TIME: 3.372ms
GET NODE:0.000ms	PART1:0.462ms	PART2:2.227ms	CALCU TIME: 2.413ms, MSG TIME: 0.303ms, BARRIER TIME: 0.431ms, DSLASHOFFD TIME: 3.617ms
CG: 22 iter, rsd |r| = 0.00845376
GET NODE:0.000ms	PART1:0.488ms	PART2:2.401ms	CALCU TIME: 2.592ms, MSG TIME: 0.228ms, BARRIER TIME: 0.548ms, DSLASHOFFD TIME: 3.508ms
GET NODE:0.000ms	PART1:0.447ms	PART2:2.230ms	CALCU TIME: 2.442ms, MSG TIME: 0.259ms, BARRIER TIME: 0.451ms, DSLASHOFFD TIME: 3.644ms
GET NODE:0.000ms	PART1:0.441ms	PART2:2.143ms	CALCU TIME: 2.362ms, MSG TIME: 0.345ms, BARRIER TIME: 0.538ms, DSLASHOFFD TIME: 3.369ms
GET NODE:0.000ms	PART1:0.438ms	PART2:2.150ms	CALCU TIME: 2.341ms, MSG TIME: 0.268ms, BARRIER TIME: 0.583ms, DSLASHOFFD TIME: 3.682ms
CG: 23 iter, rsd |r| = 0.00489908
GET NODE:0.000ms	PART1:0.461ms	PART2:2.273ms	CALCU TIME: 2.464ms, MSG TIME: 0.332ms, BARRIER TIME: 0.756ms, DSLASHOFFD TIME: 3.690ms
GET NODE:0.000ms	PART1:0.457ms	PART2:2.135ms	CALCU TIME: 2.347ms, MSG TIME: 0.304ms, BARRIER TIME: 0.464ms, DSLASHOFFD TIME: 3.602ms
GET NODE:0.000ms	PART1:0.412ms	PART2:2.124ms	CALCU TIME: 2.344ms, MSG TIME: 0.332ms, BARRIER TIME: 0.734ms, DSLASHOFFD TIME: 3.545ms
GET NODE:0.000ms	PART1:0.497ms	PART2:2.292ms	CALCU TIME: 2.481ms, MSG TIME: 0.285ms, BARRIER TIME: 0.344ms, DSLASHOFFD TIME: 3.592ms
CG: 24 iter, rsd |r| = 0.00270711
GET NODE:0.000ms	PART1:0.427ms	PART2:2.162ms	CALCU TIME: 2.372ms, MSG TIME: 0.316ms, BARRIER TIME: 0.824ms, DSLASHOFFD TIME: 3.649ms
GET NODE:0.000ms	PART1:0.465ms	PART2:2.216ms	CALCU TIME: 2.433ms, MSG TIME: 0.271ms, BARRIER TIME: 0.367ms, DSLASHOFFD TIME: 3.562ms
GET NODE:0.000ms	PART1:0.391ms	PART2:2.054ms	CALCU TIME: 2.275ms, MSG TIME: 0.318ms, BARRIER TIME: 0.710ms, DSLASHOFFD TIME: 3.448ms
GET NODE:0.000ms	PART1:0.467ms	PART2:2.150ms	CALCU TIME: 2.376ms, MSG TIME: 0.257ms, BARRIER TIME: 0.479ms, DSLASHOFFD TIME: 3.599ms
CG: 25 iter, rsd |r| = 0.00155127
GET NODE:0.000ms	PART1:0.453ms	PART2:2.389ms	CALCU TIME: 2.567ms, MSG TIME: 0.282ms, BARRIER TIME: 0.602ms, DSLASHOFFD TIME: 3.577ms
GET NODE:0.000ms	PART1:0.456ms	PART2:2.196ms	CALCU TIME: 2.403ms, MSG TIME: 0.277ms, BARRIER TIME: 0.421ms, DSLASHOFFD TIME: 3.586ms
GET NODE:0.000ms	PART1:0.409ms	PART2:2.168ms	CALCU TIME: 2.373ms, MSG TIME: 0.329ms, BARRIER TIME: 0.608ms, DSLASHOFFD TIME: 3.441ms
GET NODE:0.000ms	PART1:0.467ms	PART2:2.266ms	CALCU TIME: 2.459ms, MSG TIME: 0.277ms, BARRIER TIME: 0.411ms, DSLASHOFFD TIME: 3.629ms
CG: 26 iter, rsd |r| = 0.000857062
GET NODE:0.000ms	PART1:0.458ms	PART2:2.252ms	CALCU TIME: 2.461ms, MSG TIME: 0.311ms, BARRIER TIME: 0.603ms, DSLASHOFFD TIME: 3.520ms
GET NODE:0.000ms	PART1:0.443ms	PART2:2.147ms	CALCU TIME: 2.358ms, MSG TIME: 0.307ms, BARRIER TIME: 0.451ms, DSLASHOFFD TIME: 3.605ms
GET NODE:0.000ms	PART1:0.448ms	PART2:2.098ms	CALCU TIME: 2.314ms, MSG TIME: 0.329ms, BARRIER TIME: 0.840ms, DSLASHOFFD TIME: 3.641ms
GET NODE:0.000ms	PART1:0.479ms	PART2:2.379ms	CALCU TIME: 2.576ms, MSG TIME: 0.299ms, BARRIER TIME: 0.415ms, DSLASHOFFD TIME: 3.775ms
CG: 27 iter, rsd |r| = 0.000491202
GET NODE:0.000ms	PART1:0.486ms	PART2:2.279ms	CALCU TIME: 2.459ms, MSG TIME: 0.343ms, BARRIER TIME: 0.543ms, DSLASHOFFD TIME: 3.482ms
GET NODE:0.001ms	PART1:0.450ms	PART2:2.091ms	CALCU TIME: 2.301ms, MSG TIME: 0.322ms, BARRIER TIME: 0.511ms, DSLASHOFFD TIME: 3.622ms
GET NODE:0.000ms	PART1:0.434ms	PART2:2.108ms	CALCU TIME: 2.341ms, MSG TIME: 0.329ms, BARRIER TIME: 0.659ms, DSLASHOFFD TIME: 3.437ms
GET NODE:0.000ms	PART1:0.475ms	PART2:2.204ms	CALCU TIME: 2.390ms, MSG TIME: 0.273ms, BARRIER TIME: 3.671ms, DSLASHOFFD TIME: 6.835ms
CG: 28 iter, rsd |r| = 0.000274063
GET NODE:0.000ms	PART1:0.490ms	PART2:2.231ms	CALCU TIME: 2.448ms, MSG TIME: 0.321ms, BARRIER TIME: 0.811ms, DSLASHOFFD TIME: 3.714ms
GET NODE:0.001ms	PART1:0.441ms	PART2:2.172ms	CALCU TIME: 2.366ms, MSG TIME: 0.273ms, BARRIER TIME: 0.491ms, DSLASHOFFD TIME: 3.614ms
GET NODE:0.000ms	PART1:0.431ms	PART2:2.194ms	CALCU TIME: 2.429ms, MSG TIME: 0.280ms, BARRIER TIME: 0.544ms, DSLASHOFFD TIME: 3.387ms
GET NODE:0.000ms	PART1:0.463ms	PART2:2.114ms	CALCU TIME: 2.319ms, MSG TIME: 0.270ms, BARRIER TIME: 0.523ms, DSLASHOFFD TIME: 3.603ms
CG: 29 iter, rsd |r| = 0.000156469
GET NODE:0.000ms	PART1:0.464ms	PART2:2.344ms	CALCU TIME: 2.546ms, MSG TIME: 0.280ms, BARRIER TIME: 0.612ms, DSLASHOFFD TIME: 3.567ms
GET NODE:0.000ms	PART1:0.454ms	PART2:2.154ms	CALCU TIME: 2.364ms, MSG TIME: 0.278ms, BARRIER TIME: 0.469ms, DSLASHOFFD TIME: 3.603ms
GET NODE:0.000ms	PART1:0.453ms	PART2:2.110ms	CALCU TIME: 2.318ms, MSG TIME: 0.334ms, BARRIER TIME: 0.650ms, DSLASHOFFD TIME: 3.444ms
GET NODE:0.000ms	PART1:0.473ms	PART2:2.494ms	CALCU TIME: 2.669ms, MSG TIME: 0.293ms, BARRIER TIME: 0.460ms, DSLASHOFFD TIME: 3.914ms
CG: 30 iter, rsd |r| = 8.71372e-05
GET NODE:0.000ms	PART1:0.491ms	PART2:2.369ms	CALCU TIME: 2.549ms, MSG TIME: 0.276ms, BARRIER TIME: 0.466ms, DSLASHOFFD TIME: 3.420ms
GET NODE:0.000ms	PART1:0.454ms	PART2:2.170ms	CALCU TIME: 2.405ms, MSG TIME: 0.256ms, BARRIER TIME: 0.663ms, DSLASHOFFD TIME: 3.810ms
GET NODE:0.000ms	PART1:0.390ms	PART2:2.119ms	CALCU TIME: 2.354ms, MSG TIME: 0.256ms, BARRIER TIME: 0.676ms, DSLASHOFFD TIME: 3.422ms
GET NODE:0.000ms	PART1:0.471ms	PART2:2.192ms	CALCU TIME: 2.413ms, MSG TIME: 0.273ms, BARRIER TIME: 0.455ms, DSLASHOFFD TIME: 3.628ms
CG: 31 iter, rsd |r| = 4.94169e-05
GET NODE:0.000ms	PART1:0.417ms	PART2:2.342ms	CALCU TIME: 2.533ms, MSG TIME: 0.295ms, BARRIER TIME: 0.586ms, DSLASHOFFD TIME: 3.548ms
GET NODE:0.000ms	PART1:0.457ms	PART2:2.133ms	CALCU TIME: 2.330ms, MSG TIME: 0.275ms, BARRIER TIME: 0.544ms, DSLASHOFFD TIME: 3.633ms
GET NODE:0.001ms	PART1:0.423ms	PART2:2.167ms	CALCU TIME: 2.397ms, MSG TIME: 0.301ms, BARRIER TIME: 0.596ms, DSLASHOFFD TIME: 3.427ms
GET NODE:0.000ms	PART1:0.468ms	PART2:2.138ms	CALCU TIME: 2.355ms, MSG TIME: 0.266ms, BARRIER TIME: 0.436ms, DSLASHOFFD TIME: 3.543ms
CG: 32 iter, rsd |r| = 2.7686e-05
GET NODE:0.000ms	PART1:0.435ms	PART2:2.299ms	CALCU TIME: 2.499ms, MSG TIME: 0.296ms, BARRIER TIME: 0.668ms, DSLASHOFFD TIME: 3.596ms
GET NODE:0.001ms	PART1:0.453ms	PART2:2.209ms	CALCU TIME: 2.417ms, MSG TIME: 0.272ms, BARRIER TIME: 0.424ms, DSLASHOFFD TIME: 3.600ms
GET NODE:0.000ms	PART1:0.406ms	PART2:2.097ms	CALCU TIME: 2.327ms, MSG TIME: 0.292ms, BARRIER TIME: 0.687ms, DSLASHOFFD TIME: 3.456ms
GET NODE:0.000ms	PART1:0.465ms	PART2:2.142ms	CALCU TIME: 2.358ms, MSG TIME: 0.258ms, BARRIER TIME: 0.561ms, DSLASHOFFD TIME: 3.659ms
CG: 33 iter, rsd |r| = 1.57277e-05
GET NODE:0.000ms	PART1:0.383ms	PART2:2.220ms	CALCU TIME: 2.437ms, MSG TIME: 0.311ms, BARRIER TIME: 0.643ms, DSLASHOFFD TIME: 3.525ms
GET NODE:0.000ms	PART1:0.460ms	PART2:2.189ms	CALCU TIME: 2.397ms, MSG TIME: 0.308ms, BARRIER TIME: 0.441ms, DSLASHOFFD TIME: 3.625ms
GET NODE:0.000ms	PART1:0.441ms	PART2:2.144ms	CALCU TIME: 2.389ms, MSG TIME: 0.331ms, BARRIER TIME: 0.809ms, DSLASHOFFD TIME: 3.654ms
GET NODE:0.000ms	PART1:0.506ms	PART2:2.556ms	CALCU TIME: 2.745ms, MSG TIME: 0.275ms, BARRIER TIME: 0.235ms, DSLASHOFFD TIME: 3.744ms
CG: 34 iter, rsd |r| = 8.82322e-06
GET NODE:0.000ms	PART1:0.477ms	PART2:2.240ms	CALCU TIME: 2.428ms, MSG TIME: 0.319ms, BARRIER TIME: 0.719ms, DSLASHOFFD TIME: 3.607ms
GET NODE:0.000ms	PART1:0.459ms	PART2:2.186ms	CALCU TIME: 2.387ms, MSG TIME: 0.274ms, BARRIER TIME: 1.691ms, DSLASHOFFD TIME: 4.834ms
GET NODE:0.001ms	PART1:0.439ms	PART2:2.101ms	CALCU TIME: 2.342ms, MSG TIME: 0.316ms, BARRIER TIME: 0.631ms, DSLASHOFFD TIME: 3.431ms
GET NODE:0.001ms	PART1:0.457ms	PART2:2.211ms	CALCU TIME: 2.405ms, MSG TIME: 0.269ms, BARRIER TIME: 1.378ms, DSLASHOFFD TIME: 4.532ms
CG: 35 iter, rsd |r| = 4.97105e-06
GET NODE:0.000ms	PART1:0.447ms	PART2:2.271ms	CALCU TIME: 2.484ms, MSG TIME: 0.278ms, BARRIER TIME: 0.654ms, DSLASHOFFD TIME: 3.566ms
GET NODE:0.000ms	PART1:0.461ms	PART2:2.226ms	CALCU TIME: 2.438ms, MSG TIME: 0.248ms, BARRIER TIME: 1.582ms, DSLASHOFFD TIME: 4.711ms
GET NODE:0.000ms	PART1:0.399ms	PART2:2.084ms	CALCU TIME: 2.307ms, MSG TIME: 0.326ms, BARRIER TIME: 0.698ms, DSLASHOFFD TIME: 3.473ms
GET NODE:0.001ms	PART1:0.489ms	PART2:2.249ms	CALCU TIME: 2.463ms, MSG TIME: 0.273ms, BARRIER TIME: 0.449ms, DSLASHOFFD TIME: 3.670ms
CG: 36 iter, rsd |r| = 2.79475e-06
GET NODE:0.000ms	PART1:0.464ms	PART2:2.341ms	CALCU TIME: 2.540ms, MSG TIME: 0.280ms, BARRIER TIME: 0.476ms, DSLASHOFFD TIME: 3.436ms
GET NODE:0.001ms	PART1:0.454ms	PART2:2.192ms	CALCU TIME: 2.400ms, MSG TIME: 0.247ms, BARRIER TIME: 1.936ms, DSLASHOFFD TIME: 5.078ms
GET NODE:0.000ms	PART1:0.443ms	PART2:2.088ms	CALCU TIME: 2.333ms, MSG TIME: 0.276ms, BARRIER TIME: 0.665ms, DSLASHOFFD TIME: 3.412ms
GET NODE:0.000ms	PART1:0.449ms	PART2:2.382ms	CALCU TIME: 2.576ms, MSG TIME: 0.274ms, BARRIER TIME: 0.563ms, DSLASHOFFD TIME: 3.898ms
CG: 37 iter, rsd |r| = 1.57905e-06
GET NODE:0.000ms	PART1:0.488ms	PART2:2.324ms	CALCU TIME: 2.531ms, MSG TIME: 0.280ms, BARRIER TIME: 0.633ms, DSLASHOFFD TIME: 3.581ms
GET NODE:0.000ms	PART1:0.466ms	PART2:2.415ms	CALCU TIME: 2.627ms, MSG TIME: 0.245ms, BARRIER TIME: 0.443ms, DSLASHOFFD TIME: 3.791ms
GET NODE:0.000ms	PART1:0.469ms	PART2:2.163ms	CALCU TIME: 2.385ms, MSG TIME: 0.302ms, BARRIER TIME: 1.538ms, DSLASHOFFD TIME: 4.372ms
GET NODE:0.000ms	PART1:0.503ms	PART2:2.203ms	CALCU TIME: 2.399ms, MSG TIME: 0.238ms, BARRIER TIME: 0.437ms, DSLASHOFFD TIME: 3.561ms
CG: 38 iter, rsd |r| = 8.94846e-07
GET NODE:0.000ms	PART1:0.420ms	PART2:2.208ms	CALCU TIME: 2.432ms, MSG TIME: 0.249ms, BARRIER TIME: 0.727ms, DSLASHOFFD TIME: 3.545ms
GET NODE:0.000ms	PART1:0.460ms	PART2:2.186ms	CALCU TIME: 2.394ms, MSG TIME: 0.260ms, BARRIER TIME: 0.462ms, DSLASHOFFD TIME: 3.599ms
GET NODE:0.000ms	PART1:0.421ms	PART2:2.135ms	CALCU TIME: 2.352ms, MSG TIME: 0.296ms, BARRIER TIME: 5.920ms, DSLASHOFFD TIME: 8.700ms
GET NODE:0.000ms	PART1:0.460ms	PART2:2.177ms	CALCU TIME: 2.406ms, MSG TIME: 0.250ms, BARRIER TIME: 2.079ms, DSLASHOFFD TIME: 5.217ms
CG: 39 iter, rsd |r| = 5.0411e-07
GET NODE:0.000ms	PART1:0.431ms	PART2:2.300ms	CALCU TIME: 2.496ms, MSG TIME: 0.252ms, BARRIER TIME: 0.694ms, DSLASHOFFD TIME: 3.567ms
GET NODE:0.000ms	PART1:0.460ms	PART2:2.151ms	CALCU TIME: 2.395ms, MSG TIME: 0.229ms, BARRIER TIME: 0.600ms, DSLASHOFFD TIME: 3.703ms
GET NODE:0.000ms	PART1:0.398ms	PART2:2.078ms	CALCU TIME: 2.311ms, MSG TIME: 0.260ms, BARRIER TIME: 0.783ms, DSLASHOFFD TIME: 3.491ms
GET NODE:0.000ms	PART1:0.476ms	PART2:2.215ms	CALCU TIME: 2.445ms, MSG TIME: 0.265ms, BARRIER TIME: 0.578ms, DSLASHOFFD TIME: 3.768ms
CG: 40 iter, rsd |r| = 2.8477e-07
GET NODE:0.000ms	PART1:0.468ms	PART2:2.280ms	CALCU TIME: 2.464ms, MSG TIME: 0.320ms, BARRIER TIME: 0.692ms, DSLASHOFFD TIME: 3.615ms
GET NODE:0.000ms	PART1:0.472ms	PART2:2.222ms	CALCU TIME: 2.412ms, MSG TIME: 0.256ms, BARRIER TIME: 1.913ms, DSLASHOFFD TIME: 5.077ms
GET NODE:0.000ms	PART1:0.419ms	PART2:2.155ms	CALCU TIME: 2.383ms, MSG TIME: 0.280ms, BARRIER TIME: 1.593ms, DSLASHOFFD TIME: 4.391ms
GET NODE:0.001ms	PART1:0.452ms	PART2:2.179ms	CALCU TIME: 2.398ms, MSG TIME: 0.281ms, BARRIER TIME: 0.506ms, DSLASHOFFD TIME: 3.663ms
CG: 41 iter, rsd |r| = 1.59646e-07
GET NODE:0.000ms	PART1:0.460ms	PART2:2.310ms	CALCU TIME: 2.512ms, MSG TIME: 0.300ms, BARRIER TIME: 0.879ms, DSLASHOFFD TIME: 3.822ms
GET NODE:0.000ms	PART1:0.453ms	PART2:2.130ms	CALCU TIME: 2.346ms, MSG TIME: 0.296ms, BARRIER TIME: 0.969ms, DSLASHOFFD TIME: 4.103ms
GET NODE:0.000ms	PART1:0.405ms	PART2:2.106ms	CALCU TIME: 2.338ms, MSG TIME: 0.300ms, BARRIER TIME: 0.802ms, DSLASHOFFD TIME: 3.562ms
GET NODE:0.000ms	PART1:0.468ms	PART2:2.217ms	CALCU TIME: 2.442ms, MSG TIME: 0.209ms, BARRIER TIME: 0.532ms, DSLASHOFFD TIME: 3.667ms
CG: 42 iter, rsd |r| = 9.05701e-08
GET NODE:0.000ms	PART1:0.478ms	PART2:2.310ms	CALCU TIME: 2.501ms, MSG TIME: 0.230ms, BARRIER TIME: 1.570ms, DSLASHOFFD TIME: 4.435ms
GET NODE:0.000ms	PART1:0.477ms	PART2:2.222ms	CALCU TIME: 2.442ms, MSG TIME: 0.276ms, BARRIER TIME: 0.478ms, DSLASHOFFD TIME: 3.673ms
GET NODE:0.000ms	PART1:0.439ms	PART2:2.076ms	CALCU TIME: 2.301ms, MSG TIME: 0.311ms, BARRIER TIME: 1.957ms, DSLASHOFFD TIME: 4.695ms
GET NODE:0.000ms	PART1:0.468ms	PART2:2.159ms	CALCU TIME: 2.369ms, MSG TIME: 0.240ms, BARRIER TIME: 1.877ms, DSLASHOFFD TIME: 4.962ms
CG: 43 iter, rsd |r| = 5.08087e-08
GET NODE:0.000ms	PART1:0.465ms	PART2:2.273ms	CALCU TIME: 2.472ms, MSG TIME: 0.334ms, BARRIER TIME: 0.652ms, DSLASHOFFD TIME: 3.594ms
GET NODE:0.000ms	PART1:0.461ms	PART2:2.223ms	CALCU TIME: 2.435ms, MSG TIME: 0.341ms, BARRIER TIME: 0.322ms, DSLASHOFFD TIME: 3.574ms
GET NODE:0.001ms	PART1:0.457ms	PART2:2.107ms	CALCU TIME: 2.337ms, MSG TIME: 0.289ms, BARRIER TIME: 1.636ms, DSLASHOFFD TIME: 4.398ms
GET NODE:0.000ms	PART1:0.472ms	PART2:2.225ms	CALCU TIME: 2.417ms, MSG TIME: 0.299ms, BARRIER TIME: 0.394ms, DSLASHOFFD TIME: 3.614ms
CG: 44 iter, rsd |r| = 2.88392e-08
GET NODE:0.000ms	PART1:0.442ms	PART2:2.266ms	CALCU TIME: 2.461ms, MSG TIME: 0.327ms, BARRIER TIME: 1.637ms, DSLASHOFFD TIME: 4.565ms
GET NODE:0.000ms	PART1:0.427ms	PART2:2.136ms	CALCU TIME: 2.326ms, MSG TIME: 0.291ms, BARRIER TIME: 0.506ms, DSLASHOFFD TIME: 3.619ms
GET NODE:0.000ms	PART1:0.433ms	PART2:2.064ms	CALCU TIME: 2.276ms, MSG TIME: 0.291ms, BARRIER TIME: 0.639ms, DSLASHOFFD TIME: 3.338ms
GET NODE:0.001ms	PART1:0.452ms	PART2:2.169ms	CALCU TIME: 2.398ms, MSG TIME: 0.273ms, BARRIER TIME: 0.416ms, DSLASHOFFD TIME: 3.580ms
CG: 45 iter, rsd |r| = 1.60886e-08
GET NODE:0.000ms	PART1:0.442ms	PART2:2.342ms	CALCU TIME: 2.535ms, MSG TIME: 0.286ms, BARRIER TIME: 1.637ms, DSLASHOFFD TIME: 4.591ms
GET NODE:0.000ms	PART1:0.447ms	PART2:2.187ms	CALCU TIME: 2.404ms, MSG TIME: 0.272ms, BARRIER TIME: 0.499ms, DSLASHOFFD TIME: 3.670ms
GET NODE:0.000ms	PART1:0.431ms	PART2:2.042ms	CALCU TIME: 2.281ms, MSG TIME: 0.296ms, BARRIER TIME: 0.632ms, DSLASHOFFD TIME: 3.353ms
GET NODE:0.000ms	PART1:0.436ms	PART2:2.124ms	CALCU TIME: 2.372ms, MSG TIME: 0.252ms, BARRIER TIME: 0.619ms, DSLASHOFFD TIME: 3.716ms
CG: 46 iter, rsd |r| = 9.12368e-09
GET NODE:0.000ms	PART1:0.477ms	PART2:2.243ms	CALCU TIME: 2.445ms, MSG TIME: 0.337ms, BARRIER TIME: 1.432ms, DSLASHOFFD TIME: 4.345ms
GET NODE:0.000ms	PART1:0.454ms	PART2:2.346ms	CALCU TIME: 2.529ms, MSG TIME: 0.311ms, BARRIER TIME: 0.354ms, DSLASHOFFD TIME: 3.872ms
GET NODE:0.000ms	PART1:0.459ms	PART2:2.080ms	CALCU TIME: 2.320ms, MSG TIME: 0.313ms, BARRIER TIME: 0.620ms, DSLASHOFFD TIME: 3.390ms
GET NODE:0.000ms	PART1:0.442ms	PART2:2.492ms	CALCU TIME: 2.689ms, MSG TIME: 0.277ms, BARRIER TIME: 0.386ms, DSLASHOFFD TIME: 3.837ms
CG: 47 iter, rsd |r| = 5.09411e-09
GET NODE:0.000ms	PART1:0.421ms	PART2:2.269ms	CALCU TIME: 2.453ms, MSG TIME: 0.282ms, BARRIER TIME: 1.715ms, DSLASHOFFD TIME: 4.582ms
GET NODE:0.001ms	PART1:0.432ms	PART2:2.243ms	CALCU TIME: 2.453ms, MSG TIME: 0.224ms, BARRIER TIME: 1.665ms, DSLASHOFFD TIME: 4.834ms
GET NODE:0.000ms	PART1:0.424ms	PART2:2.131ms	CALCU TIME: 2.358ms, MSG TIME: 0.306ms, BARRIER TIME: 1.816ms, DSLASHOFFD TIME: 4.601ms
GET NODE:0.000ms	PART1:0.466ms	PART2:2.247ms	CALCU TIME: 2.452ms, MSG TIME: 0.301ms, BARRIER TIME: 1.788ms, DSLASHOFFD TIME: 5.011ms
CG: 48 iter, rsd |r| = 2.90459e-09
GET NODE:0.000ms	PART1:0.493ms	PART2:2.418ms	CALCU TIME: 2.590ms, MSG TIME: 0.284ms, BARRIER TIME: 0.436ms, DSLASHOFFD TIME: 3.442ms
GET NODE:0.000ms	PART1:0.400ms	PART2:2.108ms	CALCU TIME: 2.350ms, MSG TIME: 0.269ms, BARRIER TIME: 1.662ms, DSLASHOFFD TIME: 4.774ms
GET NODE:0.000ms	PART1:0.418ms	PART2:2.017ms	CALCU TIME: 2.244ms, MSG TIME: 0.337ms, BARRIER TIME: 0.849ms, DSLASHOFFD TIME: 3.552ms
GET NODE:0.000ms	PART1:0.466ms	PART2:2.334ms	CALCU TIME: 2.545ms, MSG TIME: 0.235ms, BARRIER TIME: 1.977ms, DSLASHOFFD TIME: 5.224ms
CG: 49 iter, rsd |r| = 1.62323e-09
GET NODE:0.000ms	PART1:0.470ms	PART2:2.272ms	CALCU TIME: 2.460ms, MSG TIME: 0.325ms, BARRIER TIME: 0.728ms, DSLASHOFFD TIME: 3.639ms
GET NODE:0.000ms	PART1:0.435ms	PART2:2.138ms	CALCU TIME: 2.367ms, MSG TIME: 0.279ms, BARRIER TIME: 0.518ms, DSLASHOFFD TIME: 3.651ms
GET NODE:0.000ms	PART1:0.422ms	PART2:2.241ms	CALCU TIME: 2.473ms, MSG TIME: 0.310ms, BARRIER TIME: 1.605ms, DSLASHOFFD TIME: 4.523ms
GET NODE:0.000ms	PART1:0.450ms	PART2:2.353ms	CALCU TIME: 2.570ms, MSG TIME: 0.316ms, BARRIER TIME: 0.464ms, DSLASHOFFD TIME: 3.823ms
CG: 50 iterations, convergence residual |r| = 9.26664e-10
GET NODE:0.000ms	PART1:0.572ms	PART2:2.231ms	CALCU TIME: 2.426ms, MSG TIME: 0.268ms, BARRIER TIME: 0.939ms, DSLASHOFFD TIME: 3.782ms
Source and Gauge, time: 1.32396
CG invert, time: 1.7529
Total time: 3.07686
Result checking ...
 [ Accuracy = 1e-09 ]
GET NODE:0.000ms	PART1:0.542ms	PART2:2.279ms	CALCU TIME: 2.490ms, MSG TIME: 0.325ms, BARRIER TIME: 0.398ms, DSLASHOFFD TIME: 3.390ms
GET NODE:0.000ms	PART1:0.476ms	PART2:2.102ms	CALCU TIME: 2.336ms, MSG TIME: 0.315ms, BARRIER TIME: 1.777ms, DSLASHOFFD TIME: 4.579ms
GET NODE:0.000ms	PART1:0.411ms	PART2:2.113ms	CALCU TIME: 2.345ms, MSG TIME: 0.288ms, BARRIER TIME: 0.665ms, DSLASHOFFD TIME: 3.410ms
GET NODE:0.000ms	PART1:0.546ms	PART2:2.247ms	CALCU TIME: 2.459ms, MSG TIME: 0.290ms, BARRIER TIME: 0.342ms, DSLASHOFFD TIME: 3.229ms
GET NODE:0.000ms	PART1:0.403ms	PART2:2.153ms	CALCU TIME: 2.383ms, MSG TIME: 0.221ms, BARRIER TIME: 2.026ms, DSLASHOFFD TIME: 4.726ms
GET NODE:0.000ms	PART1:0.512ms	PART2:2.228ms	CALCU TIME: 2.431ms, MSG TIME: 0.240ms, BARRIER TIME: 1.966ms, DSLASHOFFD TIME: 4.777ms
GET NODE:0.000ms	PART1:0.397ms	PART2:2.179ms	CALCU TIME: 2.398ms, MSG TIME: 0.267ms, BARRIER TIME: 2.132ms, DSLASHOFFD TIME: 4.915ms
GET NODE:0.000ms	PART1:0.518ms	PART2:2.338ms	CALCU TIME: 2.538ms, MSG TIME: 0.236ms, BARRIER TIME: 0.349ms, DSLASHOFFD TIME: 3.267ms
GET NODE:0.000ms	PART1:0.420ms	PART2:2.405ms	CALCU TIME: 2.612ms, MSG TIME: 0.226ms, BARRIER TIME: 0.571ms, DSLASHOFFD TIME: 3.532ms
GET NODE:0.000ms	PART1:0.483ms	PART2:2.287ms	CALCU TIME: 2.480ms, MSG TIME: 0.256ms, BARRIER TIME: 0.419ms, DSLASHOFFD TIME: 3.301ms
GET NODE:0.000ms	PART1:0.426ms	PART2:2.251ms	CALCU TIME: 2.464ms, MSG TIME: 0.278ms, BARRIER TIME: 0.557ms, DSLASHOFFD TIME: 3.417ms
GET NODE:0.000ms	PART1:0.528ms	PART2:2.334ms	CALCU TIME: 2.535ms, MSG TIME: 0.469ms, BARRIER TIME: 1.579ms, DSLASHOFFD TIME: 4.716ms
===================================
|b| = 2821.88    |x| = 819.407
(Mb, Mb) = (1.59587e+08,-1.95668e-13)    (b, MMb) = (1.59587e+08,-4.50882e-10)
(Mx, Mx) = (7.96303e+06,-3.84548e-14)    (x, MMx) = (7.96303e+06,3.78009e-12)
|M x -b| = 3.25471e-10
|M^dagger M x - Mdb| = 1.60355e-09
===================================
