  Mass  0.005
  gauge file  ../data/ipcc_gauge_48_96
  lattice size  48 48 48 96
  subgrid size  12 24 24 12
GET NODE:0.002ms	PART1:6.387ms	PART2:63.129ms	CALCU TIME: 66.945ms, MSG TIME: 8.915ms, BARRIER TIME: 2.788ms, DSLASHOFFD TIME: 88.532ms
GET NODE:0.001ms	PART1:6.542ms	PART2:68.045ms	CALCU TIME: 71.103ms, MSG TIME: 9.186ms, BARRIER TIME: 4.139ms, DSLASHOFFD TIME: 94.298ms
GET NODE:0.001ms	PART1:3.911ms	PART2:68.155ms	CALCU TIME: 69.646ms, MSG TIME: 3.084ms, BARRIER TIME: 0.048ms, DSLASHOFFD TIME: 81.445ms
GET NODE:0.002ms	PART1:6.748ms	PART2:26.933ms	CALCU TIME: 27.726ms, MSG TIME: 2.147ms, BARRIER TIME: 0.021ms, DSLASHOFFD TIME: 38.866ms
GET NODE:0.001ms	PART1:4.040ms	PART2:66.292ms	CALCU TIME: 68.291ms, MSG TIME: 1.902ms, BARRIER TIME: 0.839ms, DSLASHOFFD TIME: 81.013ms
GET NODE:0.001ms	PART1:6.958ms	PART2:65.541ms	CALCU TIME: 66.832ms, MSG TIME: 2.987ms, BARRIER TIME: 2.258ms, DSLASHOFFD TIME: 78.585ms
GET NODE:0.001ms	PART1:4.179ms	PART2:66.018ms	CALCU TIME: 68.046ms, MSG TIME: 1.976ms, BARRIER TIME: 0.284ms, DSLASHOFFD TIME: 80.050ms
GET NODE:0.001ms	PART1:6.834ms	PART2:63.956ms	CALCU TIME: 65.205ms, MSG TIME: 3.437ms, BARRIER TIME: 2.053ms, DSLASHOFFD TIME: 78.789ms
GET NODE:0.001ms	PART1:4.200ms	PART2:66.099ms	CALCU TIME: 68.172ms, MSG TIME: 2.070ms, BARRIER TIME: 1.025ms, DSLASHOFFD TIME: 80.950ms
GET NODE:0.001ms	PART1:7.137ms	PART2:65.507ms	CALCU TIME: 66.633ms, MSG TIME: 3.005ms, BARRIER TIME: 0.906ms, DSLASHOFFD TIME: 77.347ms
GET NODE:0.001ms	PART1:4.363ms	PART2:65.849ms	CALCU TIME: 72.209ms, MSG TIME: 1.761ms, BARRIER TIME: 0.019ms, DSLASHOFFD TIME: 83.519ms
CG: 1 iter, rsd |r| = 24100.8
GET NODE:0.001ms	PART1:4.923ms	PART2:67.248ms	CALCU TIME: 68.515ms, MSG TIME: 2.435ms, BARRIER TIME: 3.388ms, DSLASHOFFD TIME: 83.219ms
GET NODE:0.001ms	PART1:4.398ms	PART2:66.478ms	CALCU TIME: 68.329ms, MSG TIME: 1.956ms, BARRIER TIME: 0.019ms, DSLASHOFFD TIME: 79.988ms
GET NODE:0.001ms	PART1:6.713ms	PART2:65.157ms	CALCU TIME: 66.364ms, MSG TIME: 2.906ms, BARRIER TIME: 1.064ms, DSLASHOFFD TIME: 78.223ms
GET NODE:0.001ms	PART1:4.570ms	PART2:66.295ms	CALCU TIME: 68.184ms, MSG TIME: 2.048ms, BARRIER TIME: 0.192ms, DSLASHOFFD TIME: 79.900ms
CG: 2 iter, rsd |r| = 6406.04
GET NODE:0.001ms	PART1:4.342ms	PART2:67.584ms	CALCU TIME: 69.271ms, MSG TIME: 2.207ms, BARRIER TIME: 4.418ms, DSLASHOFFD TIME: 84.790ms
GET NODE:0.001ms	PART1:4.437ms	PART2:65.755ms	CALCU TIME: 67.750ms, MSG TIME: 1.957ms, BARRIER TIME: 3.051ms, DSLASHOFFD TIME: 82.496ms
GET NODE:0.001ms	PART1:6.418ms	PART2:68.702ms	CALCU TIME: 71.570ms, MSG TIME: 11.288ms, BARRIER TIME: 10.761ms, DSLASHOFFD TIME: 103.521ms
GET NODE:0.001ms	PART1:4.746ms	PART2:66.423ms	CALCU TIME: 68.209ms, MSG TIME: 1.990ms, BARRIER TIME: 0.102ms, DSLASHOFFD TIME: 79.870ms
CG: 3 iter, rsd |r| = 2929.58
GET NODE:0.001ms	PART1:4.807ms	PART2:66.673ms	CALCU TIME: 68.109ms, MSG TIME: 2.446ms, BARRIER TIME: 0.759ms, DSLASHOFFD TIME: 80.551ms
GET NODE:0.001ms	PART1:4.719ms	PART2:66.268ms	CALCU TIME: 68.174ms, MSG TIME: 2.028ms, BARRIER TIME: 0.020ms, DSLASHOFFD TIME: 79.712ms
GET NODE:0.002ms	PART1:6.754ms	PART2:64.229ms	CALCU TIME: 65.879ms, MSG TIME: 3.018ms, BARRIER TIME: 3.255ms, DSLASHOFFD TIME: 80.132ms
GET NODE:0.001ms	PART1:4.202ms	PART2:66.351ms	CALCU TIME: 68.278ms, MSG TIME: 2.050ms, BARRIER TIME: 0.019ms, DSLASHOFFD TIME: 79.873ms
CG: 4 iter, rsd |r| = 1135.68
GET NODE:0.001ms	PART1:5.393ms	PART2:66.704ms	CALCU TIME: 68.104ms, MSG TIME: 2.290ms, BARRIER TIME: 0.680ms, DSLASHOFFD TIME: 80.096ms
GET NODE:0.001ms	PART1:4.780ms	PART2:66.433ms	CALCU TIME: 68.130ms, MSG TIME: 1.988ms, BARRIER TIME: 0.020ms, DSLASHOFFD TIME: 79.759ms
GET NODE:0.001ms	PART1:6.673ms	PART2:65.634ms	CALCU TIME: 66.666ms, MSG TIME: 2.631ms, BARRIER TIME: 0.654ms, DSLASHOFFD TIME: 77.211ms
GET NODE:0.001ms	PART1:4.555ms	PART2:66.278ms	CALCU TIME: 68.254ms, MSG TIME: 1.896ms, BARRIER TIME: 0.200ms, DSLASHOFFD TIME: 79.885ms
CG: 5 iter, rsd |r| = 576.233
GET NODE:0.001ms	PART1:4.954ms	PART2:67.468ms	CALCU TIME: 68.655ms, MSG TIME: 2.205ms, BARRIER TIME: 0.056ms, DSLASHOFFD TIME: 79.900ms
GET NODE:0.002ms	PART1:6.977ms	PART2:55.215ms	CALCU TIME: 56.205ms, MSG TIME: 2.613ms, BARRIER TIME: 5.841ms, DSLASHOFFD TIME: 73.913ms
GET NODE:0.001ms	PART1:6.603ms	PART2:63.673ms	CALCU TIME: 65.250ms, MSG TIME: 3.082ms, BARRIER TIME: 2.229ms, DSLASHOFFD TIME: 79.706ms
GET NODE:0.001ms	PART1:4.702ms	PART2:66.093ms	CALCU TIME: 68.099ms, MSG TIME: 2.086ms, BARRIER TIME: 0.523ms, DSLASHOFFD TIME: 80.169ms
CG: 6 iter, rsd |r| = 325.972
GET NODE:0.001ms	PART1:5.265ms	PART2:67.705ms	CALCU TIME: 68.820ms, MSG TIME: 2.193ms, BARRIER TIME: 0.162ms, DSLASHOFFD TIME: 80.291ms
GET NODE:0.000ms	PART1:4.622ms	PART2:65.901ms	CALCU TIME: 67.885ms, MSG TIME: 2.183ms, BARRIER TIME: 0.020ms, DSLASHOFFD TIME: 79.750ms
GET NODE:0.002ms	PART1:6.841ms	PART2:63.104ms	CALCU TIME: 64.735ms, MSG TIME: 3.605ms, BARRIER TIME: 3.063ms, DSLASHOFFD TIME: 79.507ms
GET NODE:0.001ms	PART1:4.857ms	PART2:66.225ms	CALCU TIME: 68.080ms, MSG TIME: 2.229ms, BARRIER TIME: 0.018ms, DSLASHOFFD TIME: 79.791ms
CG: 7 iter, rsd |r| = 192.308
GET NODE:0.001ms	PART1:6.120ms	PART2:70.568ms	CALCU TIME: 72.803ms, MSG TIME: 3.139ms, BARRIER TIME: 1.223ms, DSLASHOFFD TIME: 86.519ms
GET NODE:0.001ms	PART1:6.283ms	PART2:66.491ms	CALCU TIME: 67.833ms, MSG TIME: 2.193ms, BARRIER TIME: 0.262ms, DSLASHOFFD TIME: 78.727ms
GET NODE:0.001ms	PART1:6.852ms	PART2:65.756ms	CALCU TIME: 67.227ms, MSG TIME: 2.839ms, BARRIER TIME: 1.910ms, DSLASHOFFD TIME: 78.820ms
GET NODE:0.001ms	PART1:4.259ms	PART2:65.885ms	CALCU TIME: 68.076ms, MSG TIME: 1.891ms, BARRIER TIME: 0.226ms, DSLASHOFFD TIME: 79.969ms
CG: 8 iter, rsd |r| = 116.04
GET NODE:0.001ms	PART1:5.426ms	PART2:67.337ms	CALCU TIME: 68.381ms, MSG TIME: 2.301ms, BARRIER TIME: 0.530ms, DSLASHOFFD TIME: 80.282ms
GET NODE:0.001ms	PART1:4.354ms	PART2:66.490ms	CALCU TIME: 68.492ms, MSG TIME: 1.910ms, BARRIER TIME: 0.562ms, DSLASHOFFD TIME: 80.408ms
GET NODE:0.001ms	PART1:6.458ms	PART2:65.756ms	CALCU TIME: 66.724ms, MSG TIME: 2.831ms, BARRIER TIME: 0.020ms, DSLASHOFFD TIME: 76.145ms
GET NODE:0.000ms	PART1:4.765ms	PART2:66.338ms	CALCU TIME: 68.243ms, MSG TIME: 2.040ms, BARRIER TIME: 0.347ms, DSLASHOFFD TIME: 80.093ms
CG: 9 iter, rsd |r| = 63.3085
GET NODE:0.001ms	PART1:5.886ms	PART2:66.691ms	CALCU TIME: 67.879ms, MSG TIME: 2.785ms, BARRIER TIME: 0.408ms, DSLASHOFFD TIME: 79.787ms
GET NODE:0.001ms	PART1:3.827ms	PART2:66.543ms	CALCU TIME: 68.201ms, MSG TIME: 1.888ms, BARRIER TIME: 0.017ms, DSLASHOFFD TIME: 79.874ms
GET NODE:0.002ms	PART1:6.818ms	PART2:64.541ms	CALCU TIME: 66.075ms, MSG TIME: 2.795ms, BARRIER TIME: 2.470ms, DSLASHOFFD TIME: 79.710ms
GET NODE:0.001ms	PART1:4.656ms	PART2:66.487ms	CALCU TIME: 68.513ms, MSG TIME: 1.883ms, BARRIER TIME: 0.019ms, DSLASHOFFD TIME: 79.880ms
CG: 10 iter, rsd |r| = 39.0285
GET NODE:0.001ms	PART1:5.738ms	PART2:66.601ms	CALCU TIME: 67.787ms, MSG TIME: 2.557ms, BARRIER TIME: 0.432ms, DSLASHOFFD TIME: 79.600ms
GET NODE:0.001ms	PART1:4.587ms	PART2:66.500ms	CALCU TIME: 68.443ms, MSG TIME: 1.667ms, BARRIER TIME: 0.017ms, DSLASHOFFD TIME: 79.754ms
GET NODE:0.001ms	PART1:6.593ms	PART2:64.889ms	CALCU TIME: 66.569ms, MSG TIME: 2.511ms, BARRIER TIME: 2.720ms, DSLASHOFFD TIME: 80.191ms
GET NODE:0.001ms	PART1:4.473ms	PART2:65.978ms	CALCU TIME: 68.074ms, MSG TIME: 2.023ms, BARRIER TIME: 0.183ms, DSLASHOFFD TIME: 79.868ms
CG: 11 iter, rsd |r| = 22.3971
GET NODE:0.001ms	PART1:5.384ms	PART2:67.192ms	CALCU TIME: 68.399ms, MSG TIME: 2.283ms, BARRIER TIME: 0.225ms, DSLASHOFFD TIME: 79.852ms
GET NODE:0.001ms	PART1:4.888ms	PART2:65.969ms	CALCU TIME: 68.011ms, MSG TIME: 2.164ms, BARRIER TIME: 0.017ms, DSLASHOFFD TIME: 79.823ms
GET NODE:0.001ms	PART1:7.105ms	PART2:63.768ms	CALCU TIME: 65.312ms, MSG TIME: 3.258ms, BARRIER TIME: 2.616ms, DSLASHOFFD TIME: 79.582ms
GET NODE:0.001ms	PART1:4.841ms	PART2:66.859ms	CALCU TIME: 68.516ms, MSG TIME: 1.746ms, BARRIER TIME: 0.019ms, DSLASHOFFD TIME: 79.946ms
CG: 12 iter, rsd |r| = 14.1595
GET NODE:0.001ms	PART1:4.947ms	PART2:68.126ms	CALCU TIME: 69.451ms, MSG TIME: 1.883ms, BARRIER TIME: 0.025ms, DSLASHOFFD TIME: 80.357ms
GET NODE:0.000ms	PART1:4.643ms	PART2:67.582ms	CALCU TIME: 68.898ms, MSG TIME: 1.728ms, BARRIER TIME: 0.019ms, DSLASHOFFD TIME: 80.335ms
GET NODE:0.002ms	PART1:7.121ms	PART2:65.576ms	CALCU TIME: 66.656ms, MSG TIME: 2.385ms, BARRIER TIME: 1.237ms, DSLASHOFFD TIME: 77.992ms
GET NODE:0.001ms	PART1:4.329ms	PART2:65.874ms	CALCU TIME: 67.775ms, MSG TIME: 2.220ms, BARRIER TIME: 0.132ms, DSLASHOFFD TIME: 79.776ms
CG: 13 iter, rsd |r| = 7.79512
GET NODE:0.001ms	PART1:5.469ms	PART2:66.306ms	CALCU TIME: 67.562ms, MSG TIME: 2.725ms, BARRIER TIME: 0.128ms, DSLASHOFFD TIME: 79.657ms
GET NODE:0.000ms	PART1:4.497ms	PART2:66.241ms	CALCU TIME: 68.180ms, MSG TIME: 1.966ms, BARRIER TIME: 0.018ms, DSLASHOFFD TIME: 79.778ms
GET NODE:0.001ms	PART1:7.184ms	PART2:63.435ms	CALCU TIME: 65.059ms, MSG TIME: 2.689ms, BARRIER TIME: 3.165ms, DSLASHOFFD TIME: 79.045ms
GET NODE:0.001ms	PART1:4.663ms	PART2:66.329ms	CALCU TIME: 68.300ms, MSG TIME: 1.907ms, BARRIER TIME: 0.243ms, DSLASHOFFD TIME: 80.064ms
CG: 14 iter, rsd |r| = 4.84421
GET NODE:0.000ms	PART1:5.373ms	PART2:67.264ms	CALCU TIME: 68.546ms, MSG TIME: 2.403ms, BARRIER TIME: 0.465ms, DSLASHOFFD TIME: 79.878ms
GET NODE:0.001ms	PART1:4.997ms	PART2:66.291ms	CALCU TIME: 68.093ms, MSG TIME: 2.037ms, BARRIER TIME: 0.352ms, DSLASHOFFD TIME: 80.177ms
GET NODE:0.000ms	PART1:7.019ms	PART2:65.582ms	CALCU TIME: 66.663ms, MSG TIME: 2.855ms, BARRIER TIME: 0.656ms, DSLASHOFFD TIME: 77.603ms
GET NODE:0.001ms	PART1:4.750ms	PART2:66.376ms	CALCU TIME: 68.437ms, MSG TIME: 1.841ms, BARRIER TIME: 0.020ms, DSLASHOFFD TIME: 79.809ms
CG: 15 iter, rsd |r| = 2.78619
GET NODE:0.001ms	PART1:5.770ms	PART2:67.485ms	CALCU TIME: 68.779ms, MSG TIME: 2.154ms, BARRIER TIME: 0.170ms, DSLASHOFFD TIME: 79.861ms
GET NODE:0.001ms	PART1:4.430ms	PART2:66.096ms	CALCU TIME: 68.223ms, MSG TIME: 1.961ms, BARRIER TIME: 0.846ms, DSLASHOFFD TIME: 80.625ms
GET NODE:0.001ms	PART1:7.401ms	PART2:64.761ms	CALCU TIME: 66.129ms, MSG TIME: 2.714ms, BARRIER TIME: 1.817ms, DSLASHOFFD TIME: 78.253ms
GET NODE:0.001ms	PART1:4.294ms	PART2:66.093ms	CALCU TIME: 68.109ms, MSG TIME: 1.745ms, BARRIER TIME: 0.628ms, DSLASHOFFD TIME: 80.291ms
CG: 16 iter, rsd |r| = 1.74139
GET NODE:0.000ms	PART1:5.533ms	PART2:67.674ms	CALCU TIME: 68.783ms, MSG TIME: 2.234ms, BARRIER TIME: 0.163ms, DSLASHOFFD TIME: 80.349ms
GET NODE:0.001ms	PART1:4.600ms	PART2:66.159ms	CALCU TIME: 67.950ms, MSG TIME: 2.250ms, BARRIER TIME: 0.018ms, DSLASHOFFD TIME: 79.860ms
GET NODE:0.002ms	PART1:7.558ms	PART2:63.418ms	CALCU TIME: 64.832ms, MSG TIME: 3.385ms, BARRIER TIME: 4.753ms, DSLASHOFFD TIME: 80.343ms
GET NODE:0.001ms	PART1:4.526ms	PART2:65.895ms	CALCU TIME: 67.882ms, MSG TIME: 2.198ms, BARRIER TIME: 1.747ms, DSLASHOFFD TIME: 81.626ms
CG: 17 iter, rsd |r| = 0.989764
GET NODE:0.001ms	PART1:5.590ms	PART2:66.894ms	CALCU TIME: 68.270ms, MSG TIME: 2.353ms, BARRIER TIME: 0.219ms, DSLASHOFFD TIME: 79.800ms
GET NODE:0.000ms	PART1:4.786ms	PART2:65.794ms	CALCU TIME: 67.873ms, MSG TIME: 2.273ms, BARRIER TIME: 0.078ms, DSLASHOFFD TIME: 79.767ms
GET NODE:0.001ms	PART1:6.623ms	PART2:65.893ms	CALCU TIME: 67.157ms, MSG TIME: 2.045ms, BARRIER TIME: 0.717ms, DSLASHOFFD TIME: 78.084ms
GET NODE:0.001ms	PART1:4.250ms	PART2:65.947ms	CALCU TIME: 68.014ms, MSG TIME: 1.867ms, BARRIER TIME: 0.572ms, DSLASHOFFD TIME: 80.280ms
CG: 18 iter, rsd |r| = 0.600705
GET NODE:0.001ms	PART1:5.418ms	PART2:67.712ms	CALCU TIME: 68.865ms, MSG TIME: 2.174ms, BARRIER TIME: 0.132ms, DSLASHOFFD TIME: 80.396ms
GET NODE:0.001ms	PART1:4.689ms	PART2:66.256ms	CALCU TIME: 68.114ms, MSG TIME: 1.957ms, BARRIER TIME: 0.531ms, DSLASHOFFD TIME: 80.380ms
GET NODE:0.001ms	PART1:6.500ms	PART2:65.431ms	CALCU TIME: 66.730ms, MSG TIME: 2.233ms, BARRIER TIME: 1.071ms, DSLASHOFFD TIME: 78.177ms
GET NODE:0.001ms	PART1:4.751ms	PART2:66.499ms	CALCU TIME: 68.578ms, MSG TIME: 1.619ms, BARRIER TIME: 0.019ms, DSLASHOFFD TIME: 79.736ms
CG: 19 iter, rsd |r| = 0.356875
GET NODE:0.001ms	PART1:5.523ms	PART2:67.878ms	CALCU TIME: 68.999ms, MSG TIME: 2.108ms, BARRIER TIME: 0.019ms, DSLASHOFFD TIME: 79.960ms
GET NODE:0.001ms	PART1:4.444ms	PART2:65.612ms	CALCU TIME: 67.809ms, MSG TIME: 2.295ms, BARRIER TIME: 0.102ms, DSLASHOFFD TIME: 79.796ms
GET NODE:0.001ms	PART1:6.439ms	PART2:65.455ms	CALCU TIME: 66.942ms, MSG TIME: 2.111ms, BARRIER TIME: 3.551ms, DSLASHOFFD TIME: 80.452ms
GET NODE:0.001ms	PART1:4.513ms	PART2:66.018ms	CALCU TIME: 68.093ms, MSG TIME: 1.887ms, BARRIER TIME: 0.023ms, DSLASHOFFD TIME: 79.683ms
CG: 20 iter, rsd |r| = 0.215263
GET NODE:0.001ms	PART1:4.767ms	PART2:67.995ms	CALCU TIME: 69.335ms, MSG TIME: 2.464ms, BARRIER TIME: 0.182ms, DSLASHOFFD TIME: 81.090ms
GET NODE:0.001ms	PART1:4.235ms	PART2:66.587ms	CALCU TIME: 68.889ms, MSG TIME: 2.194ms, BARRIER TIME: 0.434ms, DSLASHOFFD TIME: 81.057ms
GET NODE:0.001ms	PART1:5.807ms	PART2:66.547ms	CALCU TIME: 67.698ms, MSG TIME: 1.930ms, BARRIER TIME: 0.481ms, DSLASHOFFD TIME: 78.825ms
GET NODE:0.001ms	PART1:6.417ms	PART2:66.999ms	CALCU TIME: 68.248ms, MSG TIME: 1.957ms, BARRIER TIME: 0.019ms, DSLASHOFFD TIME: 78.943ms
CG: 21 iter, rsd |r| = 0.128328
GET NODE:0.001ms	PART1:5.233ms	PART2:67.739ms	CALCU TIME: 68.816ms, MSG TIME: 2.088ms, BARRIER TIME: 0.478ms, DSLASHOFFD TIME: 80.863ms
GET NODE:0.002ms	PART1:4.796ms	PART2:66.366ms	CALCU TIME: 68.466ms, MSG TIME: 1.748ms, BARRIER TIME: 0.699ms, DSLASHOFFD TIME: 80.380ms
GET NODE:0.001ms	PART1:6.888ms	PART2:64.714ms	CALCU TIME: 65.823ms, MSG TIME: 2.613ms, BARRIER TIME: 1.720ms, DSLASHOFFD TIME: 78.109ms
GET NODE:0.001ms	PART1:4.525ms	PART2:66.350ms	CALCU TIME: 68.208ms, MSG TIME: 1.990ms, BARRIER TIME: 0.017ms, DSLASHOFFD TIME: 79.757ms
CG: 22 iter, rsd |r| = 0.0748761
GET NODE:0.001ms	PART1:5.165ms	PART2:67.397ms	CALCU TIME: 68.367ms, MSG TIME: 2.215ms, BARRIER TIME: 0.595ms, DSLASHOFFD TIME: 80.238ms
GET NODE:0.001ms	PART1:4.738ms	PART2:66.597ms	CALCU TIME: 68.533ms, MSG TIME: 1.809ms, BARRIER TIME: 0.478ms, DSLASHOFFD TIME: 80.458ms
GET NODE:0.000ms	PART1:7.100ms	PART2:65.374ms	CALCU TIME: 66.578ms, MSG TIME: 2.782ms, BARRIER TIME: 1.095ms, DSLASHOFFD TIME: 77.783ms
GET NODE:0.000ms	PART1:4.845ms	PART2:66.639ms	CALCU TIME: 68.215ms, MSG TIME: 2.020ms, BARRIER TIME: 0.020ms, DSLASHOFFD TIME: 80.044ms
CG: 23 iter, rsd |r| = 0.0458158
GET NODE:0.001ms	PART1:5.606ms	PART2:67.514ms	CALCU TIME: 68.624ms, MSG TIME: 2.197ms, BARRIER TIME: 0.261ms, DSLASHOFFD TIME: 80.074ms
GET NODE:0.000ms	PART1:4.181ms	PART2:66.431ms	CALCU TIME: 68.464ms, MSG TIME: 1.836ms, BARRIER TIME: 0.391ms, DSLASHOFFD TIME: 80.234ms
GET NODE:0.001ms	PART1:6.890ms	PART2:65.886ms	CALCU TIME: 67.084ms, MSG TIME: 2.271ms, BARRIER TIME: 0.437ms, DSLASHOFFD TIME: 77.623ms
GET NODE:0.001ms	PART1:4.824ms	PART2:65.913ms	CALCU TIME: 67.929ms, MSG TIME: 2.202ms, BARRIER TIME: 0.569ms, DSLASHOFFD TIME: 80.277ms
CG: 24 iter, rsd |r| = 0.0267343
GET NODE:0.002ms	PART1:4.870ms	PART2:67.788ms	CALCU TIME: 68.942ms, MSG TIME: 2.113ms, BARRIER TIME: 0.578ms, DSLASHOFFD TIME: 81.355ms
GET NODE:0.001ms	PART1:4.331ms	PART2:66.100ms	CALCU TIME: 68.327ms, MSG TIME: 1.709ms, BARRIER TIME: 0.297ms, DSLASHOFFD TIME: 80.028ms
GET NODE:0.001ms	PART1:6.702ms	PART2:65.217ms	CALCU TIME: 66.622ms, MSG TIME: 2.760ms, BARRIER TIME: 2.270ms, DSLASHOFFD TIME: 79.820ms
GET NODE:0.001ms	PART1:4.411ms	PART2:66.371ms	CALCU TIME: 68.505ms, MSG TIME: 1.706ms, BARRIER TIME: 0.019ms, DSLASHOFFD TIME: 79.775ms
CG: 25 iter, rsd |r| = 0.0163923
GET NODE:0.001ms	PART1:5.295ms	PART2:67.977ms	CALCU TIME: 68.942ms, MSG TIME: 1.998ms, BARRIER TIME: 0.020ms, DSLASHOFFD TIME: 80.291ms
GET NODE:0.001ms	PART1:4.921ms	PART2:66.571ms	CALCU TIME: 68.499ms, MSG TIME: 1.795ms, BARRIER TIME: 0.622ms, DSLASHOFFD TIME: 80.531ms
GET NODE:0.001ms	PART1:7.261ms	PART2:63.801ms	CALCU TIME: 65.385ms, MSG TIME: 2.880ms, BARRIER TIME: 3.021ms, DSLASHOFFD TIME: 79.325ms
GET NODE:0.000ms	PART1:4.457ms	PART2:66.379ms	CALCU TIME: 68.545ms, MSG TIME: 1.643ms, BARRIER TIME: 0.191ms, DSLASHOFFD TIME: 79.936ms
CG: 26 iter, rsd |r| = 0.00938091
GET NODE:0.001ms	PART1:5.193ms	PART2:67.054ms	CALCU TIME: 68.421ms, MSG TIME: 2.164ms, BARRIER TIME: 0.708ms, DSLASHOFFD TIME: 80.364ms
GET NODE:0.001ms	PART1:4.976ms	PART2:66.459ms	CALCU TIME: 68.116ms, MSG TIME: 2.009ms, BARRIER TIME: 0.220ms, DSLASHOFFD TIME: 79.936ms
GET NODE:0.001ms	PART1:6.944ms	PART2:64.523ms	CALCU TIME: 66.192ms, MSG TIME: 3.079ms, BARRIER TIME: 2.683ms, DSLASHOFFD TIME: 80.361ms
GET NODE:0.001ms	PART1:4.782ms	PART2:66.451ms	CALCU TIME: 68.386ms, MSG TIME: 1.801ms, BARRIER TIME: 0.259ms, DSLASHOFFD TIME: 79.961ms
CG: 27 iter, rsd |r| = 0.00577485
GET NODE:0.001ms	PART1:5.683ms	PART2:66.985ms	CALCU TIME: 68.125ms, MSG TIME: 2.591ms, BARRIER TIME: 0.019ms, DSLASHOFFD TIME: 79.890ms
GET NODE:0.001ms	PART1:4.776ms	PART2:66.563ms	CALCU TIME: 68.129ms, MSG TIME: 2.268ms, BARRIER TIME: 0.045ms, DSLASHOFFD TIME: 80.094ms
GET NODE:0.002ms	PART1:7.120ms	PART2:63.563ms	CALCU TIME: 65.024ms, MSG TIME: 2.718ms, BARRIER TIME: 3.901ms, DSLASHOFFD TIME: 79.851ms
GET NODE:0.001ms	PART1:4.786ms	PART2:66.176ms	CALCU TIME: 68.213ms, MSG TIME: 1.915ms, BARRIER TIME: 0.401ms, DSLASHOFFD TIME: 80.162ms
CG: 28 iter, rsd |r| = 0.00335078
GET NODE:0.001ms	PART1:4.933ms	PART2:67.224ms	CALCU TIME: 68.266ms, MSG TIME: 2.098ms, BARRIER TIME: 3.284ms, DSLASHOFFD TIME: 82.853ms
GET NODE:0.001ms	PART1:4.637ms	PART2:66.586ms	CALCU TIME: 68.504ms, MSG TIME: 1.761ms, BARRIER TIME: 0.630ms, DSLASHOFFD TIME: 80.653ms
GET NODE:0.001ms	PART1:6.765ms	PART2:65.455ms	CALCU TIME: 66.873ms, MSG TIME: 2.383ms, BARRIER TIME: 1.733ms, DSLASHOFFD TIME: 78.662ms
GET NODE:0.000ms	PART1:4.669ms	PART2:66.434ms	CALCU TIME: 68.194ms, MSG TIME: 1.791ms, BARRIER TIME: 0.204ms, DSLASHOFFD TIME: 79.940ms
CG: 29 iter, rsd |r| = 0.00204676
GET NODE:0.001ms	PART1:6.550ms	PART2:68.619ms	CALCU TIME: 69.451ms, MSG TIME: 2.036ms, BARRIER TIME: 0.914ms, DSLASHOFFD TIME: 81.494ms
GET NODE:0.001ms	PART1:4.735ms	PART2:66.847ms	CALCU TIME: 68.702ms, MSG TIME: 1.697ms, BARRIER TIME: 0.018ms, DSLASHOFFD TIME: 80.502ms
GET NODE:0.001ms	PART1:6.296ms	PART2:65.608ms	CALCU TIME: 66.850ms, MSG TIME: 2.184ms, BARRIER TIME: 1.305ms, DSLASHOFFD TIME: 79.061ms
GET NODE:0.001ms	PART1:4.829ms	PART2:66.348ms	CALCU TIME: 68.422ms, MSG TIME: 1.739ms, BARRIER TIME: 0.069ms, DSLASHOFFD TIME: 79.858ms
CG: 30 iter, rsd |r| = 0.00118272
GET NODE:0.001ms	PART1:5.164ms	PART2:67.060ms	CALCU TIME: 68.491ms, MSG TIME: 2.129ms, BARRIER TIME: 0.371ms, DSLASHOFFD TIME: 80.180ms
GET NODE:0.001ms	PART1:4.213ms	PART2:66.282ms	CALCU TIME: 68.355ms, MSG TIME: 1.640ms, BARRIER TIME: 0.435ms, DSLASHOFFD TIME: 80.205ms
GET NODE:0.000ms	PART1:6.293ms	PART2:65.051ms	CALCU TIME: 66.151ms, MSG TIME: 2.516ms, BARRIER TIME: 0.619ms, DSLASHOFFD TIME: 78.560ms
GET NODE:0.001ms	PART1:4.892ms	PART2:66.593ms	CALCU TIME: 68.555ms, MSG TIME: 1.851ms, BARRIER TIME: 0.039ms, DSLASHOFFD TIME: 79.874ms
CG: 31 iter, rsd |r| = 0.000716517
GET NODE:0.001ms	PART1:5.615ms	PART2:67.205ms	CALCU TIME: 68.348ms, MSG TIME: 2.208ms, BARRIER TIME: 1.952ms, DSLASHOFFD TIME: 81.539ms
GET NODE:0.001ms	PART1:4.547ms	PART2:66.502ms	CALCU TIME: 68.490ms, MSG TIME: 1.706ms, BARRIER TIME: 1.595ms, DSLASHOFFD TIME: 81.322ms
GET NODE:0.001ms	PART1:7.169ms	PART2:65.133ms	CALCU TIME: 66.207ms, MSG TIME: 2.874ms, BARRIER TIME: 0.885ms, DSLASHOFFD TIME: 77.097ms
GET NODE:0.001ms	PART1:4.784ms	PART2:66.397ms	CALCU TIME: 68.352ms, MSG TIME: 1.900ms, BARRIER TIME: 0.239ms, DSLASHOFFD TIME: 80.138ms
CG: 32 iter, rsd |r| = 0.00042335
GET NODE:0.001ms	PART1:5.676ms	PART2:67.948ms	CALCU TIME: 68.967ms, MSG TIME: 1.831ms, BARRIER TIME: 0.018ms, DSLASHOFFD TIME: 79.899ms
GET NODE:0.001ms	PART1:4.363ms	PART2:66.250ms	CALCU TIME: 68.383ms, MSG TIME: 1.783ms, BARRIER TIME: 0.513ms, DSLASHOFFD TIME: 80.207ms
GET NODE:0.001ms	PART1:6.948ms	PART2:65.366ms	CALCU TIME: 66.479ms, MSG TIME: 2.892ms, BARRIER TIME: 1.294ms, DSLASHOFFD TIME: 78.316ms
GET NODE:0.000ms	PART1:4.613ms	PART2:66.203ms	CALCU TIME: 68.231ms, MSG TIME: 1.969ms, BARRIER TIME: 0.240ms, DSLASHOFFD TIME: 79.970ms
CG: 33 iter, rsd |r| = 0.000253426
GET NODE:0.001ms	PART1:5.295ms	PART2:67.340ms	CALCU TIME: 68.308ms, MSG TIME: 2.214ms, BARRIER TIME: 0.014ms, DSLASHOFFD TIME: 79.751ms
GET NODE:0.001ms	PART1:4.719ms	PART2:66.377ms	CALCU TIME: 68.419ms, MSG TIME: 1.851ms, BARRIER TIME: 0.090ms, DSLASHOFFD TIME: 79.944ms
GET NODE:0.002ms	PART1:7.335ms	PART2:65.373ms	CALCU TIME: 66.629ms, MSG TIME: 2.747ms, BARRIER TIME: 1.382ms, DSLASHOFFD TIME: 78.230ms
GET NODE:0.001ms	PART1:4.969ms	PART2:66.144ms	CALCU TIME: 68.189ms, MSG TIME: 1.818ms, BARRIER TIME: 0.201ms, DSLASHOFFD TIME: 79.954ms
CG: 34 iter, rsd |r| = 0.000150359
GET NODE:0.001ms	PART1:5.524ms	PART2:67.744ms	CALCU TIME: 68.770ms, MSG TIME: 2.045ms, BARRIER TIME: 0.099ms, DSLASHOFFD TIME: 79.877ms
GET NODE:0.001ms	PART1:4.973ms	PART2:66.568ms	CALCU TIME: 68.496ms, MSG TIME: 1.756ms, BARRIER TIME: 0.212ms, DSLASHOFFD TIME: 80.011ms
GET NODE:0.001ms	PART1:7.874ms	PART2:61.909ms	CALCU TIME: 62.824ms, MSG TIME: 2.305ms, BARRIER TIME: 0.612ms, DSLASHOFFD TIME: 73.151ms
GET NODE:0.001ms	PART1:4.063ms	PART2:66.092ms	CALCU TIME: 68.258ms, MSG TIME: 1.740ms, BARRIER TIME: 0.341ms, DSLASHOFFD TIME: 80.574ms
CG: 35 iter, rsd |r| = 8.89406e-05
GET NODE:0.001ms	PART1:5.292ms	PART2:67.292ms	CALCU TIME: 68.496ms, MSG TIME: 2.037ms, BARRIER TIME: 0.625ms, DSLASHOFFD TIME: 80.217ms
GET NODE:0.001ms	PART1:4.705ms	PART2:66.246ms	CALCU TIME: 68.362ms, MSG TIME: 1.697ms, BARRIER TIME: 1.269ms, DSLASHOFFD TIME: 80.933ms
GET NODE:0.001ms	PART1:7.128ms	PART2:63.786ms	CALCU TIME: 65.336ms, MSG TIME: 2.623ms, BARRIER TIME: 2.354ms, DSLASHOFFD TIME: 78.412ms
GET NODE:0.001ms	PART1:5.112ms	PART2:66.599ms	CALCU TIME: 68.437ms, MSG TIME: 2.029ms, BARRIER TIME: 0.333ms, DSLASHOFFD TIME: 80.350ms
CG: 36 iter, rsd |r| = 5.37543e-05
GET NODE:0.001ms	PART1:4.734ms	PART2:67.856ms	CALCU TIME: 68.856ms, MSG TIME: 1.705ms, BARRIER TIME: 0.018ms, DSLASHOFFD TIME: 80.372ms
GET NODE:0.001ms	PART1:4.596ms	PART2:66.714ms	CALCU TIME: 68.798ms, MSG TIME: 1.549ms, BARRIER TIME: 0.242ms, DSLASHOFFD TIME: 80.281ms
GET NODE:0.001ms	PART1:6.979ms	PART2:65.911ms	CALCU TIME: 67.106ms, MSG TIME: 2.207ms, BARRIER TIME: 0.990ms, DSLASHOFFD TIME: 77.878ms
GET NODE:0.000ms	PART1:4.807ms	PART2:66.489ms	CALCU TIME: 68.534ms, MSG TIME: 1.702ms, BARRIER TIME: 0.555ms, DSLASHOFFD TIME: 80.363ms
CG: 37 iter, rsd |r| = 3.15597e-05
GET NODE:0.001ms	PART1:5.379ms	PART2:67.759ms	CALCU TIME: 68.913ms, MSG TIME: 1.786ms, BARRIER TIME: 0.739ms, DSLASHOFFD TIME: 80.601ms
GET NODE:0.001ms	PART1:4.614ms	PART2:66.104ms	CALCU TIME: 68.214ms, MSG TIME: 1.780ms, BARRIER TIME: 0.501ms, DSLASHOFFD TIME: 80.230ms
GET NODE:0.001ms	PART1:6.933ms	PART2:65.496ms	CALCU TIME: 66.671ms, MSG TIME: 2.702ms, BARRIER TIME: 0.842ms, DSLASHOFFD TIME: 77.987ms
GET NODE:0.001ms	PART1:4.854ms	PART2:65.987ms	CALCU TIME: 68.016ms, MSG TIME: 2.177ms, BARRIER TIME: 0.721ms, DSLASHOFFD TIME: 80.437ms
CG: 38 iter, rsd |r| = 1.91468e-05
GET NODE:0.001ms	PART1:5.101ms	PART2:67.664ms	CALCU TIME: 68.653ms, MSG TIME: 1.998ms, BARRIER TIME: 0.554ms, DSLASHOFFD TIME: 81.001ms
GET NODE:0.001ms	PART1:4.725ms	PART2:66.280ms	CALCU TIME: 68.240ms, MSG TIME: 1.975ms, BARRIER TIME: 0.528ms, DSLASHOFFD TIME: 80.403ms
GET NODE:0.001ms	PART1:7.083ms	PART2:65.644ms	CALCU TIME: 66.849ms, MSG TIME: 2.563ms, BARRIER TIME: 1.271ms, DSLASHOFFD TIME: 78.288ms
GET NODE:0.001ms	PART1:4.593ms	PART2:66.923ms	CALCU TIME: 68.816ms, MSG TIME: 1.519ms, BARRIER TIME: 0.019ms, DSLASHOFFD TIME: 79.939ms
CG: 39 iter, rsd |r| = 1.1151e-05
GET NODE:0.001ms	PART1:4.378ms	PART2:68.383ms	CALCU TIME: 69.416ms, MSG TIME: 1.532ms, BARRIER TIME: 0.021ms, DSLASHOFFD TIME: 80.786ms
GET NODE:0.001ms	PART1:4.707ms	PART2:66.944ms	CALCU TIME: 68.665ms, MSG TIME: 1.659ms, BARRIER TIME: 13.508ms, DSLASHOFFD TIME: 93.600ms
GET NODE:0.001ms	PART1:5.810ms	PART2:65.297ms	CALCU TIME: 66.451ms, MSG TIME: 2.085ms, BARRIER TIME: 3.377ms, DSLASHOFFD TIME: 80.420ms
GET NODE:0.001ms	PART1:4.623ms	PART2:66.593ms	CALCU TIME: 68.596ms, MSG TIME: 1.693ms, BARRIER TIME: 0.320ms, DSLASHOFFD TIME: 80.142ms
CG: 40 iter, rsd |r| = 6.81566e-06
GET NODE:0.001ms	PART1:5.464ms	PART2:67.615ms	CALCU TIME: 68.724ms, MSG TIME: 1.999ms, BARRIER TIME: 0.043ms, DSLASHOFFD TIME: 79.642ms
GET NODE:0.001ms	PART1:5.129ms	PART2:66.219ms	CALCU TIME: 68.274ms, MSG TIME: 2.130ms, BARRIER TIME: 0.257ms, DSLASHOFFD TIME: 80.201ms
GET NODE:0.001ms	PART1:7.080ms	PART2:65.373ms	CALCU TIME: 66.717ms, MSG TIME: 2.618ms, BARRIER TIME: 3.364ms, DSLASHOFFD TIME: 80.092ms
GET NODE:0.001ms	PART1:4.402ms	PART2:65.772ms	CALCU TIME: 68.064ms, MSG TIME: 1.675ms, BARRIER TIME: 0.664ms, DSLASHOFFD TIME: 80.263ms
CG: 41 iter, rsd |r| = 3.97447e-06
GET NODE:0.002ms	PART1:4.708ms	PART2:70.149ms	CALCU TIME: 70.981ms, MSG TIME: 1.516ms, BARRIER TIME: 0.018ms, DSLASHOFFD TIME: 82.151ms
GET NODE:0.001ms	PART1:4.682ms	PART2:66.462ms	CALCU TIME: 68.600ms, MSG TIME: 1.784ms, BARRIER TIME: 0.684ms, DSLASHOFFD TIME: 81.070ms
GET NODE:0.001ms	PART1:6.212ms	PART2:66.194ms	CALCU TIME: 67.371ms, MSG TIME: 2.078ms, BARRIER TIME: 0.903ms, DSLASHOFFD TIME: 78.660ms
GET NODE:0.000ms	PART1:4.651ms	PART2:66.998ms	CALCU TIME: 68.887ms, MSG TIME: 1.558ms, BARRIER TIME: 0.313ms, DSLASHOFFD TIME: 80.221ms
CG: 42 iter, rsd |r| = 2.41677e-06
GET NODE:0.001ms	PART1:5.027ms	PART2:67.508ms	CALCU TIME: 68.627ms, MSG TIME: 2.240ms, BARRIER TIME: 1.652ms, DSLASHOFFD TIME: 82.069ms
GET NODE:0.001ms	PART1:4.564ms	PART2:66.110ms	CALCU TIME: 68.241ms, MSG TIME: 1.793ms, BARRIER TIME: 1.612ms, DSLASHOFFD TIME: 81.400ms
GET NODE:0.001ms	PART1:6.074ms	PART2:66.292ms	CALCU TIME: 67.658ms, MSG TIME: 2.715ms, BARRIER TIME: 0.527ms, DSLASHOFFD TIME: 78.898ms
GET NODE:0.001ms	PART1:4.009ms	PART2:67.100ms	CALCU TIME: 69.494ms, MSG TIME: 2.015ms, BARRIER TIME: 0.507ms, DSLASHOFFD TIME: 80.603ms
CG: 43 iter, rsd |r| = 1.41166e-06
GET NODE:0.001ms	PART1:4.586ms	PART2:67.799ms	CALCU TIME: 69.354ms, MSG TIME: 2.247ms, BARRIER TIME: 0.017ms, DSLASHOFFD TIME: 81.790ms
GET NODE:0.001ms	PART1:4.888ms	PART2:66.645ms	CALCU TIME: 68.577ms, MSG TIME: 1.879ms, BARRIER TIME: 0.020ms, DSLASHOFFD TIME: 80.013ms
GET NODE:0.001ms	PART1:7.557ms	PART2:64.475ms	CALCU TIME: 65.491ms, MSG TIME: 2.304ms, BARRIER TIME: 0.814ms, DSLASHOFFD TIME: 75.712ms
GET NODE:0.002ms	PART1:5.646ms	PART2:67.102ms	CALCU TIME: 68.222ms, MSG TIME: 1.786ms, BARRIER TIME: 2.160ms, DSLASHOFFD TIME: 81.310ms
CG: 44 iter, rsd |r| = 8.56794e-07
GET NODE:0.001ms	PART1:4.859ms	PART2:67.761ms	CALCU TIME: 68.779ms, MSG TIME: 1.743ms, BARRIER TIME: 8.228ms, DSLASHOFFD TIME: 88.031ms
GET NODE:0.001ms	PART1:4.610ms	PART2:66.350ms	CALCU TIME: 68.403ms, MSG TIME: 1.711ms, BARRIER TIME: 0.385ms, DSLASHOFFD TIME: 80.107ms
GET NODE:0.001ms	PART1:6.240ms	PART2:65.675ms	CALCU TIME: 66.861ms, MSG TIME: 1.852ms, BARRIER TIME: 0.815ms, DSLASHOFFD TIME: 78.221ms
GET NODE:0.001ms	PART1:4.767ms	PART2:66.303ms	CALCU TIME: 68.397ms, MSG TIME: 1.718ms, BARRIER TIME: 0.365ms, DSLASHOFFD TIME: 79.910ms
CG: 45 iter, rsd |r| = 5.05886e-07
GET NODE:0.000ms	PART1:5.601ms	PART2:66.857ms	CALCU TIME: 68.245ms, MSG TIME: 2.038ms, BARRIER TIME: 5.290ms, DSLASHOFFD TIME: 84.255ms
GET NODE:0.001ms	PART1:4.761ms	PART2:66.134ms	CALCU TIME: 68.219ms, MSG TIME: 1.665ms, BARRIER TIME: 0.546ms, DSLASHOFFD TIME: 80.124ms
GET NODE:0.001ms	PART1:6.503ms	PART2:65.242ms	CALCU TIME: 66.537ms, MSG TIME: 2.221ms, BARRIER TIME: 1.523ms, DSLASHOFFD TIME: 78.852ms
GET NODE:0.002ms	PART1:4.513ms	PART2:66.200ms	CALCU TIME: 68.287ms, MSG TIME: 1.849ms, BARRIER TIME: 0.759ms, DSLASHOFFD TIME: 80.433ms
CG: 46 iter, rsd |r| = 3.03565e-07
GET NODE:0.001ms	PART1:4.912ms	PART2:67.491ms	CALCU TIME: 68.461ms, MSG TIME: 1.790ms, BARRIER TIME: 0.223ms, DSLASHOFFD TIME: 80.249ms
GET NODE:0.000ms	PART1:4.759ms	PART2:66.009ms	CALCU TIME: 67.860ms, MSG TIME: 1.944ms, BARRIER TIME: 0.887ms, DSLASHOFFD TIME: 80.431ms
GET NODE:0.002ms	PART1:7.678ms	PART2:63.126ms	CALCU TIME: 64.502ms, MSG TIME: 2.558ms, BARRIER TIME: 3.735ms, DSLASHOFFD TIME: 78.779ms
GET NODE:0.001ms	PART1:4.652ms	PART2:65.638ms	CALCU TIME: 67.646ms, MSG TIME: 2.093ms, BARRIER TIME: 1.130ms, DSLASHOFFD TIME: 80.838ms
CG: 47 iter, rsd |r| = 1.80362e-07
GET NODE:0.001ms	PART1:5.004ms	PART2:67.484ms	CALCU TIME: 68.543ms, MSG TIME: 1.747ms, BARRIER TIME: 0.262ms, DSLASHOFFD TIME: 80.082ms
GET NODE:0.001ms	PART1:4.537ms	PART2:65.584ms	CALCU TIME: 67.666ms, MSG TIME: 2.045ms, BARRIER TIME: 0.515ms, DSLASHOFFD TIME: 80.207ms
GET NODE:0.000ms	PART1:7.663ms	PART2:62.989ms	CALCU TIME: 64.625ms, MSG TIME: 2.433ms, BARRIER TIME: 6.969ms, DSLASHOFFD TIME: 83.576ms
GET NODE:0.001ms	PART1:4.766ms	PART2:66.557ms	CALCU TIME: 68.119ms, MSG TIME: 1.826ms, BARRIER TIME: 0.019ms, DSLASHOFFD TIME: 79.852ms
CG: 48 iter, rsd |r| = 1.07336e-07
GET NODE:0.001ms	PART1:4.528ms	PART2:67.257ms	CALCU TIME: 68.278ms, MSG TIME: 1.800ms, BARRIER TIME: 0.014ms, DSLASHOFFD TIME: 80.164ms
GET NODE:0.001ms	PART1:5.099ms	PART2:66.414ms	CALCU TIME: 68.079ms, MSG TIME: 1.795ms, BARRIER TIME: 0.019ms, DSLASHOFFD TIME: 79.745ms
GET NODE:0.001ms	PART1:6.202ms	PART2:63.775ms	CALCU TIME: 65.472ms, MSG TIME: 2.501ms, BARRIER TIME: 5.732ms, DSLASHOFFD TIME: 82.077ms
GET NODE:0.001ms	PART1:4.601ms	PART2:66.456ms	CALCU TIME: 68.455ms, MSG TIME: 1.510ms, BARRIER TIME: 1.265ms, DSLASHOFFD TIME: 81.109ms
CG: 49 iter, rsd |r| = 6.45019e-08
GET NODE:0.001ms	PART1:5.145ms	PART2:67.320ms	CALCU TIME: 68.428ms, MSG TIME: 1.910ms, BARRIER TIME: 0.107ms, DSLASHOFFD TIME: 80.087ms
GET NODE:0.001ms	PART1:4.755ms	PART2:66.466ms	CALCU TIME: 68.316ms, MSG TIME: 1.564ms, BARRIER TIME: 0.207ms, DSLASHOFFD TIME: 79.860ms
GET NODE:0.001ms	PART1:7.630ms	PART2:63.616ms	CALCU TIME: 65.107ms, MSG TIME: 2.556ms, BARRIER TIME: 3.234ms, DSLASHOFFD TIME: 78.807ms
GET NODE:0.001ms	PART1:4.363ms	PART2:66.124ms	CALCU TIME: 67.890ms, MSG TIME: 2.067ms, BARRIER TIME: 0.156ms, DSLASHOFFD TIME: 80.070ms
CG: 50 iter, rsd |r| = 3.80419e-08
GET NODE:0.001ms	PART1:5.524ms	PART2:67.200ms	CALCU TIME: 68.372ms, MSG TIME: 2.170ms, BARRIER TIME: 0.018ms, DSLASHOFFD TIME: 80.179ms
GET NODE:0.001ms	PART1:4.952ms	PART2:66.059ms	CALCU TIME: 67.938ms, MSG TIME: 1.927ms, BARRIER TIME: 0.297ms, DSLASHOFFD TIME: 80.035ms
GET NODE:0.001ms	PART1:7.429ms	PART2:65.687ms	CALCU TIME: 66.771ms, MSG TIME: 2.158ms, BARRIER TIME: 0.928ms, DSLASHOFFD TIME: 77.588ms
GET NODE:0.001ms	PART1:5.011ms	PART2:66.429ms	CALCU TIME: 68.324ms, MSG TIME: 1.701ms, BARRIER TIME: 0.018ms, DSLASHOFFD TIME: 79.962ms
CG: 51 iter, rsd |r| = 2.29943e-08
GET NODE:0.001ms	PART1:5.417ms	PART2:67.484ms	CALCU TIME: 68.408ms, MSG TIME: 1.961ms, BARRIER TIME: 0.021ms, DSLASHOFFD TIME: 79.704ms
GET NODE:0.001ms	PART1:4.803ms	PART2:66.156ms	CALCU TIME: 68.124ms, MSG TIME: 1.756ms, BARRIER TIME: 0.019ms, DSLASHOFFD TIME: 79.727ms
GET NODE:0.001ms	PART1:7.623ms	PART2:64.263ms	CALCU TIME: 65.659ms, MSG TIME: 2.565ms, BARRIER TIME: 3.205ms, DSLASHOFFD TIME: 79.371ms
GET NODE:0.001ms	PART1:5.059ms	PART2:66.248ms	CALCU TIME: 68.096ms, MSG TIME: 1.918ms, BARRIER TIME: 0.017ms, DSLASHOFFD TIME: 80.057ms
CG: 52 iter, rsd |r| = 1.34872e-08
GET NODE:0.001ms	PART1:5.736ms	PART2:67.207ms	CALCU TIME: 68.467ms, MSG TIME: 2.016ms, BARRIER TIME: 0.357ms, DSLASHOFFD TIME: 79.752ms
GET NODE:0.001ms	PART1:4.921ms	PART2:66.406ms	CALCU TIME: 68.228ms, MSG TIME: 1.764ms, BARRIER TIME: 0.020ms, DSLASHOFFD TIME: 79.649ms
GET NODE:0.001ms	PART1:7.127ms	PART2:65.388ms	CALCU TIME: 66.456ms, MSG TIME: 2.329ms, BARRIER TIME: 1.658ms, DSLASHOFFD TIME: 78.905ms
GET NODE:0.001ms	PART1:4.839ms	PART2:66.624ms	CALCU TIME: 68.217ms, MSG TIME: 1.849ms, BARRIER TIME: 0.502ms, DSLASHOFFD TIME: 80.521ms
CG: 53 iter, rsd |r| = 8.19141e-09
GET NODE:0.001ms	PART1:4.846ms	PART2:67.528ms	CALCU TIME: 68.487ms, MSG TIME: 1.942ms, BARRIER TIME: 0.016ms, DSLASHOFFD TIME: 80.117ms
GET NODE:0.001ms	PART1:4.618ms	PART2:66.173ms	CALCU TIME: 68.056ms, MSG TIME: 1.709ms, BARRIER TIME: 0.266ms, DSLASHOFFD TIME: 79.890ms
GET NODE:0.001ms	PART1:7.745ms	PART2:63.625ms	CALCU TIME: 65.039ms, MSG TIME: 2.566ms, BARRIER TIME: 2.403ms, DSLASHOFFD TIME: 78.085ms
GET NODE:0.000ms	PART1:4.798ms	PART2:66.531ms	CALCU TIME: 68.353ms, MSG TIME: 1.678ms, BARRIER TIME: 0.019ms, DSLASHOFFD TIME: 80.046ms
CG: 54 iter, rsd |r| = 4.79898e-09
GET NODE:0.001ms	PART1:5.514ms	PART2:67.928ms	CALCU TIME: 68.915ms, MSG TIME: 1.804ms, BARRIER TIME: 0.018ms, DSLASHOFFD TIME: 80.124ms
GET NODE:0.001ms	PART1:4.932ms	PART2:66.310ms	CALCU TIME: 68.361ms, MSG TIME: 1.672ms, BARRIER TIME: 0.459ms, DSLASHOFFD TIME: 80.429ms
GET NODE:0.002ms	PART1:7.736ms	PART2:62.935ms	CALCU TIME: 64.355ms, MSG TIME: 3.018ms, BARRIER TIME: 2.536ms, DSLASHOFFD TIME: 77.911ms
GET NODE:0.001ms	PART1:4.662ms	PART2:66.324ms	CALCU TIME: 67.982ms, MSG TIME: 2.064ms, BARRIER TIME: 0.019ms, DSLASHOFFD TIME: 79.931ms
CG: 55 iter, rsd |r| = 2.91124e-09
GET NODE:0.001ms	PART1:4.660ms	PART2:67.390ms	CALCU TIME: 68.404ms, MSG TIME: 1.768ms, BARRIER TIME: 0.019ms, DSLASHOFFD TIME: 80.161ms
GET NODE:0.001ms	PART1:5.174ms	PART2:66.569ms	CALCU TIME: 68.100ms, MSG TIME: 1.891ms, BARRIER TIME: 0.019ms, DSLASHOFFD TIME: 79.845ms
GET NODE:0.001ms	PART1:6.763ms	PART2:65.334ms	CALCU TIME: 66.612ms, MSG TIME: 2.510ms, BARRIER TIME: 1.711ms, DSLASHOFFD TIME: 79.796ms
GET NODE:0.001ms	PART1:4.948ms	PART2:66.553ms	CALCU TIME: 68.372ms, MSG TIME: 1.668ms, BARRIER TIME: 0.344ms, DSLASHOFFD TIME: 80.025ms
CG: 56 iter, rsd |r| = 1.70809e-09
GET NODE:0.001ms	PART1:6.151ms	PART2:66.229ms	CALCU TIME: 67.383ms, MSG TIME: 2.363ms, BARRIER TIME: 0.206ms, DSLASHOFFD TIME: 79.453ms
GET NODE:0.000ms	PART1:5.126ms	PART2:66.439ms	CALCU TIME: 68.011ms, MSG TIME: 1.971ms, BARRIER TIME: 0.021ms, DSLASHOFFD TIME: 79.841ms
GET NODE:0.001ms	PART1:7.671ms	PART2:63.655ms	CALCU TIME: 64.966ms, MSG TIME: 2.571ms, BARRIER TIME: 2.353ms, DSLASHOFFD TIME: 77.878ms
GET NODE:0.001ms	PART1:5.080ms	PART2:64.826ms	CALCU TIME: 66.988ms, MSG TIME: 2.296ms, BARRIER TIME: 0.507ms, DSLASHOFFD TIME: 79.987ms
CG: 57 iter, rsd |r| = 1.03327e-09
GET NODE:0.001ms	PART1:4.927ms	PART2:67.136ms	CALCU TIME: 68.334ms, MSG TIME: 1.992ms, BARRIER TIME: 0.043ms, DSLASHOFFD TIME: 80.067ms
GET NODE:0.001ms	PART1:4.913ms	PART2:66.400ms	CALCU TIME: 68.378ms, MSG TIME: 1.596ms, BARRIER TIME: 0.505ms, DSLASHOFFD TIME: 80.231ms
GET NODE:0.001ms	PART1:7.429ms	PART2:64.068ms	CALCU TIME: 65.340ms, MSG TIME: 2.575ms, BARRIER TIME: 2.005ms, DSLASHOFFD TIME: 78.205ms
GET NODE:0.001ms	PART1:5.085ms	PART2:66.543ms	CALCU TIME: 67.976ms, MSG TIME: 2.154ms, BARRIER TIME: 0.019ms, DSLASHOFFD TIME: 80.213ms
CG: 58 iterations, convergence residual |r| = 6.10088e-10
GET NODE:0.001ms	PART1:6.483ms	PART2:71.641ms	CALCU TIME: 73.221ms, MSG TIME: 2.524ms, BARRIER TIME: 0.849ms, DSLASHOFFD TIME: 85.427ms
Source and Gauge, time: 4.68055
CG invert, time: 39.6042
Total time: 44.2847
Result checking ...
 [ Accuracy = 1e-09 ]
GET NODE:0.001ms	PART1:5.080ms	PART2:65.570ms	CALCU TIME: 67.347ms, MSG TIME: 2.371ms, BARRIER TIME: 0.015ms, DSLASHOFFD TIME: 79.268ms
GET NODE:0.001ms	PART1:4.609ms	PART2:65.607ms	CALCU TIME: 67.927ms, MSG TIME: 1.714ms, BARRIER TIME: 0.019ms, DSLASHOFFD TIME: 79.292ms
GET NODE:0.001ms	PART1:4.314ms	PART2:65.482ms	CALCU TIME: 67.691ms, MSG TIME: 2.036ms, BARRIER TIME: 0.018ms, DSLASHOFFD TIME: 79.324ms
GET NODE:0.001ms	PART1:4.551ms	PART2:66.174ms	CALCU TIME: 67.931ms, MSG TIME: 1.731ms, BARRIER TIME: 0.029ms, DSLASHOFFD TIME: 79.168ms
GET NODE:0.001ms	PART1:4.799ms	PART2:66.927ms	CALCU TIME: 68.148ms, MSG TIME: 1.584ms, BARRIER TIME: 0.019ms, DSLASHOFFD TIME: 79.380ms
GET NODE:0.001ms	PART1:4.630ms	PART2:66.903ms	CALCU TIME: 68.195ms, MSG TIME: 1.570ms, BARRIER TIME: 0.025ms, DSLASHOFFD TIME: 79.533ms
GET NODE:0.001ms	PART1:4.879ms	PART2:66.468ms	CALCU TIME: 67.776ms, MSG TIME: 1.989ms, BARRIER TIME: 0.020ms, DSLASHOFFD TIME: 79.623ms
GET NODE:0.001ms	PART1:4.702ms	PART2:66.218ms	CALCU TIME: 67.750ms, MSG TIME: 1.789ms, BARRIER TIME: 0.018ms, DSLASHOFFD TIME: 79.456ms
GET NODE:0.001ms	PART1:4.113ms	PART2:66.332ms	CALCU TIME: 68.083ms, MSG TIME: 1.681ms, BARRIER TIME: 0.019ms, DSLASHOFFD TIME: 80.251ms
GET NODE:0.001ms	PART1:4.774ms	PART2:66.697ms	CALCU TIME: 68.086ms, MSG TIME: 1.611ms, BARRIER TIME: 0.024ms, DSLASHOFFD TIME: 79.622ms
GET NODE:0.001ms	PART1:4.368ms	PART2:64.375ms	CALCU TIME: 67.086ms, MSG TIME: 2.103ms, BARRIER TIME: 0.619ms, DSLASHOFFD TIME: 80.377ms
GET NODE:0.001ms	PART1:4.477ms	PART2:64.262ms	CALCU TIME: 66.982ms, MSG TIME: 2.061ms, BARRIER TIME: 0.678ms, DSLASHOFFD TIME: 79.303ms
===================================
|b| = 9216.07    |x| = 2667.05
(Mb, Mb) = (1.70139e+09,5.67812e-12)    (b, MMb) = (1.70139e+09,-5.05952e-09)
(Mx, Mx) = (8.4936e+07,-2.25058e-13)    (x, MMx) = (8.4936e+07,-1.40062e-10)
|M x -b| = 2.0974e-10
|M^dagger M x - Mdb| = 1.03914e-09
===================================
