  Mass  0.005
  gauge file  ../data/ipcc_gauge_48_96
  lattice size  48 48 48 96
  subgrid size  12 24 24 12
GET NODE:0.001ms	PART1:5.146ms	PART2:66.296ms	CALCU TIME: 67.122ms, MSG TIME: 8.876ms, BARRIER TIME: 0.027ms, DSLASHOFFD TIME: 81.506ms
GET NODE:0.001ms	PART1:4.864ms	PART2:52.839ms	CALCU TIME: 57.426ms, MSG TIME: 13.475ms, BARRIER TIME: 10.247ms, DSLASHOFFD TIME: 95.834ms
GET NODE:0.001ms	PART1:3.929ms	PART2:66.123ms	CALCU TIME: 69.697ms, MSG TIME: 3.205ms, BARRIER TIME: 1.471ms, DSLASHOFFD TIME: 81.960ms
GET NODE:0.001ms	PART1:5.992ms	PART2:63.543ms	CALCU TIME: 67.686ms, MSG TIME: 5.948ms, BARRIER TIME: 3.526ms, DSLASHOFFD TIME: 83.312ms
GET NODE:0.001ms	PART1:4.395ms	PART2:65.740ms	CALCU TIME: 69.804ms, MSG TIME: 3.177ms, BARRIER TIME: 2.116ms, DSLASHOFFD TIME: 82.168ms
GET NODE:0.002ms	PART1:5.749ms	PART2:63.958ms	CALCU TIME: 67.949ms, MSG TIME: 4.239ms, BARRIER TIME: 2.392ms, DSLASHOFFD TIME: 81.040ms
GET NODE:0.001ms	PART1:4.194ms	PART2:66.457ms	CALCU TIME: 70.156ms, MSG TIME: 2.809ms, BARRIER TIME: 1.505ms, DSLASHOFFD TIME: 81.828ms
GET NODE:0.002ms	PART1:7.622ms	PART2:54.509ms	CALCU TIME: 55.579ms, MSG TIME: 3.421ms, BARRIER TIME: 4.430ms, DSLASHOFFD TIME: 69.729ms
GET NODE:0.001ms	PART1:3.845ms	PART2:65.851ms	CALCU TIME: 69.010ms, MSG TIME: 2.851ms, BARRIER TIME: 1.166ms, DSLASHOFFD TIME: 80.836ms
GET NODE:0.001ms	PART1:7.641ms	PART2:56.683ms	CALCU TIME: 57.613ms, MSG TIME: 3.089ms, BARRIER TIME: 0.266ms, DSLASHOFFD TIME: 67.369ms
GET NODE:0.002ms	PART1:5.082ms	PART2:67.784ms	CALCU TIME: 69.363ms, MSG TIME: 2.145ms, BARRIER TIME: 0.675ms, DSLASHOFFD TIME: 76.822ms
CG: 1 iter, rsd |r| = 24100.8
GET NODE:0.001ms	PART1:4.641ms	PART2:65.882ms	CALCU TIME: 69.062ms, MSG TIME: 3.204ms, BARRIER TIME: 5.578ms, DSLASHOFFD TIME: 84.930ms
GET NODE:0.001ms	PART1:4.177ms	PART2:65.023ms	CALCU TIME: 69.285ms, MSG TIME: 2.816ms, BARRIER TIME: 1.927ms, DSLASHOFFD TIME: 81.328ms
GET NODE:0.001ms	PART1:7.637ms	PART2:51.897ms	CALCU TIME: 53.324ms, MSG TIME: 3.242ms, BARRIER TIME: 4.304ms, DSLASHOFFD TIME: 67.101ms
GET NODE:0.002ms	PART1:4.203ms	PART2:66.274ms	CALCU TIME: 69.483ms, MSG TIME: 2.853ms, BARRIER TIME: 1.367ms, DSLASHOFFD TIME: 81.026ms
CG: 2 iter, rsd |r| = 6406.04
GET NODE:0.002ms	PART1:7.527ms	PART2:32.051ms	CALCU TIME: 32.904ms, MSG TIME: 2.460ms, BARRIER TIME: 0.019ms, DSLASHOFFD TIME: 41.762ms
GET NODE:0.001ms	PART1:4.100ms	PART2:64.002ms	CALCU TIME: 68.472ms, MSG TIME: 3.004ms, BARRIER TIME: 2.760ms, DSLASHOFFD TIME: 81.541ms
GET NODE:0.001ms	PART1:7.400ms	PART2:64.615ms	CALCU TIME: 69.463ms, MSG TIME: 5.341ms, BARRIER TIME: 7.375ms, DSLASHOFFD TIME: 89.034ms
GET NODE:0.001ms	PART1:4.262ms	PART2:65.796ms	CALCU TIME: 69.639ms, MSG TIME: 2.809ms, BARRIER TIME: 1.607ms, DSLASHOFFD TIME: 81.270ms
CG: 3 iter, rsd |r| = 2929.58
GET NODE:0.002ms	PART1:8.002ms	PART2:54.581ms	CALCU TIME: 55.421ms, MSG TIME: 2.604ms, BARRIER TIME: 7.134ms, DSLASHOFFD TIME: 71.708ms
GET NODE:0.001ms	PART1:3.832ms	PART2:65.561ms	CALCU TIME: 68.828ms, MSG TIME: 2.753ms, BARRIER TIME: 1.041ms, DSLASHOFFD TIME: 81.137ms
GET NODE:0.002ms	PART1:7.015ms	PART2:64.704ms	CALCU TIME: 68.673ms, MSG TIME: 4.313ms, BARRIER TIME: 5.638ms, DSLASHOFFD TIME: 85.104ms
GET NODE:0.001ms	PART1:4.351ms	PART2:66.185ms	CALCU TIME: 69.944ms, MSG TIME: 3.006ms, BARRIER TIME: 1.624ms, DSLASHOFFD TIME: 81.816ms
CG: 4 iter, rsd |r| = 1135.68
GET NODE:0.000ms	PART1:4.676ms	PART2:66.768ms	CALCU TIME: 68.906ms, MSG TIME: 2.918ms, BARRIER TIME: 4.020ms, DSLASHOFFD TIME: 82.345ms
GET NODE:0.001ms	PART1:4.160ms	PART2:65.231ms	CALCU TIME: 69.319ms, MSG TIME: 3.361ms, BARRIER TIME: 2.807ms, DSLASHOFFD TIME: 82.749ms
GET NODE:0.002ms	PART1:7.703ms	PART2:49.645ms	CALCU TIME: 50.918ms, MSG TIME: 3.591ms, BARRIER TIME: 2.536ms, DSLASHOFFD TIME: 63.405ms
GET NODE:0.001ms	PART1:4.247ms	PART2:66.043ms	CALCU TIME: 69.764ms, MSG TIME: 2.806ms, BARRIER TIME: 1.224ms, DSLASHOFFD TIME: 81.237ms
CG: 5 iter, rsd |r| = 576.233
GET NODE:0.001ms	PART1:4.698ms	PART2:64.006ms	CALCU TIME: 67.583ms, MSG TIME: 3.938ms, BARRIER TIME: 3.071ms, DSLASHOFFD TIME: 81.734ms
GET NODE:0.000ms	PART1:4.348ms	PART2:66.164ms	CALCU TIME: 69.785ms, MSG TIME: 2.966ms, BARRIER TIME: 1.599ms, DSLASHOFFD TIME: 81.589ms
GET NODE:0.001ms	PART1:6.806ms	PART2:63.697ms	CALCU TIME: 67.415ms, MSG TIME: 6.459ms, BARRIER TIME: 5.220ms, DSLASHOFFD TIME: 85.845ms
GET NODE:0.001ms	PART1:4.184ms	PART2:65.885ms	CALCU TIME: 69.737ms, MSG TIME: 2.604ms, BARRIER TIME: 1.487ms, DSLASHOFFD TIME: 81.124ms
CG: 6 iter, rsd |r| = 325.972
GET NODE:0.001ms	PART1:7.667ms	PART2:55.993ms	CALCU TIME: 56.863ms, MSG TIME: 2.780ms, BARRIER TIME: 0.020ms, DSLASHOFFD TIME: 66.093ms
GET NODE:0.001ms	PART1:4.255ms	PART2:65.609ms	CALCU TIME: 69.418ms, MSG TIME: 2.737ms, BARRIER TIME: 22.872ms, DSLASHOFFD TIME: 102.370ms
GET NODE:0.002ms	PART1:6.778ms	PART2:65.691ms	CALCU TIME: 69.118ms, MSG TIME: 3.672ms, BARRIER TIME: 6.114ms, DSLASHOFFD TIME: 85.069ms
GET NODE:0.001ms	PART1:4.343ms	PART2:65.904ms	CALCU TIME: 69.709ms, MSG TIME: 2.872ms, BARRIER TIME: 2.172ms, DSLASHOFFD TIME: 81.960ms
CG: 7 iter, rsd |r| = 192.308
GET NODE:0.001ms	PART1:4.613ms	PART2:66.246ms	CALCU TIME: 69.058ms, MSG TIME: 2.755ms, BARRIER TIME: 1.798ms, DSLASHOFFD TIME: 80.583ms
GET NODE:0.001ms	PART1:4.119ms	PART2:65.455ms	CALCU TIME: 69.494ms, MSG TIME: 2.996ms, BARRIER TIME: 1.378ms, DSLASHOFFD TIME: 81.239ms
GET NODE:0.002ms	PART1:7.834ms	PART2:54.378ms	CALCU TIME: 55.811ms, MSG TIME: 3.425ms, BARRIER TIME: 4.816ms, DSLASHOFFD TIME: 90.544ms
GET NODE:0.001ms	PART1:4.020ms	PART2:66.568ms	CALCU TIME: 69.850ms, MSG TIME: 3.197ms, BARRIER TIME: 1.108ms, DSLASHOFFD TIME: 81.319ms
CG: 8 iter, rsd |r| = 116.04
GET NODE:0.001ms	PART1:4.241ms	PART2:66.351ms	CALCU TIME: 69.291ms, MSG TIME: 2.834ms, BARRIER TIME: 2.334ms, DSLASHOFFD TIME: 81.918ms
GET NODE:0.001ms	PART1:5.727ms	PART2:61.409ms	CALCU TIME: 64.249ms, MSG TIME: 3.008ms, BARRIER TIME: 6.955ms, DSLASHOFFD TIME: 87.433ms
GET NODE:0.001ms	PART1:7.146ms	PART2:63.034ms	CALCU TIME: 64.874ms, MSG TIME: 2.622ms, BARRIER TIME: 7.529ms, DSLASHOFFD TIME: 80.934ms
GET NODE:0.003ms	PART1:4.129ms	PART2:65.303ms	CALCU TIME: 69.447ms, MSG TIME: 2.896ms, BARRIER TIME: 1.896ms, DSLASHOFFD TIME: 81.532ms
CG: 9 iter, rsd |r| = 63.3085
GET NODE:0.001ms	PART1:7.737ms	PART2:53.247ms	CALCU TIME: 54.099ms, MSG TIME: 3.040ms, BARRIER TIME: 0.021ms, DSLASHOFFD TIME: 66.122ms
GET NODE:0.010ms	PART1:4.274ms	PART2:65.692ms	CALCU TIME: 68.288ms, MSG TIME: 2.159ms, BARRIER TIME: 0.185ms, DSLASHOFFD TIME: 80.533ms
GET NODE:0.002ms	PART1:6.517ms	PART2:61.613ms	CALCU TIME: 63.542ms, MSG TIME: 3.167ms, BARRIER TIME: 5.742ms, DSLASHOFFD TIME: 80.130ms
GET NODE:0.001ms	PART1:4.643ms	PART2:65.592ms	CALCU TIME: 67.887ms, MSG TIME: 2.453ms, BARRIER TIME: 0.355ms, DSLASHOFFD TIME: 80.155ms
CG: 10 iter, rsd |r| = 39.0285
GET NODE:0.001ms	PART1:4.446ms	PART2:66.619ms	CALCU TIME: 68.640ms, MSG TIME: 2.597ms, BARRIER TIME: 0.987ms, DSLASHOFFD TIME: 81.717ms
GET NODE:0.001ms	PART1:4.407ms	PART2:65.874ms	CALCU TIME: 68.158ms, MSG TIME: 2.296ms, BARRIER TIME: 0.409ms, DSLASHOFFD TIME: 80.483ms
GET NODE:0.001ms	PART1:6.097ms	PART2:67.245ms	CALCU TIME: 68.409ms, MSG TIME: 2.810ms, BARRIER TIME: 1.760ms, DSLASHOFFD TIME: 81.927ms
GET NODE:0.001ms	PART1:4.370ms	PART2:66.040ms	CALCU TIME: 68.589ms, MSG TIME: 2.159ms, BARRIER TIME: 0.217ms, DSLASHOFFD TIME: 80.864ms
CG: 11 iter, rsd |r| = 22.3971
GET NODE:0.001ms	PART1:4.615ms	PART2:65.570ms	CALCU TIME: 67.559ms, MSG TIME: 2.836ms, BARRIER TIME: 1.037ms, DSLASHOFFD TIME: 80.420ms
GET NODE:0.000ms	PART1:4.767ms	PART2:65.647ms	CALCU TIME: 68.157ms, MSG TIME: 2.287ms, BARRIER TIME: 0.078ms, DSLASHOFFD TIME: 79.933ms
GET NODE:0.002ms	PART1:7.214ms	PART2:60.580ms	CALCU TIME: 62.496ms, MSG TIME: 3.161ms, BARRIER TIME: 6.990ms, DSLASHOFFD TIME: 79.858ms
GET NODE:0.001ms	PART1:4.235ms	PART2:65.423ms	CALCU TIME: 67.996ms, MSG TIME: 2.313ms, BARRIER TIME: 0.102ms, DSLASHOFFD TIME: 79.858ms
CG: 12 iter, rsd |r| = 14.1595
GET NODE:0.001ms	PART1:4.958ms	PART2:71.107ms	CALCU TIME: 71.953ms, MSG TIME: 1.639ms, BARRIER TIME: 0.020ms, DSLASHOFFD TIME: 82.938ms
GET NODE:0.001ms	PART1:4.107ms	PART2:65.807ms	CALCU TIME: 68.319ms, MSG TIME: 2.228ms, BARRIER TIME: 0.151ms, DSLASHOFFD TIME: 80.606ms
GET NODE:0.001ms	PART1:5.765ms	PART2:61.912ms	CALCU TIME: 63.925ms, MSG TIME: 2.835ms, BARRIER TIME: 5.798ms, DSLASHOFFD TIME: 81.881ms
GET NODE:0.001ms	PART1:4.107ms	PART2:63.441ms	CALCU TIME: 66.917ms, MSG TIME: 2.444ms, BARRIER TIME: 0.875ms, DSLASHOFFD TIME: 80.216ms
CG: 13 iter, rsd |r| = 7.79512
GET NODE:0.001ms	PART1:4.531ms	PART2:65.995ms	CALCU TIME: 67.999ms, MSG TIME: 2.638ms, BARRIER TIME: 0.731ms, DSLASHOFFD TIME: 81.026ms
GET NODE:0.001ms	PART1:4.294ms	PART2:65.858ms	CALCU TIME: 68.367ms, MSG TIME: 2.014ms, BARRIER TIME: 0.617ms, DSLASHOFFD TIME: 80.494ms
GET NODE:0.001ms	PART1:6.807ms	PART2:61.111ms	CALCU TIME: 63.172ms, MSG TIME: 2.706ms, BARRIER TIME: 5.966ms, DSLASHOFFD TIME: 79.468ms
GET NODE:0.001ms	PART1:4.472ms	PART2:65.376ms	CALCU TIME: 67.875ms, MSG TIME: 2.452ms, BARRIER TIME: 0.259ms, DSLASHOFFD TIME: 79.875ms
CG: 14 iter, rsd |r| = 4.84421
GET NODE:0.001ms	PART1:4.842ms	PART2:65.850ms	CALCU TIME: 68.024ms, MSG TIME: 2.298ms, BARRIER TIME: 0.859ms, DSLASHOFFD TIME: 80.306ms
GET NODE:0.001ms	PART1:4.472ms	PART2:65.292ms	CALCU TIME: 67.818ms, MSG TIME: 2.501ms, BARRIER TIME: 0.069ms, DSLASHOFFD TIME: 79.931ms
GET NODE:0.001ms	PART1:6.577ms	PART2:61.980ms	CALCU TIME: 63.937ms, MSG TIME: 3.192ms, BARRIER TIME: 5.283ms, DSLASHOFFD TIME: 80.688ms
GET NODE:0.001ms	PART1:3.870ms	PART2:65.503ms	CALCU TIME: 68.001ms, MSG TIME: 2.226ms, BARRIER TIME: 0.296ms, DSLASHOFFD TIME: 80.031ms
CG: 15 iter, rsd |r| = 2.78619
GET NODE:0.001ms	PART1:4.950ms	PART2:71.521ms	CALCU TIME: 72.341ms, MSG TIME: 1.775ms, BARRIER TIME: 0.021ms, DSLASHOFFD TIME: 83.237ms
GET NODE:0.001ms	PART1:3.895ms	PART2:65.861ms	CALCU TIME: 68.228ms, MSG TIME: 2.363ms, BARRIER TIME: 0.372ms, DSLASHOFFD TIME: 81.022ms
GET NODE:0.001ms	PART1:6.278ms	PART2:62.112ms	CALCU TIME: 64.053ms, MSG TIME: 2.609ms, BARRIER TIME: 5.715ms, DSLASHOFFD TIME: 81.089ms
GET NODE:0.001ms	PART1:4.648ms	PART2:65.428ms	CALCU TIME: 67.897ms, MSG TIME: 2.507ms, BARRIER TIME: 0.018ms, DSLASHOFFD TIME: 80.102ms
CG: 16 iter, rsd |r| = 1.74139
GET NODE:0.001ms	PART1:5.070ms	PART2:65.998ms	CALCU TIME: 67.883ms, MSG TIME: 2.444ms, BARRIER TIME: 0.629ms, DSLASHOFFD TIME: 80.228ms
GET NODE:0.001ms	PART1:4.677ms	PART2:65.375ms	CALCU TIME: 67.858ms, MSG TIME: 2.396ms, BARRIER TIME: 0.553ms, DSLASHOFFD TIME: 80.262ms
GET NODE:0.002ms	PART1:7.004ms	PART2:61.346ms	CALCU TIME: 63.175ms, MSG TIME: 2.734ms, BARRIER TIME: 6.981ms, DSLASHOFFD TIME: 80.430ms
GET NODE:0.001ms	PART1:30.101ms	PART2:70.630ms	CALCU TIME: 71.474ms, MSG TIME: 1.678ms, BARRIER TIME: 0.019ms, DSLASHOFFD TIME: 82.670ms
CG: 17 iter, rsd |r| = 0.989764
GET NODE:0.001ms	PART1:4.470ms	PART2:66.444ms	CALCU TIME: 67.890ms, MSG TIME: 1.827ms, BARRIER TIME: 0.023ms, DSLASHOFFD TIME: 79.489ms
GET NODE:0.001ms	PART1:3.852ms	PART2:64.457ms	CALCU TIME: 67.741ms, MSG TIME: 2.081ms, BARRIER TIME: 0.947ms, DSLASHOFFD TIME: 80.585ms
GET NODE:0.002ms	PART1:6.940ms	PART2:59.304ms	CALCU TIME: 61.050ms, MSG TIME: 2.825ms, BARRIER TIME: 9.176ms, DSLASHOFFD TIME: 82.097ms
GET NODE:0.001ms	PART1:5.472ms	PART2:65.819ms	CALCU TIME: 68.075ms, MSG TIME: 1.999ms, BARRIER TIME: 0.019ms, DSLASHOFFD TIME: 79.780ms
CG: 18 iter, rsd |r| = 0.600705
GET NODE:0.001ms	PART1:4.914ms	PART2:65.801ms	CALCU TIME: 67.759ms, MSG TIME: 2.951ms, BARRIER TIME: 1.044ms, DSLASHOFFD TIME: 80.807ms
GET NODE:0.002ms	PART1:6.654ms	PART2:48.770ms	CALCU TIME: 49.622ms, MSG TIME: 1.864ms, BARRIER TIME: 0.023ms, DSLASHOFFD TIME: 59.954ms
GET NODE:0.001ms	PART1:5.596ms	PART2:62.356ms	CALCU TIME: 64.381ms, MSG TIME: 2.965ms, BARRIER TIME: 4.843ms, DSLASHOFFD TIME: 81.570ms
GET NODE:0.001ms	PART1:4.527ms	PART2:65.317ms	CALCU TIME: 68.041ms, MSG TIME: 2.171ms, BARRIER TIME: 0.223ms, DSLASHOFFD TIME: 79.943ms
CG: 19 iter, rsd |r| = 0.356875
GET NODE:0.001ms	PART1:5.070ms	PART2:65.478ms	CALCU TIME: 67.348ms, MSG TIME: 2.656ms, BARRIER TIME: 0.795ms, DSLASHOFFD TIME: 79.441ms
GET NODE:0.001ms	PART1:4.618ms	PART2:65.617ms	CALCU TIME: 68.123ms, MSG TIME: 2.289ms, BARRIER TIME: 0.045ms, DSLASHOFFD TIME: 79.958ms
GET NODE:0.002ms	PART1:6.621ms	PART2:61.332ms	CALCU TIME: 63.466ms, MSG TIME: 2.639ms, BARRIER TIME: 6.192ms, DSLASHOFFD TIME: 80.129ms
GET NODE:0.001ms	PART1:4.517ms	PART2:70.798ms	CALCU TIME: 71.652ms, MSG TIME: 1.307ms, BARRIER TIME: 0.023ms, DSLASHOFFD TIME: 82.568ms
CG: 20 iter, rsd |r| = 0.215263
GET NODE:0.001ms	PART1:4.781ms	PART2:66.194ms	CALCU TIME: 68.278ms, MSG TIME: 3.194ms, BARRIER TIME: 2.058ms, DSLASHOFFD TIME: 82.523ms
GET NODE:0.001ms	PART1:4.749ms	PART2:66.075ms	CALCU TIME: 68.488ms, MSG TIME: 1.867ms, BARRIER TIME: 0.199ms, DSLASHOFFD TIME: 80.252ms
GET NODE:0.001ms	PART1:5.589ms	PART2:65.178ms	CALCU TIME: 67.282ms, MSG TIME: 2.655ms, BARRIER TIME: 3.383ms, DSLASHOFFD TIME: 82.272ms
GET NODE:0.001ms	PART1:4.596ms	PART2:65.530ms	CALCU TIME: 67.971ms, MSG TIME: 2.415ms, BARRIER TIME: 0.844ms, DSLASHOFFD TIME: 80.787ms
CG: 21 iter, rsd |r| = 0.128328
GET NODE:0.001ms	PART1:4.387ms	PART2:65.911ms	CALCU TIME: 67.805ms, MSG TIME: 2.503ms, BARRIER TIME: 0.642ms, DSLASHOFFD TIME: 80.213ms
GET NODE:0.001ms	PART1:4.534ms	PART2:71.168ms	CALCU TIME: 72.016ms, MSG TIME: 1.215ms, BARRIER TIME: 0.020ms, DSLASHOFFD TIME: 82.529ms
GET NODE:0.001ms	PART1:5.759ms	PART2:63.735ms	CALCU TIME: 67.092ms, MSG TIME: 3.671ms, BARRIER TIME: 5.587ms, DSLASHOFFD TIME: 84.196ms
GET NODE:0.001ms	PART1:4.498ms	PART2:65.707ms	CALCU TIME: 68.054ms, MSG TIME: 2.356ms, BARRIER TIME: 0.714ms, DSLASHOFFD TIME: 80.810ms
CG: 22 iter, rsd |r| = 0.0748761
GET NODE:0.001ms	PART1:4.580ms	PART2:66.017ms	CALCU TIME: 68.193ms, MSG TIME: 2.430ms, BARRIER TIME: 0.939ms, DSLASHOFFD TIME: 81.212ms
GET NODE:0.000ms	PART1:4.494ms	PART2:65.504ms	CALCU TIME: 68.235ms, MSG TIME: 2.235ms, BARRIER TIME: 0.017ms, DSLASHOFFD TIME: 79.938ms
GET NODE:0.001ms	PART1:6.476ms	PART2:60.897ms	CALCU TIME: 63.071ms, MSG TIME: 3.219ms, BARRIER TIME: 5.754ms, DSLASHOFFD TIME: 80.845ms
GET NODE:0.001ms	PART1:4.513ms	PART2:65.844ms	CALCU TIME: 68.275ms, MSG TIME: 2.030ms, BARRIER TIME: 0.021ms, DSLASHOFFD TIME: 79.986ms
CG: 23 iter, rsd |r| = 0.0458158
GET NODE:0.002ms	PART1:4.903ms	PART2:66.099ms	CALCU TIME: 68.017ms, MSG TIME: 2.378ms, BARRIER TIME: 0.495ms, DSLASHOFFD TIME: 80.036ms
GET NODE:0.000ms	PART1:4.612ms	PART2:65.541ms	CALCU TIME: 68.173ms, MSG TIME: 2.138ms, BARRIER TIME: 0.109ms, DSLASHOFFD TIME: 79.890ms
GET NODE:0.002ms	PART1:7.044ms	PART2:65.656ms	CALCU TIME: 67.574ms, MSG TIME: 3.119ms, BARRIER TIME: 11.537ms, DSLASHOFFD TIME: 91.877ms
GET NODE:0.000ms	PART1:4.195ms	PART2:65.494ms	CALCU TIME: 67.924ms, MSG TIME: 2.254ms, BARRIER TIME: 0.193ms, DSLASHOFFD TIME: 79.993ms
CG: 24 iter, rsd |r| = 0.0267343
GET NODE:0.002ms	PART1:4.810ms	PART2:66.471ms	CALCU TIME: 68.440ms, MSG TIME: 2.504ms, BARRIER TIME: 0.716ms, DSLASHOFFD TIME: 81.139ms
GET NODE:0.001ms	PART1:4.472ms	PART2:71.358ms	CALCU TIME: 72.184ms, MSG TIME: 1.497ms, BARRIER TIME: 0.020ms, DSLASHOFFD TIME: 83.001ms
GET NODE:0.001ms	PART1:5.580ms	PART2:64.737ms	CALCU TIME: 66.850ms, MSG TIME: 2.681ms, BARRIER TIME: 3.745ms, DSLASHOFFD TIME: 82.202ms
GET NODE:0.001ms	PART1:4.709ms	PART2:66.430ms	CALCU TIME: 68.569ms, MSG TIME: 1.777ms, BARRIER TIME: 0.039ms, DSLASHOFFD TIME: 79.976ms
CG: 25 iter, rsd |r| = 0.0163923
GET NODE:0.002ms	PART1:4.650ms	PART2:66.683ms	CALCU TIME: 68.551ms, MSG TIME: 2.513ms, BARRIER TIME: 0.749ms, DSLASHOFFD TIME: 81.415ms
GET NODE:0.000ms	PART1:4.651ms	PART2:65.743ms	CALCU TIME: 68.111ms, MSG TIME: 2.310ms, BARRIER TIME: 0.017ms, DSLASHOFFD TIME: 80.103ms
GET NODE:0.001ms	PART1:6.395ms	PART2:61.785ms	CALCU TIME: 63.792ms, MSG TIME: 2.637ms, BARRIER TIME: 5.880ms, DSLASHOFFD TIME: 80.528ms
GET NODE:0.000ms	PART1:4.448ms	PART2:66.073ms	CALCU TIME: 68.440ms, MSG TIME: 1.845ms, BARRIER TIME: 0.016ms, DSLASHOFFD TIME: 80.001ms
CG: 26 iter, rsd |r| = 0.00938091
GET NODE:0.001ms	PART1:4.587ms	PART2:64.894ms	CALCU TIME: 67.445ms, MSG TIME: 2.864ms, BARRIER TIME: 1.436ms, DSLASHOFFD TIME: 81.359ms
GET NODE:0.001ms	PART1:4.742ms	PART2:65.651ms	CALCU TIME: 68.052ms, MSG TIME: 2.425ms, BARRIER TIME: 0.046ms, DSLASHOFFD TIME: 80.079ms
GET NODE:0.001ms	PART1:5.990ms	PART2:65.340ms	CALCU TIME: 67.299ms, MSG TIME: 2.783ms, BARRIER TIME: 3.163ms, DSLASHOFFD TIME: 82.192ms
GET NODE:0.001ms	PART1:5.680ms	PART2:67.728ms	CALCU TIME: 69.025ms, MSG TIME: 1.805ms, BARRIER TIME: 0.835ms, DSLASHOFFD TIME: 80.925ms
CG: 27 iter, rsd |r| = 0.00577485
GET NODE:0.001ms	PART1:4.899ms	PART2:66.052ms	CALCU TIME: 68.138ms, MSG TIME: 2.291ms, BARRIER TIME: 0.636ms, DSLASHOFFD TIME: 80.309ms
GET NODE:0.001ms	PART1:4.580ms	PART2:65.873ms	CALCU TIME: 68.447ms, MSG TIME: 2.008ms, BARRIER TIME: 0.356ms, DSLASHOFFD TIME: 80.320ms
GET NODE:0.001ms	PART1:7.612ms	PART2:49.636ms	CALCU TIME: 50.741ms, MSG TIME: 2.899ms, BARRIER TIME: 1.884ms, DSLASHOFFD TIME: 64.657ms
GET NODE:0.000ms	PART1:4.097ms	PART2:65.464ms	CALCU TIME: 68.211ms, MSG TIME: 2.261ms, BARRIER TIME: 0.343ms, DSLASHOFFD TIME: 80.821ms
CG: 28 iter, rsd |r| = 0.00335078
GET NODE:0.002ms	PART1:4.772ms	PART2:66.373ms	CALCU TIME: 68.396ms, MSG TIME: 2.258ms, BARRIER TIME: 0.375ms, DSLASHOFFD TIME: 80.551ms
GET NODE:0.000ms	PART1:4.614ms	PART2:65.464ms	CALCU TIME: 68.018ms, MSG TIME: 2.220ms, BARRIER TIME: 0.193ms, DSLASHOFFD TIME: 80.098ms
GET NODE:0.001ms	PART1:7.214ms	PART2:60.458ms	CALCU TIME: 62.585ms, MSG TIME: 2.850ms, BARRIER TIME: 6.638ms, DSLASHOFFD TIME: 79.449ms
GET NODE:0.001ms	PART1:4.430ms	PART2:65.721ms	CALCU TIME: 68.350ms, MSG TIME: 1.981ms, BARRIER TIME: 0.135ms, DSLASHOFFD TIME: 80.083ms
CG: 29 iter, rsd |r| = 0.00204676
GET NODE:0.001ms	PART1:7.848ms	PART2:55.625ms	CALCU TIME: 56.627ms, MSG TIME: 2.310ms, BARRIER TIME: 0.254ms, DSLASHOFFD TIME: 68.205ms
GET NODE:0.000ms	PART1:3.977ms	PART2:65.788ms	CALCU TIME: 68.541ms, MSG TIME: 1.806ms, BARRIER TIME: 0.387ms, DSLASHOFFD TIME: 80.797ms
GET NODE:0.001ms	PART1:5.883ms	PART2:64.697ms	CALCU TIME: 66.592ms, MSG TIME: 2.532ms, BARRIER TIME: 2.972ms, DSLASHOFFD TIME: 81.220ms
GET NODE:0.001ms	PART1:4.426ms	PART2:65.951ms	CALCU TIME: 68.333ms, MSG TIME: 1.898ms, BARRIER TIME: 0.175ms, DSLASHOFFD TIME: 79.957ms
CG: 30 iter, rsd |r| = 0.00118272
GET NODE:0.001ms	PART1:4.776ms	PART2:65.781ms	CALCU TIME: 67.601ms, MSG TIME: 2.453ms, BARRIER TIME: 0.534ms, DSLASHOFFD TIME: 79.819ms
GET NODE:0.001ms	PART1:4.666ms	PART2:65.155ms	CALCU TIME: 67.811ms, MSG TIME: 2.410ms, BARRIER TIME: 0.215ms, DSLASHOFFD TIME: 80.123ms
GET NODE:0.001ms	PART1:7.810ms	PART2:47.022ms	CALCU TIME: 48.238ms, MSG TIME: 2.900ms, BARRIER TIME: 2.616ms, DSLASHOFFD TIME: 62.787ms
GET NODE:0.001ms	PART1:4.654ms	PART2:65.846ms	CALCU TIME: 68.416ms, MSG TIME: 1.957ms, BARRIER TIME: 0.191ms, DSLASHOFFD TIME: 80.579ms
CG: 31 iter, rsd |r| = 0.000716517
GET NODE:0.001ms	PART1:5.045ms	PART2:65.479ms	CALCU TIME: 67.480ms, MSG TIME: 2.477ms, BARRIER TIME: 2.833ms, DSLASHOFFD TIME: 82.606ms
GET NODE:0.001ms	PART1:4.589ms	PART2:65.257ms	CALCU TIME: 67.593ms, MSG TIME: 2.141ms, BARRIER TIME: 0.151ms, DSLASHOFFD TIME: 79.755ms
GET NODE:0.001ms	PART1:6.039ms	PART2:63.217ms	CALCU TIME: 65.265ms, MSG TIME: 2.406ms, BARRIER TIME: 8.035ms, DSLASHOFFD TIME: 83.999ms
GET NODE:0.001ms	PART1:4.566ms	PART2:65.482ms	CALCU TIME: 67.887ms, MSG TIME: 2.208ms, BARRIER TIME: 0.188ms, DSLASHOFFD TIME: 80.031ms
CG: 32 iter, rsd |r| = 0.00042335
GET NODE:0.002ms	PART1:7.656ms	PART2:51.778ms	CALCU TIME: 52.676ms, MSG TIME: 2.709ms, BARRIER TIME: 0.028ms, DSLASHOFFD TIME: 64.955ms
GET NODE:0.001ms	PART1:4.407ms	PART2:66.222ms	CALCU TIME: 68.511ms, MSG TIME: 1.727ms, BARRIER TIME: 0.060ms, DSLASHOFFD TIME: 80.625ms
GET NODE:0.001ms	PART1:6.142ms	PART2:65.293ms	CALCU TIME: 67.121ms, MSG TIME: 2.505ms, BARRIER TIME: 5.082ms, DSLASHOFFD TIME: 82.453ms
GET NODE:0.001ms	PART1:4.465ms	PART2:65.314ms	CALCU TIME: 67.683ms, MSG TIME: 2.202ms, BARRIER TIME: 0.136ms, DSLASHOFFD TIME: 79.758ms
CG: 33 iter, rsd |r| = 0.000253426
GET NODE:0.001ms	PART1:4.993ms	PART2:65.613ms	CALCU TIME: 67.594ms, MSG TIME: 2.375ms, BARRIER TIME: 0.933ms, DSLASHOFFD TIME: 80.637ms
GET NODE:0.001ms	PART1:4.775ms	PART2:65.599ms	CALCU TIME: 67.857ms, MSG TIME: 2.117ms, BARRIER TIME: 0.148ms, DSLASHOFFD TIME: 79.759ms
GET NODE:0.002ms	PART1:7.684ms	PART2:45.238ms	CALCU TIME: 46.658ms, MSG TIME: 3.061ms, BARRIER TIME: 4.477ms, DSLASHOFFD TIME: 63.781ms
GET NODE:0.001ms	PART1:4.780ms	PART2:65.577ms	CALCU TIME: 67.861ms, MSG TIME: 2.077ms, BARRIER TIME: 0.019ms, DSLASHOFFD TIME: 80.526ms
CG: 34 iter, rsd |r| = 0.000150359
GET NODE:0.001ms	PART1:4.489ms	PART2:66.319ms	CALCU TIME: 68.315ms, MSG TIME: 2.238ms, BARRIER TIME: 0.618ms, DSLASHOFFD TIME: 81.529ms
GET NODE:0.001ms	PART1:4.558ms	PART2:65.270ms	CALCU TIME: 67.690ms, MSG TIME: 2.145ms, BARRIER TIME: 0.312ms, DSLASHOFFD TIME: 79.940ms
GET NODE:0.000ms	PART1:6.136ms	PART2:62.861ms	CALCU TIME: 64.654ms, MSG TIME: 2.800ms, BARRIER TIME: 8.321ms, DSLASHOFFD TIME: 84.608ms
GET NODE:0.000ms	PART1:4.651ms	PART2:65.688ms	CALCU TIME: 67.958ms, MSG TIME: 2.096ms, BARRIER TIME: 0.017ms, DSLASHOFFD TIME: 79.932ms
CG: 35 iter, rsd |r| = 8.89406e-05
GET NODE:0.001ms	PART1:7.682ms	PART2:52.907ms	CALCU TIME: 53.780ms, MSG TIME: 2.097ms, BARRIER TIME: 0.020ms, DSLASHOFFD TIME: 65.785ms
GET NODE:0.000ms	PART1:4.573ms	PART2:65.543ms	CALCU TIME: 67.984ms, MSG TIME: 1.885ms, BARRIER TIME: 0.276ms, DSLASHOFFD TIME: 80.369ms
GET NODE:0.001ms	PART1:6.404ms	PART2:61.960ms	CALCU TIME: 63.658ms, MSG TIME: 3.281ms, BARRIER TIME: 7.478ms, DSLASHOFFD TIME: 83.360ms
GET NODE:0.001ms	PART1:4.164ms	PART2:65.279ms	CALCU TIME: 67.501ms, MSG TIME: 2.414ms, BARRIER TIME: 0.029ms, DSLASHOFFD TIME: 79.728ms
CG: 36 iter, rsd |r| = 5.37543e-05
GET NODE:0.002ms	PART1:5.570ms	PART2:65.411ms	CALCU TIME: 67.156ms, MSG TIME: 2.674ms, BARRIER TIME: 0.694ms, DSLASHOFFD TIME: 79.839ms
GET NODE:0.000ms	PART1:4.741ms	PART2:65.569ms	CALCU TIME: 68.094ms, MSG TIME: 1.809ms, BARRIER TIME: 0.061ms, DSLASHOFFD TIME: 79.828ms
GET NODE:0.001ms	PART1:6.106ms	PART2:68.644ms	CALCU TIME: 69.985ms, MSG TIME: 2.295ms, BARRIER TIME: 3.584ms, DSLASHOFFD TIME: 84.146ms
GET NODE:0.000ms	PART1:4.571ms	PART2:65.726ms	CALCU TIME: 68.115ms, MSG TIME: 2.017ms, BARRIER TIME: 0.107ms, DSLASHOFFD TIME: 80.484ms
CG: 37 iter, rsd |r| = 3.15597e-05
GET NODE:0.001ms	PART1:4.863ms	PART2:65.578ms	CALCU TIME: 67.437ms, MSG TIME: 2.534ms, BARRIER TIME: 1.020ms, DSLASHOFFD TIME: 80.831ms
GET NODE:0.001ms	PART1:4.770ms	PART2:65.200ms	CALCU TIME: 67.748ms, MSG TIME: 2.060ms, BARRIER TIME: 0.298ms, DSLASHOFFD TIME: 79.765ms
GET NODE:0.002ms	PART1:6.817ms	PART2:61.120ms	CALCU TIME: 63.109ms, MSG TIME: 5.906ms, BARRIER TIME: 5.891ms, DSLASHOFFD TIME: 83.137ms
GET NODE:0.001ms	PART1:5.088ms	PART2:65.531ms	CALCU TIME: 67.680ms, MSG TIME: 2.331ms, BARRIER TIME: 0.019ms, DSLASHOFFD TIME: 79.929ms
CG: 38 iter, rsd |r| = 1.91468e-05
GET NODE:0.001ms	PART1:4.937ms	PART2:70.734ms	CALCU TIME: 71.545ms, MSG TIME: 1.505ms, BARRIER TIME: 0.015ms, DSLASHOFFD TIME: 81.873ms
GET NODE:0.000ms	PART1:4.110ms	PART2:65.397ms	CALCU TIME: 67.800ms, MSG TIME: 2.069ms, BARRIER TIME: 0.183ms, DSLASHOFFD TIME: 80.479ms
GET NODE:0.001ms	PART1:6.068ms	PART2:62.641ms	CALCU TIME: 64.399ms, MSG TIME: 3.033ms, BARRIER TIME: 8.539ms, DSLASHOFFD TIME: 84.363ms
GET NODE:0.000ms	PART1:4.568ms	PART2:65.776ms	CALCU TIME: 68.124ms, MSG TIME: 1.889ms, BARRIER TIME: 0.344ms, DSLASHOFFD TIME: 80.173ms
CG: 39 iter, rsd |r| = 1.1151e-05
GET NODE:0.000ms	PART1:4.884ms	PART2:65.811ms	CALCU TIME: 67.670ms, MSG TIME: 2.501ms, BARRIER TIME: 0.864ms, DSLASHOFFD TIME: 80.694ms
GET NODE:0.001ms	PART1:5.046ms	PART2:65.503ms	CALCU TIME: 67.774ms, MSG TIME: 2.198ms, BARRIER TIME: 0.017ms, DSLASHOFFD TIME: 79.771ms
GET NODE:0.001ms	PART1:6.698ms	PART2:62.073ms	CALCU TIME: 63.804ms, MSG TIME: 3.443ms, BARRIER TIME: 8.132ms, DSLASHOFFD TIME: 83.954ms
GET NODE:0.001ms	PART1:4.847ms	PART2:65.284ms	CALCU TIME: 67.575ms, MSG TIME: 2.342ms, BARRIER TIME: 0.453ms, DSLASHOFFD TIME: 79.978ms
CG: 40 iter, rsd |r| = 6.81566e-06
GET NODE:0.000ms	PART1:4.593ms	PART2:66.377ms	CALCU TIME: 68.331ms, MSG TIME: 2.650ms, BARRIER TIME: 0.631ms, DSLASHOFFD TIME: 81.741ms
GET NODE:0.001ms	PART1:4.783ms	PART2:65.616ms	CALCU TIME: 67.791ms, MSG TIME: 2.240ms, BARRIER TIME: 0.046ms, DSLASHOFFD TIME: 79.849ms
GET NODE:0.001ms	PART1:6.572ms	PART2:64.576ms	CALCU TIME: 66.354ms, MSG TIME: 2.673ms, BARRIER TIME: 4.798ms, DSLASHOFFD TIME: 81.751ms
GET NODE:0.001ms	PART1:4.828ms	PART2:65.488ms	CALCU TIME: 67.678ms, MSG TIME: 2.096ms, BARRIER TIME: 0.331ms, DSLASHOFFD TIME: 80.274ms
CG: 41 iter, rsd |r| = 3.97447e-06
GET NODE:0.001ms	PART1:5.093ms	PART2:73.106ms	CALCU TIME: 73.927ms, MSG TIME: 1.405ms, BARRIER TIME: 0.021ms, DSLASHOFFD TIME: 85.593ms
GET NODE:0.000ms	PART1:3.755ms	PART2:65.473ms	CALCU TIME: 68.130ms, MSG TIME: 1.883ms, BARRIER TIME: 0.528ms, DSLASHOFFD TIME: 80.892ms
GET NODE:0.001ms	PART1:5.767ms	PART2:64.702ms	CALCU TIME: 66.595ms, MSG TIME: 2.407ms, BARRIER TIME: 3.929ms, DSLASHOFFD TIME: 82.496ms
GET NODE:0.001ms	PART1:4.883ms	PART2:65.754ms	CALCU TIME: 68.043ms, MSG TIME: 1.849ms, BARRIER TIME: 0.018ms, DSLASHOFFD TIME: 79.849ms
CG: 42 iter, rsd |r| = 2.41677e-06
GET NODE:0.001ms	PART1:4.801ms	PART2:65.835ms	CALCU TIME: 67.852ms, MSG TIME: 2.279ms, BARRIER TIME: 0.778ms, DSLASHOFFD TIME: 80.628ms
GET NODE:0.001ms	PART1:7.764ms	PART2:65.859ms	CALCU TIME: 67.168ms, MSG TIME: 2.204ms, BARRIER TIME: 0.048ms, DSLASHOFFD TIME: 80.556ms
GET NODE:0.001ms	PART1:7.063ms	PART2:59.192ms	CALCU TIME: 60.838ms, MSG TIME: 5.076ms, BARRIER TIME: 8.592ms, DSLASHOFFD TIME: 83.250ms
GET NODE:0.001ms	PART1:31.993ms	PART2:70.317ms	CALCU TIME: 71.161ms, MSG TIME: 1.555ms, BARRIER TIME: 0.028ms, DSLASHOFFD TIME: 82.992ms
CG: 43 iter, rsd |r| = 1.41166e-06
GET NODE:0.001ms	PART1:5.565ms	PART2:66.360ms	CALCU TIME: 68.375ms, MSG TIME: 2.548ms, BARRIER TIME: 1.985ms, DSLASHOFFD TIME: 81.858ms
GET NODE:0.001ms	PART1:4.783ms	PART2:65.625ms	CALCU TIME: 67.827ms, MSG TIME: 2.057ms, BARRIER TIME: 0.024ms, DSLASHOFFD TIME: 79.744ms
GET NODE:0.001ms	PART1:6.372ms	PART2:62.290ms	CALCU TIME: 64.268ms, MSG TIME: 6.453ms, BARRIER TIME: 5.369ms, DSLASHOFFD TIME: 84.100ms
GET NODE:0.001ms	PART1:4.759ms	PART2:65.577ms	CALCU TIME: 67.760ms, MSG TIME: 2.054ms, BARRIER TIME: 0.016ms, DSLASHOFFD TIME: 79.673ms
CG: 44 iter, rsd |r| = 8.56794e-07
GET NODE:0.001ms	PART1:4.972ms	PART2:65.805ms	CALCU TIME: 67.636ms, MSG TIME: 2.457ms, BARRIER TIME: 0.786ms, DSLASHOFFD TIME: 81.071ms
GET NODE:0.001ms	PART1:6.652ms	PART2:49.887ms	CALCU TIME: 50.756ms, MSG TIME: 1.583ms, BARRIER TIME: 0.021ms, DSLASHOFFD TIME: 61.299ms
GET NODE:0.001ms	PART1:6.295ms	PART2:62.778ms	CALCU TIME: 64.541ms, MSG TIME: 3.288ms, BARRIER TIME: 6.815ms, DSLASHOFFD TIME: 83.458ms
GET NODE:0.001ms	PART1:4.829ms	PART2:65.530ms	CALCU TIME: 67.799ms, MSG TIME: 2.141ms, BARRIER TIME: 0.313ms, DSLASHOFFD TIME: 80.280ms
CG: 45 iter, rsd |r| = 5.05886e-07
GET NODE:0.001ms	PART1:5.071ms	PART2:65.227ms	CALCU TIME: 67.418ms, MSG TIME: 2.200ms, BARRIER TIME: 1.271ms, DSLASHOFFD TIME: 80.441ms
GET NODE:0.001ms	PART1:4.369ms	PART2:65.868ms	CALCU TIME: 68.112ms, MSG TIME: 2.031ms, BARRIER TIME: 3.757ms, DSLASHOFFD TIME: 83.754ms
GET NODE:0.002ms	PART1:7.229ms	PART2:60.800ms	CALCU TIME: 62.268ms, MSG TIME: 2.732ms, BARRIER TIME: 7.097ms, DSLASHOFFD TIME: 81.082ms
GET NODE:0.001ms	PART1:4.841ms	PART2:70.832ms	CALCU TIME: 71.695ms, MSG TIME: 1.311ms, BARRIER TIME: 0.024ms, DSLASHOFFD TIME: 82.492ms
CG: 46 iter, rsd |r| = 3.03565e-07
GET NODE:0.001ms	PART1:4.988ms	PART2:66.053ms	CALCU TIME: 68.070ms, MSG TIME: 2.377ms, BARRIER TIME: 0.910ms, DSLASHOFFD TIME: 80.963ms
GET NODE:0.001ms	PART1:4.883ms	PART2:65.347ms	CALCU TIME: 67.664ms, MSG TIME: 2.303ms, BARRIER TIME: 0.020ms, DSLASHOFFD TIME: 79.858ms
GET NODE:0.001ms	PART1:6.973ms	PART2:62.299ms	CALCU TIME: 64.154ms, MSG TIME: 3.521ms, BARRIER TIME: 6.318ms, DSLASHOFFD TIME: 82.277ms
GET NODE:0.001ms	PART1:4.903ms	PART2:65.431ms	CALCU TIME: 67.724ms, MSG TIME: 2.279ms, BARRIER TIME: 0.299ms, DSLASHOFFD TIME: 80.145ms
CG: 47 iter, rsd |r| = 1.80362e-07
GET NODE:0.001ms	PART1:5.296ms	PART2:66.033ms	CALCU TIME: 67.997ms, MSG TIME: 2.731ms, BARRIER TIME: 1.174ms, DSLASHOFFD TIME: 81.690ms
GET NODE:0.001ms	PART1:4.929ms	PART2:70.832ms	CALCU TIME: 71.656ms, MSG TIME: 1.286ms, BARRIER TIME: 0.020ms, DSLASHOFFD TIME: 82.474ms
GET NODE:0.001ms	PART1:7.051ms	PART2:61.272ms	CALCU TIME: 63.128ms, MSG TIME: 2.740ms, BARRIER TIME: 5.660ms, DSLASHOFFD TIME: 79.680ms
GET NODE:0.001ms	PART1:4.685ms	PART2:65.422ms	CALCU TIME: 67.605ms, MSG TIME: 2.470ms, BARRIER TIME: 0.022ms, DSLASHOFFD TIME: 80.003ms
CG: 48 iter, rsd |r| = 1.07336e-07
GET NODE:0.001ms	PART1:5.392ms	PART2:65.614ms	CALCU TIME: 67.496ms, MSG TIME: 2.488ms, BARRIER TIME: 0.522ms, DSLASHOFFD TIME: 80.029ms
GET NODE:0.000ms	PART1:4.887ms	PART2:65.681ms	CALCU TIME: 68.045ms, MSG TIME: 2.000ms, BARRIER TIME: 0.019ms, DSLASHOFFD TIME: 79.767ms
GET NODE:0.001ms	PART1:6.276ms	PART2:65.306ms	CALCU TIME: 67.124ms, MSG TIME: 2.716ms, BARRIER TIME: 5.387ms, DSLASHOFFD TIME: 82.876ms
GET NODE:0.001ms	PART1:4.709ms	PART2:65.034ms	CALCU TIME: 67.356ms, MSG TIME: 2.555ms, BARRIER TIME: 0.019ms, DSLASHOFFD TIME: 79.758ms
CG: 49 iter, rsd |r| = 6.45019e-08
GET NODE:0.001ms	PART1:4.994ms	PART2:66.262ms	CALCU TIME: 68.294ms, MSG TIME: 2.296ms, BARRIER TIME: 0.814ms, DSLASHOFFD TIME: 81.047ms
GET NODE:0.000ms	PART1:4.763ms	PART2:65.857ms	CALCU TIME: 68.113ms, MSG TIME: 1.789ms, BARRIER TIME: 0.022ms, DSLASHOFFD TIME: 79.993ms
GET NODE:0.001ms	PART1:6.620ms	PART2:62.022ms	CALCU TIME: 63.809ms, MSG TIME: 6.626ms, BARRIER TIME: 10.518ms, DSLASHOFFD TIME: 89.122ms
GET NODE:0.001ms	PART1:4.448ms	PART2:65.294ms	CALCU TIME: 67.748ms, MSG TIME: 1.962ms, BARRIER TIME: 0.213ms, DSLASHOFFD TIME: 79.835ms
CG: 50 iter, rsd |r| = 3.80419e-08
GET NODE:0.002ms	PART1:5.154ms	PART2:66.101ms	CALCU TIME: 68.191ms, MSG TIME: 2.316ms, BARRIER TIME: 0.828ms, DSLASHOFFD TIME: 80.803ms
GET NODE:0.001ms	PART1:4.784ms	PART2:71.640ms	CALCU TIME: 72.488ms, MSG TIME: 1.217ms, BARRIER TIME: 0.018ms, DSLASHOFFD TIME: 83.187ms
GET NODE:0.001ms	PART1:6.490ms	PART2:62.206ms	CALCU TIME: 64.051ms, MSG TIME: 2.420ms, BARRIER TIME: 9.037ms, DSLASHOFFD TIME: 83.359ms
GET NODE:0.001ms	PART1:4.814ms	PART2:65.463ms	CALCU TIME: 67.944ms, MSG TIME: 1.868ms, BARRIER TIME: 0.184ms, DSLASHOFFD TIME: 79.751ms
CG: 51 iter, rsd |r| = 2.29943e-08
GET NODE:0.001ms	PART1:4.577ms	PART2:66.658ms	CALCU TIME: 68.467ms, MSG TIME: 2.231ms, BARRIER TIME: 0.527ms, DSLASHOFFD TIME: 81.377ms
GET NODE:0.001ms	PART1:4.949ms	PART2:65.407ms	CALCU TIME: 67.901ms, MSG TIME: 2.025ms, BARRIER TIME: 0.017ms, DSLASHOFFD TIME: 79.742ms
GET NODE:0.001ms	PART1:7.129ms	PART2:61.458ms	CALCU TIME: 63.294ms, MSG TIME: 2.539ms, BARRIER TIME: 8.112ms, DSLASHOFFD TIME: 82.173ms
GET NODE:0.000ms	PART1:5.160ms	PART2:65.703ms	CALCU TIME: 68.004ms, MSG TIME: 2.105ms, BARRIER TIME: 0.018ms, DSLASHOFFD TIME: 79.934ms
CG: 52 iter, rsd |r| = 1.34872e-08
GET NODE:0.001ms	PART1:4.751ms	PART2:66.036ms	CALCU TIME: 68.005ms, MSG TIME: 2.319ms, BARRIER TIME: 0.895ms, DSLASHOFFD TIME: 80.940ms
GET NODE:0.000ms	PART1:4.957ms	PART2:65.675ms	CALCU TIME: 67.866ms, MSG TIME: 2.118ms, BARRIER TIME: 0.021ms, DSLASHOFFD TIME: 80.029ms
GET NODE:0.000ms	PART1:7.002ms	PART2:62.256ms	CALCU TIME: 64.060ms, MSG TIME: 3.009ms, BARRIER TIME: 6.625ms, DSLASHOFFD TIME: 81.670ms
GET NODE:0.001ms	PART1:4.711ms	PART2:65.663ms	CALCU TIME: 68.098ms, MSG TIME: 1.920ms, BARRIER TIME: 1.352ms, DSLASHOFFD TIME: 81.319ms
CG: 53 iter, rsd |r| = 8.19141e-09
GET NODE:0.002ms	PART1:5.640ms	PART2:65.668ms	CALCU TIME: 67.562ms, MSG TIME: 2.538ms, BARRIER TIME: 0.799ms, DSLASHOFFD TIME: 80.012ms
GET NODE:0.001ms	PART1:5.114ms	PART2:65.743ms	CALCU TIME: 68.081ms, MSG TIME: 1.953ms, BARRIER TIME: 0.020ms, DSLASHOFFD TIME: 79.957ms
GET NODE:0.002ms	PART1:7.811ms	PART2:47.369ms	CALCU TIME: 48.736ms, MSG TIME: 2.826ms, BARRIER TIME: 3.869ms, DSLASHOFFD TIME: 66.152ms
GET NODE:0.001ms	PART1:4.733ms	PART2:65.308ms	CALCU TIME: 67.607ms, MSG TIME: 2.329ms, BARRIER TIME: 1.871ms, DSLASHOFFD TIME: 82.294ms
CG: 54 iter, rsd |r| = 4.79898e-09
GET NODE:0.000ms	PART1:4.959ms	PART2:65.822ms	CALCU TIME: 67.680ms, MSG TIME: 2.251ms, BARRIER TIME: 0.548ms, DSLASHOFFD TIME: 80.171ms
GET NODE:0.000ms	PART1:4.657ms	PART2:65.373ms	CALCU TIME: 67.871ms, MSG TIME: 2.050ms, BARRIER TIME: 0.020ms, DSLASHOFFD TIME: 79.639ms
GET NODE:0.001ms	PART1:6.160ms	PART2:63.411ms	CALCU TIME: 65.304ms, MSG TIME: 2.336ms, BARRIER TIME: 7.738ms, DSLASHOFFD TIME: 84.334ms
GET NODE:0.001ms	PART1:4.779ms	PART2:65.517ms	CALCU TIME: 68.075ms, MSG TIME: 1.893ms, BARRIER TIME: 0.019ms, DSLASHOFFD TIME: 79.831ms
CG: 55 iter, rsd |r| = 2.91124e-09
GET NODE:0.001ms	PART1:5.205ms	PART2:66.113ms	CALCU TIME: 68.219ms, MSG TIME: 2.396ms, BARRIER TIME: 1.032ms, DSLASHOFFD TIME: 81.260ms
GET NODE:0.001ms	PART1:4.931ms	PART2:65.634ms	CALCU TIME: 67.952ms, MSG TIME: 2.121ms, BARRIER TIME: 0.018ms, DSLASHOFFD TIME: 79.928ms
GET NODE:0.001ms	PART1:6.754ms	PART2:62.912ms	CALCU TIME: 64.682ms, MSG TIME: 2.510ms, BARRIER TIME: 6.151ms, DSLASHOFFD TIME: 81.902ms
GET NODE:0.000ms	PART1:4.764ms	PART2:65.654ms	CALCU TIME: 67.911ms, MSG TIME: 1.998ms, BARRIER TIME: 1.855ms, DSLASHOFFD TIME: 81.667ms
CG: 56 iter, rsd |r| = 1.70809e-09
GET NODE:0.001ms	PART1:5.035ms	PART2:65.467ms	CALCU TIME: 67.490ms, MSG TIME: 2.700ms, BARRIER TIME: 1.215ms, DSLASHOFFD TIME: 81.583ms
GET NODE:0.001ms	PART1:4.732ms	PART2:65.372ms	CALCU TIME: 67.804ms, MSG TIME: 2.235ms, BARRIER TIME: 0.020ms, DSLASHOFFD TIME: 79.848ms
GET NODE:0.002ms	PART1:7.736ms	PART2:50.566ms	CALCU TIME: 51.879ms, MSG TIME: 2.746ms, BARRIER TIME: 2.617ms, DSLASHOFFD TIME: 66.708ms
GET NODE:0.001ms	PART1:4.427ms	PART2:65.641ms	CALCU TIME: 67.976ms, MSG TIME: 2.184ms, BARRIER TIME: 0.020ms, DSLASHOFFD TIME: 80.480ms
CG: 57 iter, rsd |r| = 1.03327e-09
GET NODE:0.002ms	PART1:4.727ms	PART2:66.290ms	CALCU TIME: 68.117ms, MSG TIME: 2.397ms, BARRIER TIME: 0.365ms, DSLASHOFFD TIME: 81.152ms
GET NODE:0.000ms	PART1:4.907ms	PART2:65.632ms	CALCU TIME: 67.939ms, MSG TIME: 1.984ms, BARRIER TIME: 0.021ms, DSLASHOFFD TIME: 79.787ms
GET NODE:0.001ms	PART1:7.352ms	PART2:61.656ms	CALCU TIME: 63.392ms, MSG TIME: 2.692ms, BARRIER TIME: 7.166ms, DSLASHOFFD TIME: 81.220ms
GET NODE:0.001ms	PART1:4.831ms	PART2:65.620ms	CALCU TIME: 67.996ms, MSG TIME: 2.031ms, BARRIER TIME: 0.017ms, DSLASHOFFD TIME: 80.136ms
CG: 58 iterations, convergence residual |r| = 6.10088e-10
GET NODE:0.001ms	PART1:8.016ms	PART2:53.023ms	CALCU TIME: 53.893ms, MSG TIME: 2.129ms, BARRIER TIME: 0.024ms, DSLASHOFFD TIME: 65.817ms
Source and Gauge, time: 6.15741
CG invert, time: 39.8179
Total time: 45.9753
Result checking ...
 [ Accuracy = 1e-09 ]
GET NODE:0.000ms	PART1:4.478ms	PART2:69.940ms	CALCU TIME: 70.817ms, MSG TIME: 1.324ms, BARRIER TIME: 0.010ms, DSLASHOFFD TIME: 82.538ms
GET NODE:0.000ms	PART1:4.316ms	PART2:66.489ms	CALCU TIME: 68.189ms, MSG TIME: 1.997ms, BARRIER TIME: 0.026ms, DSLASHOFFD TIME: 80.704ms
GET NODE:0.000ms	PART1:4.940ms	PART2:66.104ms	CALCU TIME: 68.114ms, MSG TIME: 1.850ms, BARRIER TIME: 0.018ms, DSLASHOFFD TIME: 79.567ms
GET NODE:0.001ms	PART1:4.467ms	PART2:66.220ms	CALCU TIME: 68.309ms, MSG TIME: 1.721ms, BARRIER TIME: 0.634ms, DSLASHOFFD TIME: 80.184ms
GET NODE:0.000ms	PART1:4.603ms	PART2:66.431ms	CALCU TIME: 68.224ms, MSG TIME: 1.778ms, BARRIER TIME: 0.018ms, DSLASHOFFD TIME: 79.609ms
GET NODE:0.000ms	PART1:4.411ms	PART2:73.437ms	CALCU TIME: 74.231ms, MSG TIME: 1.293ms, BARRIER TIME: 0.021ms, DSLASHOFFD TIME: 84.957ms
GET NODE:0.000ms	PART1:4.483ms	PART2:68.977ms	CALCU TIME: 69.843ms, MSG TIME: 1.376ms, BARRIER TIME: 0.022ms, DSLASHOFFD TIME: 81.593ms
GET NODE:0.001ms	PART1:4.093ms	PART2:65.964ms	CALCU TIME: 68.342ms, MSG TIME: 1.713ms, BARRIER TIME: 0.019ms, DSLASHOFFD TIME: 80.669ms
GET NODE:0.001ms	PART1:6.851ms	PART2:64.576ms	CALCU TIME: 66.162ms, MSG TIME: 1.965ms, BARRIER TIME: 0.058ms, DSLASHOFFD TIME: 74.499ms
GET NODE:0.001ms	PART1:4.671ms	PART2:69.847ms	CALCU TIME: 70.645ms, MSG TIME: 1.464ms, BARRIER TIME: 0.020ms, DSLASHOFFD TIME: 81.629ms
GET NODE:0.000ms	PART1:5.139ms	PART2:67.177ms	CALCU TIME: 68.373ms, MSG TIME: 2.044ms, BARRIER TIME: 0.573ms, DSLASHOFFD TIME: 81.668ms
GET NODE:0.001ms	PART1:4.591ms	PART2:66.162ms	CALCU TIME: 68.064ms, MSG TIME: 1.963ms, BARRIER TIME: 0.071ms, DSLASHOFFD TIME: 80.142ms
===================================
|b| = 9216.07    |x| = 2667.05
(Mb, Mb) = (1.70139e+09,5.67812e-12)    (b, MMb) = (1.70139e+09,-5.05952e-09)
(Mx, Mx) = (8.4936e+07,-2.25058e-13)    (x, MMx) = (8.4936e+07,-1.40062e-10)
|M x -b| = 2.0974e-10
|M^dagger M x - Mdb| = 1.03914e-09
===================================
