
mid Time 1 taken is 1.106496 core
mid Time 1 taken is 0.045426 maxlab
mid Time 1 taken is 0.000006 sigmalbeforetime
mid Time 1 taken is 0.057942 sigma
mid Time 1 taken is 0.000001 inv
mid Time 1 taken is 0.000003 kseed
mid Time 2 taken is 0.803207 core
mid Time 2 taken is 0.045393 maxlab
mid Time 2 taken is 0.000002 sigmalbeforetime
mid Time 2 taken is 0.050613 sigma
mid Time 2 taken is 0.000000 inv
mid Time 2 taken is 0.000003 kseed
mid Time 3 taken is 0.798013 core
mid Time 3 taken is 0.045356 maxlab
mid Time 3 taken is 0.000001 sigmalbeforetime
mid Time 3 taken is 0.057634 sigma
mid Time 3 taken is 0.000001 inv
mid Time 3 taken is 0.000003 kseed
mid Time 4 taken is 0.654153 core
mid Time 4 taken is 0.047687 maxlab
mid Time 4 taken is 0.000002 sigmalbeforetime
mid Time 4 taken is 0.108196 sigma
mid Time 4 taken is 0.000000 inv
mid Time 4 taken is 0.000004 kseed
mid Time 5 taken is 0.862056 core
mid Time 5 taken is 0.074301 maxlab
mid Time 5 taken is 0.000002 sigmalbeforetime
mid Time 5 taken is 0.048545 sigma
mid Time 5 taken is 0.000001 inv
mid Time 5 taken is 0.000003 kseed
mid Time 6 taken is 0.567135 core
mid Time 6 taken is 0.038544 maxlab
mid Time 6 taken is 0.000001 sigmalbeforetime
mid Time 6 taken is 0.047954 sigma
mid Time 6 taken is 0.000000 inv
mid Time 6 taken is 0.000004 kseed
mid Time 7 taken is 0.688519 core
mid Time 7 taken is 0.041798 maxlab
mid Time 7 taken is 0.000002 sigmalbeforetime
mid Time 7 taken is 0.063148 sigma
mid Time 7 taken is 0.000000 inv
mid Time 7 taken is 0.000004 kseed
mid Time 8 taken is 0.566872 core
mid Time 8 taken is 0.036170 maxlab
mid Time 8 taken is 0.000001 sigmalbeforetime
mid Time 8 taken is 0.047666 sigma
mid Time 8 taken is 0.000001 inv
mid Time 8 taken is 0.000004 kseed
mid Time 9 taken is 0.595384 core
mid Time 9 taken is 0.036126 maxlab
mid Time 9 taken is 0.000002 sigmalbeforetime
mid Time 9 taken is 0.047466 sigma
mid Time 9 taken is 0.000001 inv
mid Time 9 taken is 0.000003 kseed
mid Time 10 taken is 0.687861 core
mid Time 10 taken is 0.036175 maxlab
mid Time 10 taken is 0.000001 sigmalbeforetime
mid Time 10 taken is 0.047370 sigma
mid Time 10 taken is 0.000001 inv
mid Time 10 taken is 0.000003 kseed
Time taken is 0.441201
Time taken is 0.988546 0.547345 DetectLabEdges
Time taken is 0.988672 0.000126 GetLABXYSeeds_ForGivenK
Time taken is 0.988673 0.000001 PerformSuperpixelSegmentation_VariableSandM 31
Time taken is 0.988673 0.000000 PerformSuperpixelSegmentation_VariableSandM 32
Time taken is 0.988680 0.000007 PerformSuperpixelSegmentation_VariableSandM 33
Time taken is 2.151346 1.162666 PerformSuperpixelSegmentation_VariableSandM
Time taken is 10.643608 8.492262 PerformSuperpixelSegmentation_VariableSandM 循环
Time taken is 13.439046 2.795438 EnforceLabelConnectivityComputing time=13439 ms
There are 0 points' labels are different from original file.
