
mid Time 1 taken is 1.203283 core
mid Time 1 taken is 0.031337 maxlab
mid Time 1 taken is 0.000019 sigmalbeforetime
mid Time 1 taken is 0.143975 sigma
mid Time 1 taken is 0.000014 inv
mid Time 1 taken is 0.000018 kseed
mid Time 2 taken is 1.090555 core
mid Time 2 taken is 0.030946 maxlab
mid Time 2 taken is 0.000006 sigmalbeforetime
mid Time 2 taken is 0.162976 sigma
mid Time 2 taken is 0.000017 inv
mid Time 2 taken is 0.000018 kseed
mid Time 3 taken is 1.126874 core
mid Time 3 taken is 0.030153 maxlab
mid Time 3 taken is 0.000005 sigmalbeforetime
mid Time 3 taken is 0.159696 sigma
mid Time 3 taken is 0.000006 inv
mid Time 3 taken is 0.000023 kseed
mid Time 4 taken is 1.238224 core
mid Time 4 taken is 0.063109 maxlab
mid Time 4 taken is 0.000005 sigmalbeforetime
mid Time 4 taken is 0.086476 sigma
mid Time 4 taken is 0.000005 inv
mid Time 4 taken is 0.000018 kseed
mid Time 5 taken is 0.872108 core
mid Time 5 taken is 0.037564 maxlab
mid Time 5 taken is 0.000005 sigmalbeforetime
mid Time 5 taken is 0.084919 sigma
mid Time 5 taken is 0.000005 inv
mid Time 5 taken is 0.000018 kseed
mid Time 6 taken is 1.205717 core
mid Time 6 taken is 0.079645 maxlab
mid Time 6 taken is 0.000023 sigmalbeforetime
mid Time 6 taken is 0.087537 sigma
mid Time 6 taken is 0.000005 inv
mid Time 6 taken is 0.000019 kseed
mid Time 7 taken is 1.422365 core
mid Time 7 taken is 0.083802 maxlab
mid Time 7 taken is 0.000011 sigmalbeforetime
mid Time 7 taken is 0.089866 sigma
mid Time 7 taken is 0.000005 inv
mid Time 7 taken is 0.000018 kseed
mid Time 8 taken is 1.018774 core
mid Time 8 taken is 0.021545 maxlab
mid Time 8 taken is 0.000005 sigmalbeforetime
mid Time 8 taken is 0.112409 sigma
mid Time 8 taken is 0.000004 inv
mid Time 8 taken is 0.000017 kseed
mid Time 9 taken is 1.003743 core
mid Time 9 taken is 0.021498 maxlab
mid Time 9 taken is 0.000004 sigmalbeforetime
mid Time 9 taken is 0.084906 sigma
mid Time 9 taken is 0.000005 inv
mid Time 9 taken is 0.000018 kseed
mid Time 10 taken is 0.862482 core
mid Time 10 taken is 0.021495 maxlab
mid Time 10 taken is 0.000006 sigmalbeforetime
mid Time 10 taken is 0.087938 sigma
mid Time 10 taken is 0.000005 inv
mid Time 10 taken is 0.000023 kseed
Time taken is 0.890358
Time taken is 1.601954 0.711596 DetectLabEdges
Time taken is 1.602283 0.000329 GetLABXYSeeds_ForGivenK
Time taken is 1.602283 0.000000 PerformSuperpixelSegmentation_VariableSandM 31
Time taken is 1.602283 0.000000 PerformSuperpixelSegmentation_VariableSandM 32
Time taken is 1.602305 0.000021 PerformSuperpixelSegmentation_VariableSandM 33
Time taken is 3.206990 1.604685 PerformSuperpixelSegmentation_VariableSandM
Time taken is 15.887589 12.680599 PerformSuperpixelSegmentation_VariableSandM 循环
Time taken is 21.597628 5.710039 EnforceLabelConnectivityComputing time=21597 ms
There are 0 points' labels are different from original file.
