
mid Time 1 taken is 1.232455 core
mid Time 1 taken is 0.062469 maxlab
mid Time 1 taken is 0.000031 sigmalbeforetime
mid Time 1 taken is 0.129105 sigma
mid Time 1 taken is 0.000008 inv
mid Time 1 taken is 0.000033 kseed
mid Time 2 taken is 1.075602 core
mid Time 2 taken is 0.057645 maxlab
mid Time 2 taken is 0.000006 sigmalbeforetime
mid Time 2 taken is 0.116454 sigma
mid Time 2 taken is 0.000004 inv
mid Time 2 taken is 0.000019 kseed
mid Time 3 taken is 1.133444 core
mid Time 3 taken is 0.045665 maxlab
mid Time 3 taken is 0.000005 sigmalbeforetime
mid Time 3 taken is 0.112308 sigma
mid Time 3 taken is 0.000018 inv
mid Time 3 taken is 0.000019 kseed
mid Time 4 taken is 1.143160 core
mid Time 4 taken is 0.071036 maxlab
mid Time 4 taken is 0.000011 sigmalbeforetime
mid Time 4 taken is 0.106886 sigma
mid Time 4 taken is 0.000003 inv
mid Time 4 taken is 0.000015 kseed
mid Time 5 taken is 1.214226 core
mid Time 5 taken is 0.037683 maxlab
mid Time 5 taken is 0.000005 sigmalbeforetime
mid Time 5 taken is 0.088916 sigma
mid Time 5 taken is 0.000005 inv
mid Time 5 taken is 0.000018 kseed
mid Time 6 taken is 0.900796 core
mid Time 6 taken is 0.042011 maxlab
mid Time 6 taken is 0.000006 sigmalbeforetime
mid Time 6 taken is 0.111376 sigma
mid Time 6 taken is 0.000005 inv
mid Time 6 taken is 0.000018 kseed
mid Time 7 taken is 1.328476 core
mid Time 7 taken is 0.111036 maxlab
mid Time 7 taken is 0.000012 sigmalbeforetime
mid Time 7 taken is 0.114813 sigma
mid Time 7 taken is 0.000005 inv
mid Time 7 taken is 0.000029 kseed
mid Time 8 taken is 1.490714 core
mid Time 8 taken is 0.028910 maxlab
mid Time 8 taken is 0.000005 sigmalbeforetime
mid Time 8 taken is 0.118260 sigma
mid Time 8 taken is 0.000005 inv
mid Time 8 taken is 0.000018 kseed
mid Time 9 taken is 0.960399 core
mid Time 9 taken is 0.020483 maxlab
mid Time 9 taken is 0.000004 sigmalbeforetime
mid Time 9 taken is 0.116557 sigma
mid Time 9 taken is 0.000005 inv
mid Time 9 taken is 0.000034 kseed
mid Time 10 taken is 0.887113 core
mid Time 10 taken is 0.020488 maxlab
mid Time 10 taken is 0.000005 sigmalbeforetime
mid Time 10 taken is 0.090449 sigma
mid Time 10 taken is 0.000003 inv
mid Time 10 taken is 0.000015 kseed
Time taken is 0.844340
Time taken is 1.493784 0.649444 DetectLabEdges
Time taken is 1.494069 0.000285 GetLABXYSeeds_ForGivenK
Time taken is 1.494069 0.000000 PerformSuperpixelSegmentation_VariableSandM 31
Time taken is 1.494069 0.000000 PerformSuperpixelSegmentation_VariableSandM 32
Time taken is 1.494100 0.000031 PerformSuperpixelSegmentation_VariableSandM 33
Time taken is 3.111316 1.617216 PerformSuperpixelSegmentation_VariableSandM
Time taken is 16.189904 13.078587 PerformSuperpixelSegmentation_VariableSandM 循环
Time taken is 16.189928 0.000024 EnforceLabelConnectivity	numlable
Time taken is 16.226976 0.037049 EnforceLabelConnectivity	xvec yvec
Time taken is 28.688257 12.461281 EnforceLabelConnectivity iteration
Time taken is 28.787270 0.099013 EnforceLabelConnectivity klabelsComputing time=28787 ms
There are 0 points' labels are different from original file.
