
mid Time 1 taken is 1.152322 core
mid Time 1 taken is 0.030210 maxlab
mid Time 1 taken is 0.000007 sigmalbeforetime
mid Time 1 taken is 0.056094 sigma
mid Time 1 taken is 0.000000 inv
mid Time 1 taken is 0.000004 kseed
mid Time 2 taken is 0.766560 core
mid Time 2 taken is 0.029989 maxlab
mid Time 2 taken is 0.000001 sigmalbeforetime
mid Time 2 taken is 0.051175 sigma
mid Time 2 taken is 0.000001 inv
mid Time 2 taken is 0.000003 kseed
mid Time 3 taken is 0.746809 core
mid Time 3 taken is 0.029978 maxlab
mid Time 3 taken is 0.000002 sigmalbeforetime
mid Time 3 taken is 0.056013 sigma
mid Time 3 taken is 0.000001 inv
mid Time 3 taken is 0.000004 kseed
mid Time 4 taken is 0.616123 core
mid Time 4 taken is 0.030110 maxlab
mid Time 4 taken is 0.000003 sigmalbeforetime
mid Time 4 taken is 0.056395 sigma
mid Time 4 taken is 0.000001 inv
mid Time 4 taken is 0.000004 kseed
mid Time 5 taken is 0.564671 core
mid Time 5 taken is 0.030082 maxlab
mid Time 5 taken is 0.000003 sigmalbeforetime
mid Time 5 taken is 0.049177 sigma
mid Time 5 taken is 0.000000 inv
mid Time 5 taken is 0.000004 kseed
mid Time 6 taken is 0.772467 core
mid Time 6 taken is 0.030016 maxlab
mid Time 6 taken is 0.000002 sigmalbeforetime
mid Time 6 taken is 0.050350 sigma
mid Time 6 taken is 0.000000 inv
mid Time 6 taken is 0.000004 kseed
mid Time 7 taken is 0.673755 core
mid Time 7 taken is 0.067217 maxlab
mid Time 7 taken is 0.000002 sigmalbeforetime
mid Time 7 taken is 0.046888 sigma
mid Time 7 taken is 0.000001 inv
mid Time 7 taken is 0.000004 kseed
mid Time 8 taken is 0.689365 core
mid Time 8 taken is 0.071513 maxlab
mid Time 8 taken is 0.000002 sigmalbeforetime
mid Time 8 taken is 0.047552 sigma
mid Time 8 taken is 0.000000 inv
mid Time 8 taken is 0.000003 kseed
mid Time 9 taken is 0.654226 core
mid Time 9 taken is 0.036617 maxlab
mid Time 9 taken is 0.000002 sigmalbeforetime
mid Time 9 taken is 0.052880 sigma
mid Time 9 taken is 0.000000 inv
mid Time 9 taken is 0.000003 kseed
mid Time 10 taken is 0.629907 core
mid Time 10 taken is 0.036618 maxlab
mid Time 10 taken is 0.000002 sigmalbeforetime
mid Time 10 taken is 0.046675 sigma
mid Time 10 taken is 0.000000 inv
mid Time 10 taken is 0.000004 kseed
Time taken is 0.433813
Time taken is 0.956956 0.523143 DetectLabEdges
Time taken is 0.957094 0.000138 GetLABXYSeeds_ForGivenK
Time taken is 0.957095 0.000001 PerformSuperpixelSegmentation_VariableSandM 31
Time taken is 0.957095 0.000000 PerformSuperpixelSegmentation_VariableSandM 32
Time taken is 0.957107 0.000012 PerformSuperpixelSegmentation_VariableSandM 33
Time taken is 2.122712 1.165605 PerformSuperpixelSegmentation_VariableSandM
Time taken is 10.443438 8.320726 PerformSuperpixelSegmentation_VariableSandM 循环
Time taken is 13.212949 2.769511 EnforceLabelConnectivityComputing time=13212 ms
There are 0 points' labels are different from original file.
